2026-05-26 23:53:19.044 +00:00 [INF] Starting Intersect Server v0.8.0.545-beta+cbc0cf74f8509896dccc5ead8febbfb9f398c715
2026-05-26 23:53:20.258 +00:00 [INF] Creating game context using SQLite...
2026-05-26 23:53:22.639 +00:00 [INF] Creating player context using SQLite...
2026-05-26 23:53:23.357 +00:00 [INF] Creating logging context using SQLite...
2026-05-26 23:53:25.974 +00:00 [WRN] Finished validating map events on all maps, there were 0 missing events and 0 corrected events
2026-05-26 23:53:27.030 +00:00 [INF] Discovered service type: Intersect.Plugins.PluginService
2026-05-26 23:53:27.033 +00:00 [INF] Discovered service type: Intersect.Server.Core.LogicService
2026-05-26 23:53:27.041 +00:00 [INF] Discovered service type: Intersect.Server.Web.ApiService
2026-05-26 23:53:27.338 +00:00 [INF] Discovered service type: Intersect.Server.Core.ConsoleService
2026-05-26 23:53:29.072 +00:00 [WRN] Directory was specified as a plugin directory but does not exist: 'resources\plugins'
2026-05-26 23:53:29.075 +00:00 [INF] Discovered 0 plugins:

2026-05-26 23:53:31.158 +00:00 [INF] InvalidPortCheckerResponse
2026-05-26 23:53:31.172 +00:00 [INF] Port 5400 is not open, trying UPnP...
2026-05-26 23:53:36.240 +00:00 [ERR] UPnP Service Initialization Failed. You might not have a router, or UPnP on your router might be disabled.
Open.Nat.NatDeviceNotFoundException: Exception of type 'Open.Nat.NatDeviceNotFoundException' was thrown.
   at Open.Nat.NatDiscoverer.DiscoverDeviceAsync(PortMapper portMapper, CancellationTokenSource cancellationTokenSource)
   at Intersect.Server.Networking.Helpers.UpnP.ConnectNatDevice() in D:\a\Intersect-Engine\Intersect-Engine\Intersect.Server\Networking\Helpers\UPnP.cs:line 26
2026-05-26 23:53:36.256 +00:00 [WRN] UPnP failed. Please verify the server status manually using a client.
2026-05-26 23:53:36.396 +00:00 [INF] Unpacking appsettings...
2026-05-26 23:53:36.754 +00:00 [INF] Launching Intersect REST API in 'Production' mode...
2026-05-26 23:56:19.195 +00:00 [INF] Connection approved [177cc0a8-50e6-4662-ab28-d6e4dca3fcaf].
2026-05-26 23:56:19.199 +00:00 [INF] Connected [177cc0a8-50e6-4662-ab28-d6e4dca3fcaf].
2026-05-26 23:58:12.034 +00:00 [INF] [Player.CompleteLogout] Done saving Boss (hard logout, 076db5db-d0bb-4359-b2e4-57a19592ade8)
2026-05-26 23:58:12.120 +00:00 [INF] Disconnected [177cc0a8-50e6-4662-ab28-d6e4dca3fcaf].
2026-05-26 23:58:14.474 +00:00 [INF] Connection approved [a2b33c8c-d5f8-4d68-a734-0d8f1ba19131].
2026-05-26 23:58:14.476 +00:00 [INF] Connected [a2b33c8c-d5f8-4d68-a734-0d8f1ba19131].
2026-05-26 23:58:47.041 +00:00 [INF] [Player.CompleteLogout] Done saving Boss (soft logout, bec7bcae-ada3-4518-82cf-27c98b749db8)
2026-05-26 23:59:10.814 +00:00 [INF] Disconnected [a2b33c8c-d5f8-4d68-a734-0d8f1ba19131].
