2025-05-18 00:33:58.398 -05:00 [INF] Starting Intersect Server v0.8.0.545-beta+cbc0cf74f8509896dccc5ead8febbfb9f398c715
2025-05-18 00:33:58.786 -05:00 [INF] Creating game context using SQLite...
2025-05-18 00:34:00.501 -05:00 [INF] Creating player context using SQLite...
2025-05-18 00:34:01.184 -05:00 [INF] Creating logging context using SQLite...
2025-05-18 00:34:03.561 -05:00 [WRN] Finished validating map events on all maps, there were 0 missing events and 0 corrected events
2025-05-18 00:34:04.478 -05:00 [INF] Discovered service type: Intersect.Plugins.PluginService
2025-05-18 00:34:04.484 -05:00 [INF] Discovered service type: Intersect.Server.Core.LogicService
2025-05-18 00:34:04.488 -05:00 [INF] Discovered service type: Intersect.Server.Web.ApiService
2025-05-18 00:34:04.568 -05:00 [INF] Discovered service type: Intersect.Server.Core.ConsoleService
2025-05-18 00:34:04.621 -05:00 [WRN] Directory was specified as a plugin directory but does not exist: 'resources\plugins'
2025-05-18 00:34:04.623 -05:00 [INF] Discovered 0 plugins:

2025-05-18 00:34:06.319 -05:00 [INF] InvalidPortCheckerResponse
2025-05-18 00:34:06.329 -05:00 [INF] Port 5400 is not open, trying UPnP...
2025-05-18 00:34:11.341 -05:00 [ERR] UPnP Service Initialization Failed. You might not have a router, or UPnP on your router might be disabled.
Open.Nat.NatDeviceNotFoundException: Exception of type 'Open.Nat.NatDeviceNotFoundException' was thrown.
   at Open.Nat.NatDiscoverer.DiscoverDeviceAsync(PortMapper portMapper, CancellationTokenSource cancellationTokenSource)
   at Intersect.Server.Networking.Helpers.UpnP.ConnectNatDevice() in D:\a\Intersect-Engine\Intersect-Engine\Intersect.Server\Networking\Helpers\UPnP.cs:line 26
2025-05-18 00:34:11.364 -05:00 [WRN] UPnP failed. Please verify the server status manually using a client.
2025-05-18 00:34:11.464 -05:00 [INF] Unpacking appsettings...
2025-05-18 00:34:11.702 -05:00 [INF] Launching Intersect REST API in 'Production' mode...
2025-05-18 00:34:27.661 -05:00 [INF] Connection approved [b6f84c52-a5bc-4133-91bb-2d928a6b48c0].
2025-05-18 00:34:27.663 -05:00 [INF] Connected [b6f84c52-a5bc-4133-91bb-2d928a6b48c0].
2025-05-18 00:34:42.078 -05:00 [INF] Disconnected [b6f84c52-a5bc-4133-91bb-2d928a6b48c0].
