2026-06-07 11:43:50.119 -05:00 [INF] Starting Intersect Server v0.8.0.545-beta+cbc0cf74f8509896dccc5ead8febbfb9f398c715
2026-06-07 11:43:50.620 -05:00 [INF] Creating game context using SQLite...
2026-06-07 11:43:52.485 -05:00 [INF] Creating player context using SQLite...
2026-06-07 11:43:52.961 -05:00 [INF] Creating logging context using SQLite...
2026-06-07 11:43:55.432 -05:00 [WRN] Finished validating map events on all maps, there were 0 missing events and 0 corrected events
2026-06-07 11:43:56.204 -05:00 [INF] Discovered service type: Intersect.Plugins.PluginService
2026-06-07 11:43:56.208 -05:00 [INF] Discovered service type: Intersect.Server.Core.LogicService
2026-06-07 11:43:56.210 -05:00 [INF] Discovered service type: Intersect.Server.Web.ApiService
2026-06-07 11:43:56.250 -05:00 [INF] Discovered service type: Intersect.Server.Core.ConsoleService
2026-06-07 11:43:56.280 -05:00 [WRN] Directory was specified as a plugin directory but does not exist: 'resources\plugins'
2026-06-07 11:43:56.282 -05:00 [INF] Discovered 0 plugins:

2026-06-07 11:43:57.909 -05:00 [INF] InvalidPortCheckerResponse
2026-06-07 11:43:57.926 -05:00 [INF] Port 5400 is not open, trying UPnP...
2026-06-07 11:44:02.951 -05:00 [ERR] UPnP Service Initialization Failed. You might not have a router, or UPnP on your router might be disabled.
Open.Nat.NatDeviceNotFoundException: Exception of type 'Open.Nat.NatDeviceNotFoundException' was thrown.
   at Open.Nat.NatDiscoverer.DiscoverDeviceAsync(PortMapper portMapper, CancellationTokenSource cancellationTokenSource)
   at Intersect.Server.Networking.Helpers.UpnP.ConnectNatDevice() in D:\a\Intersect-Engine\Intersect-Engine\Intersect.Server\Networking\Helpers\UPnP.cs:line 26
2026-06-07 11:44:02.967 -05:00 [WRN] UPnP failed. Please verify the server status manually using a client.
2026-06-07 11:44:03.046 -05:00 [INF] Unpacking appsettings...
2026-06-07 11:44:03.261 -05:00 [INF] Launching Intersect REST API in 'Production' mode...
2026-06-07 11:44:28.763 -05:00 [INF] Connection approved [05fd5cbb-3e38-40e5-ae8e-d81587b46069].
2026-06-07 11:44:28.765 -05:00 [INF] Connected [05fd5cbb-3e38-40e5-ae8e-d81587b46069].
2026-06-07 13:18:19.371 -05:00 [INF] Disconnected [05fd5cbb-3e38-40e5-ae8e-d81587b46069].
