2026-06-01 20:10:58.478 -04:00 [INF] Starting Intersect Server v0.8.0.545-beta+cbc0cf74f8509896dccc5ead8febbfb9f398c715
2026-06-01 20:10:59.025 -04:00 [INF] Creating game context using SQLite...
2026-06-01 20:11:00.635 -04:00 [INF] Creating player context using SQLite...
2026-06-01 20:11:01.211 -04:00 [INF] Creating logging context using SQLite...
2026-06-01 20:11:02.989 -04:00 [WRN] Finished validating map events on all maps, there were 0 missing events and 0 corrected events
2026-06-01 20:11:03.691 -04:00 [INF] Discovered service type: Intersect.Plugins.PluginService
2026-06-01 20:11:03.699 -04:00 [INF] Discovered service type: Intersect.Server.Core.LogicService
2026-06-01 20:11:03.703 -04:00 [INF] Discovered service type: Intersect.Server.Web.ApiService
2026-06-01 20:11:03.757 -04:00 [INF] Discovered service type: Intersect.Server.Core.ConsoleService
2026-06-01 20:11:03.788 -04:00 [WRN] Directory was specified as a plugin directory but does not exist: 'resources\plugins'
2026-06-01 20:11:03.791 -04:00 [INF] Discovered 0 plugins:

2026-06-01 20:11:05.599 -04:00 [INF] InvalidPortCheckerResponse
2026-06-01 20:11:05.609 -04:00 [INF] Port 5400 is not open, trying UPnP...
2026-06-01 20:11:10.620 -04:00 [ERR] UPnP Service Initialization Failed. You might not have a router, or UPnP on your router might be disabled.
Open.Nat.NatDeviceNotFoundException: Exception of type 'Open.Nat.NatDeviceNotFoundException' was thrown.
   at Open.Nat.NatDiscoverer.DiscoverDeviceAsync(PortMapper portMapper, CancellationTokenSource cancellationTokenSource)
   at Intersect.Server.Networking.Helpers.UpnP.ConnectNatDevice() in D:\a\Intersect-Engine\Intersect-Engine\Intersect.Server\Networking\Helpers\UPnP.cs:line 26
2026-06-01 20:11:10.637 -04:00 [WRN] UPnP failed. Please verify the server status manually using a client.
2026-06-01 20:11:10.718 -04:00 [INF] Unpacking appsettings...
2026-06-01 20:11:10.939 -04:00 [INF] Launching Intersect REST API in 'Production' mode...
2026-06-01 20:11:18.637 -04:00 [INF] Connection approved [046d52a0-24da-4a2d-8050-500919568f8e].
2026-06-01 20:11:18.639 -04:00 [INF] Connected [046d52a0-24da-4a2d-8050-500919568f8e].
2026-06-01 20:11:59.456 -04:00 [INF] Disconnected [046d52a0-24da-4a2d-8050-500919568f8e].
2026-06-01 20:11:59.504 -04:00 [INF] [Player.CompleteLogout] Done saving Boss (hard logout, 8b3fc63e-6177-49a7-a9ee-49fdb7919a17)
