2026-06-02 18:54:03.610 -04:00 [INF] Starting Intersect Server v0.8.0.545-beta+cbc0cf74f8509896dccc5ead8febbfb9f398c715
2026-06-02 18:54:04.179 -04:00 [INF] Creating game context using SQLite...
2026-06-02 18:54:05.781 -04:00 [INF] Creating player context using SQLite...
2026-06-02 18:54:06.253 -04:00 [INF] Creating logging context using SQLite...
2026-06-02 18:54:07.690 -04:00 [WRN] Finished validating map events on all maps, there were 0 missing events and 0 corrected events
2026-06-02 18:54:08.326 -04:00 [INF] Discovered service type: Intersect.Plugins.PluginService
2026-06-02 18:54:08.331 -04:00 [INF] Discovered service type: Intersect.Server.Core.LogicService
2026-06-02 18:54:08.334 -04:00 [INF] Discovered service type: Intersect.Server.Web.ApiService
2026-06-02 18:54:08.386 -04:00 [INF] Discovered service type: Intersect.Server.Core.ConsoleService
2026-06-02 18:54:08.424 -04:00 [WRN] Directory was specified as a plugin directory but does not exist: 'resources\plugins'
2026-06-02 18:54:08.426 -04:00 [INF] Discovered 0 plugins:

2026-06-02 18:54:10.186 -04:00 [INF] InvalidPortCheckerResponse
2026-06-02 18:54:10.203 -04:00 [INF] Port 5400 is not open, trying UPnP...
2026-06-02 18:54:11.701 -04:00 [INF] Connection approved [882f226f-c4ce-429e-b316-ae0d04ec729b].
2026-06-02 18:54:11.703 -04:00 [INF] Connected [882f226f-c4ce-429e-b316-ae0d04ec729b].
2026-06-02 18:54:15.221 -04:00 [ERR] UPnP Service Initialization Failed. You might not have a router, or UPnP on your router might be disabled.
Open.Nat.NatDeviceNotFoundException: Exception of type 'Open.Nat.NatDeviceNotFoundException' was thrown.
   at Open.Nat.NatDiscoverer.DiscoverDeviceAsync(PortMapper portMapper, CancellationTokenSource cancellationTokenSource)
   at Intersect.Server.Networking.Helpers.UpnP.ConnectNatDevice() in D:\a\Intersect-Engine\Intersect-Engine\Intersect.Server\Networking\Helpers\UPnP.cs:line 26
2026-06-02 18:54:15.239 -04:00 [WRN] UPnP failed. Please verify the server status manually using a client.
2026-06-02 18:54:15.344 -04:00 [INF] Unpacking appsettings...
2026-06-02 18:54:15.535 -04:00 [INF] Launching Intersect REST API in 'Production' mode...
2026-06-02 18:54:28.804 -04:00 [INF] Disconnected [882f226f-c4ce-429e-b316-ae0d04ec729b].
