2026-06-01 21:21:18.290 -04:00 [INF] Starting Intersect Server v0.8.0.545-beta+cbc0cf74f8509896dccc5ead8febbfb9f398c715
2026-06-01 21:21:18.877 -04:00 [INF] Creating game context using SQLite...
2026-06-01 21:21:20.284 -04:00 [INF] Creating player context using SQLite...
2026-06-01 21:21:20.623 -04:00 [INF] Creating logging context using SQLite...
2026-06-01 21:21:22.182 -04:00 [WRN] Finished validating map events on all maps, there were 0 missing events and 0 corrected events
2026-06-01 21:21:23.051 -04:00 [INF] Discovered service type: Intersect.Plugins.PluginService
2026-06-01 21:21:23.057 -04:00 [INF] Discovered service type: Intersect.Server.Core.LogicService
2026-06-01 21:21:23.060 -04:00 [INF] Discovered service type: Intersect.Server.Web.ApiService
2026-06-01 21:21:23.110 -04:00 [INF] Discovered service type: Intersect.Server.Core.ConsoleService
2026-06-01 21:21:23.151 -04:00 [WRN] Directory was specified as a plugin directory but does not exist: 'resources\plugins'
2026-06-01 21:21:23.152 -04:00 [INF] Discovered 0 plugins:

2026-06-01 21:21:25.086 -04:00 [INF] InvalidPortCheckerResponse
2026-06-01 21:21:25.098 -04:00 [INF] Port 5400 is not open, trying UPnP...
2026-06-01 21:21:30.108 -04:00 [ERR] UPnP Service Initialization Failed. You might not have a router, or UPnP on your router might be disabled.
Open.Nat.NatDeviceNotFoundException: Exception of type 'Open.Nat.NatDeviceNotFoundException' was thrown.
   at Open.Nat.NatDiscoverer.DiscoverDeviceAsync(PortMapper portMapper, CancellationTokenSource cancellationTokenSource)
   at Intersect.Server.Networking.Helpers.UpnP.ConnectNatDevice() in D:\a\Intersect-Engine\Intersect-Engine\Intersect.Server\Networking\Helpers\UPnP.cs:line 26
2026-06-01 21:21:30.120 -04:00 [WRN] UPnP failed. Please verify the server status manually using a client.
2026-06-01 21:21:30.177 -04:00 [INF] Unpacking appsettings...
2026-06-01 21:21:30.316 -04:00 [INF] Launching Intersect REST API in 'Production' mode...
2026-06-01 21:21:40.339 -04:00 [INF] Connection approved [a1f95cc5-877c-40dd-ad5a-7f69cacd8be5].
2026-06-01 21:21:40.341 -04:00 [INF] Connected [a1f95cc5-877c-40dd-ad5a-7f69cacd8be5].
2026-06-01 21:26:13.879 -04:00 [INF] Disconnected [a1f95cc5-877c-40dd-ad5a-7f69cacd8be5].
