2026-06-04 18:12:06.376 -04:00 [INF] Starting Intersect Server v0.8.0.545-beta+cbc0cf74f8509896dccc5ead8febbfb9f398c715
2026-06-04 18:12:06.964 -04:00 [INF] Creating game context using SQLite...
2026-06-04 18:12:08.413 -04:00 [INF] Creating player context using SQLite...
2026-06-04 18:12:08.750 -04:00 [INF] Creating logging context using SQLite...
2026-06-04 18:12:10.520 -04:00 [WRN] Finished validating map events on all maps, there were 0 missing events and 0 corrected events
2026-06-04 18:12:11.339 -04:00 [INF] Discovered service type: Intersect.Plugins.PluginService
2026-06-04 18:12:11.344 -04:00 [INF] Discovered service type: Intersect.Server.Core.LogicService
2026-06-04 18:12:11.346 -04:00 [INF] Discovered service type: Intersect.Server.Web.ApiService
2026-06-04 18:12:11.395 -04:00 [INF] Discovered service type: Intersect.Server.Core.ConsoleService
2026-06-04 18:12:11.426 -04:00 [WRN] Directory was specified as a plugin directory but does not exist: 'resources\plugins'
2026-06-04 18:12:11.429 -04:00 [INF] Discovered 0 plugins:

2026-06-04 18:12:13.129 -04:00 [INF] InvalidPortCheckerResponse
2026-06-04 18:12:13.145 -04:00 [INF] Port 5400 is not open, trying UPnP...
2026-06-04 18:12:18.163 -04:00 [ERR] UPnP Service Initialization Failed. You might not have a router, or UPnP on your router might be disabled.
Open.Nat.NatDeviceNotFoundException: Exception of type 'Open.Nat.NatDeviceNotFoundException' was thrown.
   at Open.Nat.NatDiscoverer.DiscoverDeviceAsync(PortMapper portMapper, CancellationTokenSource cancellationTokenSource)
   at Intersect.Server.Networking.Helpers.UpnP.ConnectNatDevice() in D:\a\Intersect-Engine\Intersect-Engine\Intersect.Server\Networking\Helpers\UPnP.cs:line 26
2026-06-04 18:12:18.183 -04:00 [WRN] UPnP failed. Please verify the server status manually using a client.
2026-06-04 18:12:18.271 -04:00 [INF] Unpacking appsettings...
2026-06-04 18:12:18.856 -04:00 [INF] Launching Intersect REST API in 'Production' mode...
2026-06-04 18:12:22.559 -04:00 [INF] Connection approved [627e35af-e614-4fe3-8fa0-3a1cf59309ac].
2026-06-04 18:12:22.567 -04:00 [INF] Connected [627e35af-e614-4fe3-8fa0-3a1cf59309ac].
2026-06-04 18:16:03.351 -04:00 [INF] Disconnected [627e35af-e614-4fe3-8fa0-3a1cf59309ac].
2026-06-04 18:16:03.381 -04:00 [INF] [Player.CompleteLogout] Done saving Boss (hard logout, 8b3fc63e-6177-49a7-a9ee-49fdb7919a17)
