2026-06-06 23:28:45.342 -05:00 [INF] Starting Intersect Server v0.8.0.545-beta+cbc0cf74f8509896dccc5ead8febbfb9f398c715
2026-06-06 23:28:45.940 -05:00 [INF] Creating game context using SQLite...
2026-06-06 23:28:47.451 -05:00 [INF] Creating player context using SQLite...
2026-06-06 23:28:47.784 -05:00 [INF] Creating logging context using SQLite...
2026-06-06 23:28:49.484 -05:00 [WRN] Finished validating map events on all maps, there were 0 missing events and 0 corrected events
2026-06-06 23:28:50.444 -05:00 [INF] Discovered service type: Intersect.Plugins.PluginService
2026-06-06 23:28:50.448 -05:00 [INF] Discovered service type: Intersect.Server.Core.LogicService
2026-06-06 23:28:50.451 -05:00 [INF] Discovered service type: Intersect.Server.Web.ApiService
2026-06-06 23:28:50.510 -05:00 [INF] Discovered service type: Intersect.Server.Core.ConsoleService
2026-06-06 23:28:50.562 -05:00 [WRN] Directory was specified as a plugin directory but does not exist: 'resources\plugins'
2026-06-06 23:28:50.566 -05:00 [INF] Discovered 0 plugins:

2026-06-06 23:28:52.174 -05:00 [INF] InvalidPortCheckerResponse
2026-06-06 23:28:52.200 -05:00 [INF] Port 5400 is not open, trying UPnP...
2026-06-06 23:28:52.883 -05:00 [INF] Connection approved [a2116226-792c-4149-9dfb-29324626cf7d].
2026-06-06 23:28:52.886 -05:00 [INF] Connected [a2116226-792c-4149-9dfb-29324626cf7d].
2026-06-06 23:28:57.217 -05:00 [ERR] UPnP Service Initialization Failed. You might not have a router, or UPnP on your router might be disabled.
Open.Nat.NatDeviceNotFoundException: Exception of type 'Open.Nat.NatDeviceNotFoundException' was thrown.
   at Open.Nat.NatDiscoverer.DiscoverDeviceAsync(PortMapper portMapper, CancellationTokenSource cancellationTokenSource)
   at Intersect.Server.Networking.Helpers.UpnP.ConnectNatDevice() in D:\a\Intersect-Engine\Intersect-Engine\Intersect.Server\Networking\Helpers\UPnP.cs:line 26
2026-06-06 23:28:57.233 -05:00 [WRN] UPnP failed. Please verify the server status manually using a client.
2026-06-06 23:28:57.312 -05:00 [INF] Unpacking appsettings...
2026-06-06 23:28:57.499 -05:00 [INF] Launching Intersect REST API in 'Production' mode...
2026-06-06 23:56:41.550 -05:00 [INF] Disconnected [a2116226-792c-4149-9dfb-29324626cf7d].
