2026-06-07 13:31:58.134 -05:00 [INF] Starting Intersect Server v0.8.0.545-beta+cbc0cf74f8509896dccc5ead8febbfb9f398c715
2026-06-07 13:31:58.682 -05:00 [INF] Creating game context using SQLite...
2026-06-07 13:32:00.203 -05:00 [INF] Creating player context using SQLite...
2026-06-07 13:32:00.647 -05:00 [INF] Creating logging context using SQLite...
2026-06-07 13:32:02.743 -05:00 [WRN] Finished validating map events on all maps, there were 0 missing events and 0 corrected events
2026-06-07 13:32:03.353 -05:00 [INF] Discovered service type: Intersect.Plugins.PluginService
2026-06-07 13:32:03.358 -05:00 [INF] Discovered service type: Intersect.Server.Core.LogicService
2026-06-07 13:32:03.360 -05:00 [INF] Discovered service type: Intersect.Server.Web.ApiService
2026-06-07 13:32:03.399 -05:00 [INF] Discovered service type: Intersect.Server.Core.ConsoleService
2026-06-07 13:32:03.430 -05:00 [WRN] Directory was specified as a plugin directory but does not exist: 'resources\plugins'
2026-06-07 13:32:03.435 -05:00 [INF] Discovered 0 plugins:

2026-06-07 13:32:05.064 -05:00 [INF] InvalidPortCheckerResponse
2026-06-07 13:32:05.078 -05:00 [INF] Port 5400 is not open, trying UPnP...
2026-06-07 13:32:10.092 -05:00 [ERR] UPnP Service Initialization Failed. You might not have a router, or UPnP on your router might be disabled.
Open.Nat.NatDeviceNotFoundException: Exception of type 'Open.Nat.NatDeviceNotFoundException' was thrown.
   at Open.Nat.NatDiscoverer.DiscoverDeviceAsync(PortMapper portMapper, CancellationTokenSource cancellationTokenSource)
   at Intersect.Server.Networking.Helpers.UpnP.ConnectNatDevice() in D:\a\Intersect-Engine\Intersect-Engine\Intersect.Server\Networking\Helpers\UPnP.cs:line 26
2026-06-07 13:32:10.107 -05:00 [WRN] UPnP failed. Please verify the server status manually using a client.
2026-06-07 13:32:10.167 -05:00 [INF] Unpacking appsettings...
2026-06-07 13:32:10.316 -05:00 [INF] Launching Intersect REST API in 'Production' mode...
2026-06-07 13:32:18.620 -05:00 [INF] Connection approved [ac5551c1-2328-4bf4-8698-a8d364759da2].
2026-06-07 13:32:18.624 -05:00 [INF] Connected [ac5551c1-2328-4bf4-8698-a8d364759da2].
2026-06-07 14:11:23.604 -05:00 [INF] Disconnected [ac5551c1-2328-4bf4-8698-a8d364759da2].
