2026-06-04 18:37:36.893 -04:00 [INF] Starting Intersect Server v0.8.0.545-beta+cbc0cf74f8509896dccc5ead8febbfb9f398c715
2026-06-04 18:37:37.474 -04:00 [INF] Creating game context using SQLite...
2026-06-04 18:37:38.911 -04:00 [INF] Creating player context using SQLite...
2026-06-04 18:37:39.411 -04:00 [INF] Creating logging context using SQLite...
2026-06-04 18:37:40.861 -04:00 [WRN] Finished validating map events on all maps, there were 0 missing events and 0 corrected events
2026-06-04 18:37:41.463 -04:00 [INF] Discovered service type: Intersect.Plugins.PluginService
2026-06-04 18:37:41.469 -04:00 [INF] Discovered service type: Intersect.Server.Core.LogicService
2026-06-04 18:37:41.472 -04:00 [INF] Discovered service type: Intersect.Server.Web.ApiService
2026-06-04 18:37:41.517 -04:00 [INF] Discovered service type: Intersect.Server.Core.ConsoleService
2026-06-04 18:37:41.554 -04:00 [WRN] Directory was specified as a plugin directory but does not exist: 'resources\plugins'
2026-06-04 18:37:41.556 -04:00 [INF] Discovered 0 plugins:

2026-06-04 18:37:43.324 -04:00 [INF] InvalidPortCheckerResponse
2026-06-04 18:37:43.342 -04:00 [INF] Port 5400 is not open, trying UPnP...
2026-06-04 18:37:48.098 -04:00 [INF] Connection approved [613f96e8-e34f-42e3-8b25-31dece64a337].
2026-06-04 18:37:48.102 -04:00 [INF] Connected [613f96e8-e34f-42e3-8b25-31dece64a337].
2026-06-04 18:37:48.357 -04:00 [ERR] UPnP Service Initialization Failed. You might not have a router, or UPnP on your router might be disabled.
Open.Nat.NatDeviceNotFoundException: Exception of type 'Open.Nat.NatDeviceNotFoundException' was thrown.
   at Open.Nat.NatDiscoverer.DiscoverDeviceAsync(PortMapper portMapper, CancellationTokenSource cancellationTokenSource)
   at Intersect.Server.Networking.Helpers.UpnP.ConnectNatDevice() in D:\a\Intersect-Engine\Intersect-Engine\Intersect.Server\Networking\Helpers\UPnP.cs:line 26
2026-06-04 18:37:48.375 -04:00 [WRN] UPnP failed. Please verify the server status manually using a client.
2026-06-04 18:37:48.461 -04:00 [INF] Unpacking appsettings...
2026-06-04 18:37:48.930 -04:00 [INF] Launching Intersect REST API in 'Production' mode...
2026-06-04 18:41:46.806 -04:00 [INF] Disconnected [613f96e8-e34f-42e3-8b25-31dece64a337].
2026-06-04 18:41:46.828 -04:00 [INF] [Player.CompleteLogout] Done saving Boss (hard logout, 8b3fc63e-6177-49a7-a9ee-49fdb7919a17)
