2026-06-02 21:29:31.363 -04:00 [INF] Starting Intersect Server v0.8.0.545-beta+cbc0cf74f8509896dccc5ead8febbfb9f398c715
2026-06-02 21:29:31.757 -04:00 [INF] Creating game context using SQLite...
2026-06-02 21:29:33.252 -04:00 [INF] Creating player context using SQLite...
2026-06-02 21:29:33.708 -04:00 [INF] Creating logging context using SQLite...
2026-06-02 21:29:35.231 -04:00 [WRN] Finished validating map events on all maps, there were 0 missing events and 0 corrected events
2026-06-02 21:29:35.827 -04:00 [INF] Discovered service type: Intersect.Plugins.PluginService
2026-06-02 21:29:35.833 -04:00 [INF] Discovered service type: Intersect.Server.Core.LogicService
2026-06-02 21:29:35.837 -04:00 [INF] Discovered service type: Intersect.Server.Web.ApiService
2026-06-02 21:29:35.878 -04:00 [INF] Discovered service type: Intersect.Server.Core.ConsoleService
2026-06-02 21:29:35.910 -04:00 [WRN] Directory was specified as a plugin directory but does not exist: 'resources\plugins'
2026-06-02 21:29:35.915 -04:00 [INF] Discovered 0 plugins:

2026-06-02 21:29:37.760 -04:00 [INF] InvalidPortCheckerResponse
2026-06-02 21:29:37.776 -04:00 [INF] Port 5400 is not open, trying UPnP...
2026-06-02 21:29:40.157 -04:00 [INF] Connection approved [a5073b5a-2e59-41a3-a652-096db5269947].
2026-06-02 21:29:40.159 -04:00 [INF] Connected [a5073b5a-2e59-41a3-a652-096db5269947].
2026-06-02 21:29:42.797 -04:00 [ERR] UPnP Service Initialization Failed. You might not have a router, or UPnP on your router might be disabled.
Open.Nat.NatDeviceNotFoundException: Exception of type 'Open.Nat.NatDeviceNotFoundException' was thrown.
   at Open.Nat.NatDiscoverer.DiscoverDeviceAsync(PortMapper portMapper, CancellationTokenSource cancellationTokenSource)
   at Intersect.Server.Networking.Helpers.UpnP.ConnectNatDevice() in D:\a\Intersect-Engine\Intersect-Engine\Intersect.Server\Networking\Helpers\UPnP.cs:line 26
2026-06-02 21:29:42.823 -04:00 [WRN] UPnP failed. Please verify the server status manually using a client.
2026-06-02 21:29:43.031 -04:00 [INF] Unpacking appsettings...
2026-06-02 21:29:43.290 -04:00 [INF] Launching Intersect REST API in 'Production' mode...
2026-06-02 21:42:09.218 -04:00 [INF] Disconnected [a5073b5a-2e59-41a3-a652-096db5269947].
