2026-06-01 21:02:18.963 -04:00 [INF] Starting Intersect Server v0.8.0.545-beta+cbc0cf74f8509896dccc5ead8febbfb9f398c715
2026-06-01 21:02:19.530 -04:00 [INF] Creating game context using SQLite...
2026-06-01 21:02:21.086 -04:00 [INF] Creating player context using SQLite...
2026-06-01 21:02:21.512 -04:00 [INF] Creating logging context using SQLite...
2026-06-01 21:02:23.140 -04:00 [WRN] Finished validating map events on all maps, there were 0 missing events and 0 corrected events
2026-06-01 21:02:23.977 -04:00 [INF] Discovered service type: Intersect.Plugins.PluginService
2026-06-01 21:02:23.982 -04:00 [INF] Discovered service type: Intersect.Server.Core.LogicService
2026-06-01 21:02:23.985 -04:00 [INF] Discovered service type: Intersect.Server.Web.ApiService
2026-06-01 21:02:24.040 -04:00 [INF] Discovered service type: Intersect.Server.Core.ConsoleService
2026-06-01 21:02:24.082 -04:00 [WRN] Directory was specified as a plugin directory but does not exist: 'resources\plugins'
2026-06-01 21:02:24.084 -04:00 [INF] Discovered 0 plugins:

2026-06-01 21:02:25.827 -04:00 [INF] InvalidPortCheckerResponse
2026-06-01 21:02:25.843 -04:00 [INF] Port 5400 is not open, trying UPnP...
2026-06-01 21:02:30.854 -04:00 [ERR] UPnP Service Initialization Failed. You might not have a router, or UPnP on your router might be disabled.
Open.Nat.NatDeviceNotFoundException: Exception of type 'Open.Nat.NatDeviceNotFoundException' was thrown.
   at Open.Nat.NatDiscoverer.DiscoverDeviceAsync(PortMapper portMapper, CancellationTokenSource cancellationTokenSource)
   at Intersect.Server.Networking.Helpers.UpnP.ConnectNatDevice() in D:\a\Intersect-Engine\Intersect-Engine\Intersect.Server\Networking\Helpers\UPnP.cs:line 26
2026-06-01 21:02:30.871 -04:00 [WRN] UPnP failed. Please verify the server status manually using a client.
2026-06-01 21:02:30.971 -04:00 [INF] Unpacking appsettings...
2026-06-01 21:02:31.163 -04:00 [INF] Launching Intersect REST API in 'Production' mode...
2026-06-01 21:02:33.396 -04:00 [INF] Connection approved [e691fd79-3590-4af3-9c6b-f821bef2b812].
2026-06-01 21:02:33.399 -04:00 [INF] Connected [e691fd79-3590-4af3-9c6b-f821bef2b812].
2026-06-01 21:04:04.360 -04:00 [INF] Disconnected [e691fd79-3590-4af3-9c6b-f821bef2b812].
2026-06-01 21:04:04.407 -04:00 [INF] [Player.CompleteLogout] Done saving Boss (hard logout, 8b3fc63e-6177-49a7-a9ee-49fdb7919a17)
