2026-06-10 23:49:58.392 +00:00 [INF] Starting Intersect Server v0.8.0.545-beta+cbc0cf74f8509896dccc5ead8febbfb9f398c715
2026-06-10 23:49:59.720 +00:00 [INF] Creating game context using SQLite...
2026-06-10 23:50:02.116 +00:00 [INF] Creating player context using SQLite...
2026-06-10 23:50:02.760 +00:00 [INF] Creating logging context using SQLite...
2026-06-10 23:50:05.064 +00:00 [WRN] Finished validating map events on all maps, there were 0 missing events and 0 corrected events
2026-06-10 23:50:06.051 +00:00 [INF] Discovered service type: Intersect.Plugins.PluginService
2026-06-10 23:50:06.054 +00:00 [INF] Discovered service type: Intersect.Server.Core.LogicService
2026-06-10 23:50:06.057 +00:00 [INF] Discovered service type: Intersect.Server.Web.ApiService
2026-06-10 23:50:06.140 +00:00 [INF] Discovered service type: Intersect.Server.Core.ConsoleService
2026-06-10 23:50:06.191 +00:00 [WRN] Directory was specified as a plugin directory but does not exist: 'resources\plugins'
2026-06-10 23:50:06.201 +00:00 [INF] Discovered 0 plugins:

2026-06-10 23:50:07.892 +00:00 [INF] InvalidPortCheckerResponse
2026-06-10 23:50:07.908 +00:00 [INF] Port 5400 is not open, trying UPnP...
2026-06-10 23:50:12.976 +00:00 [ERR] UPnP Service Initialization Failed. You might not have a router, or UPnP on your router might be disabled.
Open.Nat.NatDeviceNotFoundException: Exception of type 'Open.Nat.NatDeviceNotFoundException' was thrown.
   at Open.Nat.NatDiscoverer.DiscoverDeviceAsync(PortMapper portMapper, CancellationTokenSource cancellationTokenSource)
   at Intersect.Server.Networking.Helpers.UpnP.ConnectNatDevice() in D:\a\Intersect-Engine\Intersect-Engine\Intersect.Server\Networking\Helpers\UPnP.cs:line 26
2026-06-10 23:50:13.010 +00:00 [WRN] UPnP failed. Please verify the server status manually using a client.
2026-06-10 23:50:13.222 +00:00 [INF] Unpacking appsettings...
2026-06-10 23:50:13.579 +00:00 [INF] Launching Intersect REST API in 'Production' mode...
2026-06-10 23:50:45.858 +00:00 [INF] Connection approved [891b4772-8f37-454f-8e06-06cef4933e08].
2026-06-10 23:50:46.028 +00:00 [INF] Connected [891b4772-8f37-454f-8e06-06cef4933e08].
2026-06-10 23:51:15.040 +00:00 [INF] Disconnected [891b4772-8f37-454f-8e06-06cef4933e08].
2026-06-10 23:51:15.215 +00:00 [INF] [Player.CompleteLogout] Done saving Bossssss (hard logout, bf87c49f-d690-49e5-b88e-6f7780723e2e)
