2026-06-02 21:28:29.035 -04:00 [INF] Starting Intersect Server v0.8.0.545-beta+cbc0cf74f8509896dccc5ead8febbfb9f398c715
2026-06-02 21:28:29.591 -04:00 [INF] Creating game context using SQLite...
2026-06-02 21:28:31.062 -04:00 [INF] Creating player context using SQLite...
2026-06-02 21:28:31.417 -04:00 [INF] Creating logging context using SQLite...
2026-06-02 21:28:33.182 -04:00 [WRN] Finished validating map events on all maps, there were 0 missing events and 0 corrected events
2026-06-02 21:28:33.902 -04:00 [INF] Discovered service type: Intersect.Plugins.PluginService
2026-06-02 21:28:33.906 -04:00 [INF] Discovered service type: Intersect.Server.Core.LogicService
2026-06-02 21:28:33.909 -04:00 [INF] Discovered service type: Intersect.Server.Web.ApiService
2026-06-02 21:28:33.953 -04:00 [INF] Discovered service type: Intersect.Server.Core.ConsoleService
2026-06-02 21:28:33.988 -04:00 [WRN] Directory was specified as a plugin directory but does not exist: 'resources\plugins'
2026-06-02 21:28:33.992 -04:00 [INF] Discovered 0 plugins:

2026-06-02 21:28:35.692 -04:00 [INF] InvalidPortCheckerResponse
2026-06-02 21:28:35.706 -04:00 [INF] Port 5400 is not open, trying UPnP...
2026-06-02 21:28:37.374 -04:00 [INF] Connection approved [eb4592c4-637e-4ea8-a12c-ce5903560429].
2026-06-02 21:28:37.376 -04:00 [INF] Connected [eb4592c4-637e-4ea8-a12c-ce5903560429].
2026-06-02 21:28:40.730 -04:00 [ERR] UPnP Service Initialization Failed. You might not have a router, or UPnP on your router might be disabled.
Open.Nat.NatDeviceNotFoundException: Exception of type 'Open.Nat.NatDeviceNotFoundException' was thrown.
   at Open.Nat.NatDiscoverer.DiscoverDeviceAsync(PortMapper portMapper, CancellationTokenSource cancellationTokenSource)
   at Intersect.Server.Networking.Helpers.UpnP.ConnectNatDevice() in D:\a\Intersect-Engine\Intersect-Engine\Intersect.Server\Networking\Helpers\UPnP.cs:line 26
2026-06-02 21:28:40.753 -04:00 [WRN] UPnP failed. Please verify the server status manually using a client.
2026-06-02 21:28:40.856 -04:00 [INF] Unpacking appsettings...
2026-06-02 21:28:41.053 -04:00 [INF] Launching Intersect REST API in 'Production' mode...
2026-06-02 21:28:55.449 -04:00 [INF] Disconnected [eb4592c4-637e-4ea8-a12c-ce5903560429].
