2026-06-01 21:13:37.585 -04:00 [INF] Starting Intersect Server v0.8.0.545-beta+cbc0cf74f8509896dccc5ead8febbfb9f398c715
2026-06-01 21:13:38.108 -04:00 [INF] Creating game context using SQLite...
2026-06-01 21:13:39.491 -04:00 [INF] Creating player context using SQLite...
2026-06-01 21:13:39.833 -04:00 [INF] Creating logging context using SQLite...
2026-06-01 21:13:41.491 -04:00 [WRN] Finished validating map events on all maps, there were 0 missing events and 0 corrected events
2026-06-01 21:13:42.330 -04:00 [INF] Discovered service type: Intersect.Plugins.PluginService
2026-06-01 21:13:42.335 -04:00 [INF] Discovered service type: Intersect.Server.Core.LogicService
2026-06-01 21:13:42.339 -04:00 [INF] Discovered service type: Intersect.Server.Web.ApiService
2026-06-01 21:13:42.380 -04:00 [INF] Discovered service type: Intersect.Server.Core.ConsoleService
2026-06-01 21:13:42.410 -04:00 [WRN] Directory was specified as a plugin directory but does not exist: 'resources\plugins'
2026-06-01 21:13:42.413 -04:00 [INF] Discovered 0 plugins:

2026-06-01 21:13:44.097 -04:00 [INF] InvalidPortCheckerResponse
2026-06-01 21:13:44.109 -04:00 [INF] Port 5400 is not open, trying UPnP...
2026-06-01 21:13:49.118 -04:00 [ERR] UPnP Service Initialization Failed. You might not have a router, or UPnP on your router might be disabled.
Open.Nat.NatDeviceNotFoundException: Exception of type 'Open.Nat.NatDeviceNotFoundException' was thrown.
   at Open.Nat.NatDiscoverer.DiscoverDeviceAsync(PortMapper portMapper, CancellationTokenSource cancellationTokenSource)
   at Intersect.Server.Networking.Helpers.UpnP.ConnectNatDevice() in D:\a\Intersect-Engine\Intersect-Engine\Intersect.Server\Networking\Helpers\UPnP.cs:line 26
2026-06-01 21:13:49.129 -04:00 [WRN] UPnP failed. Please verify the server status manually using a client.
2026-06-01 21:13:49.187 -04:00 [INF] Unpacking appsettings...
2026-06-01 21:13:49.320 -04:00 [INF] Launching Intersect REST API in 'Production' mode...
2026-06-01 21:13:58.440 -04:00 [INF] Connection approved [28715dac-554f-44dc-bdc9-4ac456b17669].
2026-06-01 21:13:58.443 -04:00 [INF] Connected [28715dac-554f-44dc-bdc9-4ac456b17669].
2026-06-01 21:15:22.982 -04:00 [INF] Disconnected [28715dac-554f-44dc-bdc9-4ac456b17669].
