2026-06-03 18:53:30.940 -04:00 [INF] Starting Intersect Server v0.8.0.545-beta+cbc0cf74f8509896dccc5ead8febbfb9f398c715
2026-06-03 18:53:31.548 -04:00 [INF] Creating game context using SQLite...
2026-06-03 18:53:33.148 -04:00 [INF] Creating player context using SQLite...
2026-06-03 18:53:33.558 -04:00 [INF] Creating logging context using SQLite...
2026-06-03 18:53:35.149 -04:00 [WRN] Finished validating map events on all maps, there were 0 missing events and 0 corrected events
2026-06-03 18:53:35.826 -04:00 [INF] Discovered service type: Intersect.Plugins.PluginService
2026-06-03 18:53:35.832 -04:00 [INF] Discovered service type: Intersect.Server.Core.LogicService
2026-06-03 18:53:35.834 -04:00 [INF] Discovered service type: Intersect.Server.Web.ApiService
2026-06-03 18:53:35.880 -04:00 [INF] Discovered service type: Intersect.Server.Core.ConsoleService
2026-06-03 18:53:35.915 -04:00 [WRN] Directory was specified as a plugin directory but does not exist: 'resources\plugins'
2026-06-03 18:53:35.917 -04:00 [INF] Discovered 0 plugins:

2026-06-03 18:53:37.670 -04:00 [INF] InvalidPortCheckerResponse
2026-06-03 18:53:37.681 -04:00 [INF] Port 5400 is not open, trying UPnP...
2026-06-03 18:53:42.693 -04:00 [ERR] UPnP Service Initialization Failed. You might not have a router, or UPnP on your router might be disabled.
Open.Nat.NatDeviceNotFoundException: Exception of type 'Open.Nat.NatDeviceNotFoundException' was thrown.
   at Open.Nat.NatDiscoverer.DiscoverDeviceAsync(PortMapper portMapper, CancellationTokenSource cancellationTokenSource)
   at Intersect.Server.Networking.Helpers.UpnP.ConnectNatDevice() in D:\a\Intersect-Engine\Intersect-Engine\Intersect.Server\Networking\Helpers\UPnP.cs:line 26
2026-06-03 18:53:42.704 -04:00 [WRN] UPnP failed. Please verify the server status manually using a client.
2026-06-03 18:53:42.760 -04:00 [INF] Unpacking appsettings...
2026-06-03 18:53:42.898 -04:00 [INF] Launching Intersect REST API in 'Production' mode...
2026-06-03 18:53:53.601 -04:00 [INF] Connection approved [5a375cb6-1300-4df8-8bd8-df0a81342d7d].
2026-06-03 18:53:53.602 -04:00 [INF] Connected [5a375cb6-1300-4df8-8bd8-df0a81342d7d].
2026-06-03 19:24:43.876 -04:00 [INF] Connection approved [52dec9f7-d601-433e-a80e-cac1ec45fd58].
2026-06-03 19:24:43.886 -04:00 [INF] Connected [52dec9f7-d601-433e-a80e-cac1ec45fd58].
2026-06-03 19:26:43.851 -04:00 [INF] Disconnected [52dec9f7-d601-433e-a80e-cac1ec45fd58].
2026-06-03 19:26:43.902 -04:00 [INF] [Player.CompleteLogout] Done saving Boss (hard logout, 8b3fc63e-6177-49a7-a9ee-49fdb7919a17)
2026-06-03 19:29:23.074 -04:00 [INF] Connection approved [58100d8c-97fe-437d-8659-2032fb731aef].
2026-06-03 19:29:23.077 -04:00 [INF] Connected [58100d8c-97fe-437d-8659-2032fb731aef].
2026-06-03 19:31:01.534 -04:00 [INF] Disconnected [58100d8c-97fe-437d-8659-2032fb731aef].
2026-06-03 19:31:01.539 -04:00 [INF] [Player.CompleteLogout] Done saving Boss (hard logout, 8b3fc63e-6177-49a7-a9ee-49fdb7919a17)
2026-06-03 20:33:59.608 -04:00 [INF] Disconnected [5a375cb6-1300-4df8-8bd8-df0a81342d7d].
