2026-05-28 19:14:56.346 -04:00 [INF] Starting Intersect Server v0.8.0.545-beta+cbc0cf74f8509896dccc5ead8febbfb9f398c715
2026-05-28 19:14:56.802 -04:00 [INF] Creating game context using SQLite...
2026-05-28 19:14:58.537 -04:00 [INF] Creating player context using SQLite...
2026-05-28 19:14:58.952 -04:00 [INF] Creating logging context using SQLite...
2026-05-28 19:15:00.709 -04:00 [WRN] Finished validating map events on all maps, there were 0 missing events and 0 corrected events
2026-05-28 19:15:01.477 -04:00 [INF] Discovered service type: Intersect.Plugins.PluginService
2026-05-28 19:15:01.480 -04:00 [INF] Discovered service type: Intersect.Server.Core.LogicService
2026-05-28 19:15:01.484 -04:00 [INF] Discovered service type: Intersect.Server.Web.ApiService
2026-05-28 19:15:01.529 -04:00 [INF] Discovered service type: Intersect.Server.Core.ConsoleService
2026-05-28 19:15:01.563 -04:00 [WRN] Directory was specified as a plugin directory but does not exist: 'resources\plugins'
2026-05-28 19:15:01.566 -04:00 [INF] Discovered 0 plugins:

2026-05-28 19:15:03.110 -04:00 [INF] InvalidPortCheckerResponse
2026-05-28 19:15:03.129 -04:00 [INF] Port 5400 is not open, trying UPnP...
2026-05-28 19:15:08.148 -04:00 [ERR] UPnP Service Initialization Failed. You might not have a router, or UPnP on your router might be disabled.
Open.Nat.NatDeviceNotFoundException: Exception of type 'Open.Nat.NatDeviceNotFoundException' was thrown.
   at Open.Nat.NatDiscoverer.DiscoverDeviceAsync(PortMapper portMapper, CancellationTokenSource cancellationTokenSource)
   at Intersect.Server.Networking.Helpers.UpnP.ConnectNatDevice() in D:\a\Intersect-Engine\Intersect-Engine\Intersect.Server\Networking\Helpers\UPnP.cs:line 26
2026-05-28 19:15:08.163 -04:00 [WRN] UPnP failed. Please verify the server status manually using a client.
2026-05-28 19:15:08.231 -04:00 [INF] Unpacking appsettings...
2026-05-28 19:15:08.401 -04:00 [INF] Launching Intersect REST API in 'Production' mode...
2026-05-28 19:15:08.695 -04:00 [INF] Connection approved [2ddb3a4d-6b4a-4927-b114-66dc45ea0aa4].
2026-05-28 19:15:08.700 -04:00 [INF] Connected [2ddb3a4d-6b4a-4927-b114-66dc45ea0aa4].
2026-05-28 19:16:22.586 -04:00 [INF] Disconnected [2ddb3a4d-6b4a-4927-b114-66dc45ea0aa4].
2026-05-28 19:16:30.803 -04:00 [INF] Connection approved [a6bfd13f-2460-4267-a2f1-63ef12d3411c].
2026-05-28 19:16:30.810 -04:00 [INF] Connected [a6bfd13f-2460-4267-a2f1-63ef12d3411c].
