2025-05-30 20:55:53.129 -05:00 [INF] Starting Intersect Server v0.8.0.545-beta+cbc0cf74f8509896dccc5ead8febbfb9f398c715
2025-05-30 20:55:53.544 -05:00 [INF] Creating game context using SQLite...
2025-05-30 20:55:55.556 -05:00 [INF] Creating player context using SQLite...
2025-05-30 20:55:56.352 -05:00 [INF] Creating logging context using SQLite...
2025-05-30 20:55:59.422 -05:00 [WRN] Finished validating map events on all maps, there were 0 missing events and 0 corrected events
2025-05-30 20:56:00.557 -05:00 [INF] Discovered service type: Intersect.Plugins.PluginService
2025-05-30 20:56:00.561 -05:00 [INF] Discovered service type: Intersect.Server.Core.LogicService
2025-05-30 20:56:00.564 -05:00 [INF] Discovered service type: Intersect.Server.Web.ApiService
2025-05-30 20:56:00.646 -05:00 [INF] Discovered service type: Intersect.Server.Core.ConsoleService
2025-05-30 20:56:00.702 -05:00 [WRN] Directory was specified as a plugin directory but does not exist: 'resources\plugins'
2025-05-30 20:56:00.705 -05:00 [INF] Discovered 0 plugins:

2025-05-30 20:56:02.692 -05:00 [INF] InvalidPortCheckerResponse
2025-05-30 20:56:02.705 -05:00 [INF] Port 5400 is not open, trying UPnP...
2025-05-30 20:56:07.705 -05:00 [ERR] UPnP Service Initialization Failed. You might not have a router, or UPnP on your router might be disabled.
Open.Nat.NatDeviceNotFoundException: Exception of type 'Open.Nat.NatDeviceNotFoundException' was thrown.
   at Open.Nat.NatDiscoverer.DiscoverDeviceAsync(PortMapper portMapper, CancellationTokenSource cancellationTokenSource)
   at Intersect.Server.Networking.Helpers.UpnP.ConnectNatDevice() in D:\a\Intersect-Engine\Intersect-Engine\Intersect.Server\Networking\Helpers\UPnP.cs:line 26
2025-05-30 20:56:07.721 -05:00 [WRN] UPnP failed. Please verify the server status manually using a client.
2025-05-30 20:56:07.811 -05:00 [INF] Unpacking appsettings...
2025-05-30 20:56:08.056 -05:00 [INF] Launching Intersect REST API in 'Production' mode...
2025-05-30 20:56:32.864 -05:00 [INF] Connection approved [39e211e8-4be0-41e2-b12e-36ed05df6f34].
2025-05-30 20:56:32.866 -05:00 [INF] Connected [39e211e8-4be0-41e2-b12e-36ed05df6f34].
2025-05-30 20:56:32.904 -05:00 [ERR] Error decrypting cipherdata
System.Security.Cryptography.AuthenticationTagMismatchException: The computed authentication tag did not match the input authentication tag.
   at System.Security.Cryptography.AeadCommon.Decrypt(SafeKeyHandle keyHandle, ReadOnlySpan`1 nonce, ReadOnlySpan`1 associatedData, ReadOnlySpan`1 ciphertext, ReadOnlySpan`1 tag, Span`1 plaintext, Boolean clearPlaintextOnFailure)
   at System.Security.Cryptography.AesGcm.Decrypt(ReadOnlySpan`1 nonce, ReadOnlySpan`1 ciphertext, ReadOnlySpan`1 tag, Span`1 plaintext, ReadOnlySpan`1 associatedData)
   at Intersect.Network.LiteNetLib.AesGcmAlgorithm.TryDecrypt(ReadOnlySpan`1 cipherdata, ReadOnlySpan`1& plaindata) in D:\a\Intersect-Engine\Intersect-Engine\Intersect.Network\LiteNetLib\AesGcmAlgorithm.cs:line 187
2025-05-30 20:56:32.910 -05:00 [WRN] SDER: 39e211e8-4be0-41e2-b12e-36ed05df6f34 Error
2025-05-30 20:56:32.911 -05:00 [WRN] FPIM: 127.0.0.1:55212 / 39e211e8-4be0-41e2-b12e-36ed05df6f34
2025-05-30 23:53:05.827 -05:00 [INF] Connection approved [a4cdb67f-578e-4427-ada8-e1b54a15b36d].
2025-05-30 23:53:05.839 -05:00 [INF] Connected [a4cdb67f-578e-4427-ada8-e1b54a15b36d].
2025-05-31 00:02:16.619 -05:00 [INF] Disconnected [a4cdb67f-578e-4427-ada8-e1b54a15b36d].
2025-05-31 00:02:16.671 -05:00 [INF] [Player.CompleteLogout] Done saving Boss (hard logout, 39da4181-00c9-4157-b2ee-553a29cd5c6f)
2025-05-31 00:12:20.376 -05:00 [INF] Connection approved [bd6fbb1d-1ac8-458e-b5a7-9dd45e2b80d7].
2025-05-31 00:12:20.378 -05:00 [INF] Connected [bd6fbb1d-1ac8-458e-b5a7-9dd45e2b80d7].
2025-05-31 00:15:13.119 -05:00 [WRN] SwapBankItems(40, 50) for 39da4181-00c9-4157-b2ee-553a29cd5c6f with empty item ID
2025-05-31 00:15:56.360 -05:00 [INF] Disconnected [bd6fbb1d-1ac8-458e-b5a7-9dd45e2b80d7].
2025-05-31 00:15:56.361 -05:00 [INF] [Player.CompleteLogout] Done saving Boss (hard logout, 39da4181-00c9-4157-b2ee-553a29cd5c6f)
2025-05-31 00:24:43.798 -05:00 [INF] Connection approved [65d76b7f-31fc-44db-af5d-e37a32117b2f].
2025-05-31 00:24:43.807 -05:00 [INF] Connected [65d76b7f-31fc-44db-af5d-e37a32117b2f].
2025-05-31 00:26:00.723 -05:00 [INF] Disconnected [65d76b7f-31fc-44db-af5d-e37a32117b2f].
2025-05-31 00:26:00.725 -05:00 [INF] [Player.CompleteLogout] Done saving Boss (hard logout, 39da4181-00c9-4157-b2ee-553a29cd5c6f)
2025-05-31 00:28:04.348 -05:00 [INF] Connection approved [43dc75a6-eceb-4a41-b7cb-0b6a0fcb9f1d].
2025-05-31 00:28:04.351 -05:00 [INF] Connected [43dc75a6-eceb-4a41-b7cb-0b6a0fcb9f1d].
2025-05-31 00:29:11.176 -05:00 [WRN] Successfully removed 5 items from slot Intersect.Server.Database.PlayerData.Players.InventorySlot for player 39da4181-00c9-4157-b2ee-553a29cd5c6f at BuyItem(int slot, int amount)
2025-05-31 00:31:29.824 -05:00 [INF] Disconnected [43dc75a6-eceb-4a41-b7cb-0b6a0fcb9f1d].
2025-05-31 00:31:29.826 -05:00 [INF] [Player.CompleteLogout] Done saving Boss (hard logout, 39da4181-00c9-4157-b2ee-553a29cd5c6f)
2025-05-31 00:32:29.125 -05:00 [INF] Connection approved [bb2dea71-11d4-4094-9f73-abb630e04d43].
2025-05-31 00:32:29.130 -05:00 [INF] Connected [bb2dea71-11d4-4094-9f73-abb630e04d43].
2025-05-31 00:32:42.875 -05:00 [INF] Disconnected [bb2dea71-11d4-4094-9f73-abb630e04d43].
2025-05-31 00:32:42.876 -05:00 [INF] [Player.CompleteLogout] Done saving Boss (hard logout, 39da4181-00c9-4157-b2ee-553a29cd5c6f)
2025-05-31 00:32:54.325 -05:00 [INF] Connection approved [db5bf562-85fc-41e4-bf49-62caa82f11d9].
2025-05-31 00:32:54.326 -05:00 [INF] Connected [db5bf562-85fc-41e4-bf49-62caa82f11d9].
2025-05-31 00:41:18.212 -05:00 [INF] Disconnected [db5bf562-85fc-41e4-bf49-62caa82f11d9].
2025-05-31 00:41:18.215 -05:00 [INF] [Player.CompleteLogout] Done saving Boss (hard logout, 39da4181-00c9-4157-b2ee-553a29cd5c6f)
2025-05-31 01:10:52.129 -05:00 [INF] Disconnected [39e211e8-4be0-41e2-b12e-36ed05df6f34].
