2025-05-27 17:33:41.599 -04:00 [INF] Starting Intersect Server v0.8.0.545-beta+cbc0cf74f8509896dccc5ead8febbfb9f398c715
2025-05-27 17:33:42.152 -04:00 [INF] Creating game context using SQLite...
2025-05-27 17:33:44.726 -04:00 [INF] Creating player context using SQLite...
2025-05-27 17:33:45.498 -04:00 [INF] Creating logging context using SQLite...
2025-05-27 17:33:48.382 -04:00 [WRN] Finished validating map events on all maps, there were 0 missing events and 0 corrected events
2025-05-27 17:33:49.615 -04:00 [INF] Discovered service type: Intersect.Plugins.PluginService
2025-05-27 17:33:49.621 -04:00 [INF] Discovered service type: Intersect.Server.Core.LogicService
2025-05-27 17:33:49.625 -04:00 [INF] Discovered service type: Intersect.Server.Web.ApiService
2025-05-27 17:33:49.699 -04:00 [INF] Discovered service type: Intersect.Server.Core.ConsoleService
2025-05-27 17:33:49.753 -04:00 [WRN] Directory was specified as a plugin directory but does not exist: 'resources\plugins'
2025-05-27 17:33:49.755 -04:00 [INF] Discovered 0 plugins:

2025-05-27 17:33:51.382 -04:00 [INF] InvalidPortCheckerResponse
2025-05-27 17:33:51.393 -04:00 [INF] Port 5400 is not open, trying UPnP...
2025-05-27 17:33:56.439 -04:00 [ERR] UPnP Service Initialization Failed. You might not have a router, or UPnP on your router might be disabled.
Open.Nat.NatDeviceNotFoundException: Exception of type 'Open.Nat.NatDeviceNotFoundException' was thrown.
   at Open.Nat.NatDiscoverer.DiscoverDeviceAsync(PortMapper portMapper, CancellationTokenSource cancellationTokenSource)
   at Intersect.Server.Networking.Helpers.UpnP.ConnectNatDevice() in D:\a\Intersect-Engine\Intersect-Engine\Intersect.Server\Networking\Helpers\UPnP.cs:line 26
2025-05-27 17:33:56.496 -04:00 [WRN] UPnP failed. Please verify the server status manually using a client.
2025-05-27 17:33:56.604 -04:00 [INF] Unpacking appsettings...
2025-05-27 17:33:56.866 -04:00 [INF] Launching Intersect REST API in 'Production' mode...
2025-05-27 17:37:14.889 -04:00 [INF] Connection approved [23a81010-685e-436d-ad70-d1f4fc21d2e0].
2025-05-27 17:37:14.891 -04:00 [INF] Connected [23a81010-685e-436d-ad70-d1f4fc21d2e0].
2025-05-27 17:49:54.366 -04:00 [INF] Connection approved [ed6e6ac6-9e5e-4bdb-aed2-ae3b95137753].
2025-05-27 17:49:54.370 -04:00 [INF] Connected [ed6e6ac6-9e5e-4bdb-aed2-ae3b95137753].
2025-05-27 17:50:58.280 -04:00 [INF] Disconnected [ed6e6ac6-9e5e-4bdb-aed2-ae3b95137753].
2025-05-27 17:50:58.321 -04:00 [INF] [Player.CompleteLogout] Done saving Boss (hard logout, d86714b3-de9b-4128-813f-38202173fc95)
2025-05-27 18:11:08.761 -04:00 [INF] Connection approved [da9ace9f-dd6b-4a99-8afb-1885ed88e0cc].
2025-05-27 18:11:08.770 -04:00 [INF] Connected [da9ace9f-dd6b-4a99-8afb-1885ed88e0cc].
2025-05-27 18:12:47.462 -04:00 [INF] Disconnected [da9ace9f-dd6b-4a99-8afb-1885ed88e0cc].
2025-05-27 18:12:47.464 -04:00 [INF] [Player.CompleteLogout] Done saving Boss (hard logout, d86714b3-de9b-4128-813f-38202173fc95)
2025-05-27 20:48:22.519 -04:00 [INF] Disconnected [23a81010-685e-436d-ad70-d1f4fc21d2e0].
