2025-05-19 15:21:37.772 -05:00 [INF] Starting Intersect Server v0.8.0.545-beta+cbc0cf74f8509896dccc5ead8febbfb9f398c715
2025-05-19 15:21:38.484 -05:00 [INF] Creating game context using SQLite...
2025-05-19 15:21:41.780 -05:00 [INF] Creating player context using SQLite...
2025-05-19 15:21:42.979 -05:00 [INF] Creating logging context using SQLite...
2025-05-19 15:21:46.674 -05:00 [WRN] Finished validating map events on all maps, there were 0 missing events and 0 corrected events
2025-05-19 15:21:48.692 -05:00 [INF] Discovered service type: Intersect.Plugins.PluginService
2025-05-19 15:21:48.697 -05:00 [INF] Discovered service type: Intersect.Server.Core.LogicService
2025-05-19 15:21:48.701 -05:00 [INF] Discovered service type: Intersect.Server.Web.ApiService
2025-05-19 15:21:48.804 -05:00 [INF] Discovered service type: Intersect.Server.Core.ConsoleService
2025-05-19 15:21:48.869 -05:00 [WRN] Directory was specified as a plugin directory but does not exist: 'resources\plugins'
2025-05-19 15:21:48.871 -05:00 [INF] Discovered 0 plugins:

2025-05-19 15:21:50.496 -05:00 [INF] InvalidPortCheckerResponse
2025-05-19 15:21:50.515 -05:00 [INF] Port 5400 is not open, trying UPnP...
2025-05-19 15:21:55.530 -05:00 [ERR] UPnP Service Initialization Failed. You might not have a router, or UPnP on your router might be disabled.
Open.Nat.NatDeviceNotFoundException: Exception of type 'Open.Nat.NatDeviceNotFoundException' was thrown.
   at Open.Nat.NatDiscoverer.DiscoverDeviceAsync(PortMapper portMapper, CancellationTokenSource cancellationTokenSource)
   at Intersect.Server.Networking.Helpers.UpnP.ConnectNatDevice() in D:\a\Intersect-Engine\Intersect-Engine\Intersect.Server\Networking\Helpers\UPnP.cs:line 26
2025-05-19 15:21:55.553 -05:00 [WRN] UPnP failed. Please verify the server status manually using a client.
2025-05-19 15:21:55.655 -05:00 [INF] Unpacking appsettings...
2025-05-19 15:21:55.896 -05:00 [INF] Launching Intersect REST API in 'Production' mode...
2025-05-19 15:22:21.195 -05:00 [INF] Connection approved [9f28d0ad-7225-4045-b87e-7dde2f7157bf].
2025-05-19 15:22:21.197 -05:00 [INF] Connected [9f28d0ad-7225-4045-b87e-7dde2f7157bf].
2025-05-19 15:34:02.232 -05:00 [INF] Connection approved [962ac99a-a441-49e7-b3d9-4246441d6c84].
2025-05-19 15:34:02.237 -05:00 [INF] Connected [962ac99a-a441-49e7-b3d9-4246441d6c84].
2025-05-19 15:34:32.505 -05:00 [INF] Disconnected [962ac99a-a441-49e7-b3d9-4246441d6c84].
2025-05-19 15:34:32.541 -05:00 [INF] [Player.CompleteLogout] Done saving Boss (hard logout, dbc190c7-0f7c-46b7-8c25-5248cce4136d)
2025-05-19 15:34:36.912 -05:00 [INF] Disconnected [9f28d0ad-7225-4045-b87e-7dde2f7157bf].
