2025-05-20 17:39:07.614 -04:00 [INF] Starting Intersect Server v0.8.0.545-beta+cbc0cf74f8509896dccc5ead8febbfb9f398c715
2025-05-20 17:39:08.203 -04:00 [INF] Creating game context using SQLite...
2025-05-20 17:39:11.230 -04:00 [INF] Creating player context using SQLite...
2025-05-20 17:39:12.097 -04:00 [INF] Creating logging context using SQLite...
2025-05-20 17:39:15.019 -04:00 [WRN] Finished validating map events on all maps, there were 0 missing events and 0 corrected events
2025-05-20 17:39:16.380 -04:00 [INF] Discovered service type: Intersect.Plugins.PluginService
2025-05-20 17:39:16.382 -04:00 [INF] Discovered service type: Intersect.Server.Core.LogicService
2025-05-20 17:39:16.386 -04:00 [INF] Discovered service type: Intersect.Server.Web.ApiService
2025-05-20 17:39:16.455 -04:00 [INF] Discovered service type: Intersect.Server.Core.ConsoleService
2025-05-20 17:39:16.519 -04:00 [WRN] Directory was specified as a plugin directory but does not exist: 'resources\plugins'
2025-05-20 17:39:16.522 -04:00 [INF] Discovered 0 plugins:

2025-05-20 17:39:18.183 -04:00 [INF] InvalidPortCheckerResponse
2025-05-20 17:39:18.196 -04:00 [INF] Port 5400 is not open, trying UPnP...
2025-05-20 17:39:23.219 -04:00 [ERR] UPnP Service Initialization Failed. You might not have a router, or UPnP on your router might be disabled.
Open.Nat.NatDeviceNotFoundException: Exception of type 'Open.Nat.NatDeviceNotFoundException' was thrown.
   at Open.Nat.NatDiscoverer.DiscoverDeviceAsync(PortMapper portMapper, CancellationTokenSource cancellationTokenSource)
   at Intersect.Server.Networking.Helpers.UpnP.ConnectNatDevice() in D:\a\Intersect-Engine\Intersect-Engine\Intersect.Server\Networking\Helpers\UPnP.cs:line 26
2025-05-20 17:39:23.242 -04:00 [WRN] UPnP failed. Please verify the server status manually using a client.
2025-05-20 17:39:23.360 -04:00 [INF] Unpacking appsettings...
2025-05-20 17:39:23.596 -04:00 [INF] Launching Intersect REST API in 'Production' mode...
2025-05-20 17:39:42.967 -04:00 [INF] Connection approved [fff9a878-48a3-4fa8-9f22-3e228902c0f0].
2025-05-20 17:39:42.970 -04:00 [INF] Connected [fff9a878-48a3-4fa8-9f22-3e228902c0f0].
2025-05-20 20:06:55.070 -04:00 [INF] Connection approved [45a91e18-3c98-4418-bffb-79e2d497b4b1].
2025-05-20 20:06:55.083 -04:00 [INF] Connected [45a91e18-3c98-4418-bffb-79e2d497b4b1].
2025-05-20 20:12:06.212 -04:00 [INF] Disconnected [45a91e18-3c98-4418-bffb-79e2d497b4b1].
2025-05-20 20:12:06.264 -04:00 [INF] [Player.CompleteLogout] Done saving Boss (hard logout, 70bf9761-d446-4c59-a8e3-2012591b9346)
2025-05-20 21:03:37.142 -04:00 [INF] Disconnected [fff9a878-48a3-4fa8-9f22-3e228902c0f0].
2025-05-20 21:03:46.507 -04:00 [INF] Connection approved [4ca2b981-f1b6-4509-8878-607006fd1747].
2025-05-20 21:03:46.511 -04:00 [INF] Connected [4ca2b981-f1b6-4509-8878-607006fd1747].
2025-05-20 21:13:12.844 -04:00 [INF] Connection approved [ca94d70f-1eaf-4c51-a59b-8508c1cf9419].
2025-05-20 21:13:12.845 -04:00 [INF] Connected [ca94d70f-1eaf-4c51-a59b-8508c1cf9419].
2025-05-20 21:13:49.343 -04:00 [INF] Disconnected [ca94d70f-1eaf-4c51-a59b-8508c1cf9419].
2025-05-20 21:13:49.344 -04:00 [INF] [Player.CompleteLogout] Done saving Boss (hard logout, 70bf9761-d446-4c59-a8e3-2012591b9346)
2025-05-20 21:25:54.929 -04:00 [INF] Disconnected [4ca2b981-f1b6-4509-8878-607006fd1747].
