2025-06-09 09:17:57.913 -05:00 [INF] Starting Intersect Server v0.8.0.545-beta+cbc0cf74f8509896dccc5ead8febbfb9f398c715
2025-06-09 09:17:58.355 -05:00 [INF] Creating game context using SQLite...
2025-06-09 09:18:01.019 -05:00 [INF] Creating player context using SQLite...
2025-06-09 09:18:01.702 -05:00 [INF] Creating logging context using SQLite...
2025-06-09 09:18:05.812 -05:00 [WRN] Finished validating map events on all maps, there were 0 missing events and 0 corrected events
2025-06-09 09:18:06.983 -05:00 [INF] Discovered service type: Intersect.Plugins.PluginService
2025-06-09 09:18:06.990 -05:00 [INF] Discovered service type: Intersect.Server.Core.LogicService
2025-06-09 09:18:06.994 -05:00 [INF] Discovered service type: Intersect.Server.Web.ApiService
2025-06-09 09:18:07.066 -05:00 [INF] Discovered service type: Intersect.Server.Core.ConsoleService
2025-06-09 09:18:07.114 -05:00 [WRN] Directory was specified as a plugin directory but does not exist: 'resources\plugins'
2025-06-09 09:18:07.116 -05:00 [INF] Discovered 0 plugins:

2025-06-09 09:18:09.068 -05:00 [INF] InvalidPortCheckerResponse
2025-06-09 09:18:09.089 -05:00 [INF] Port 5400 is not open, trying UPnP...
2025-06-09 09:18:14.103 -05:00 [ERR] UPnP Service Initialization Failed. You might not have a router, or UPnP on your router might be disabled.
Open.Nat.NatDeviceNotFoundException: Exception of type 'Open.Nat.NatDeviceNotFoundException' was thrown.
   at Open.Nat.NatDiscoverer.DiscoverDeviceAsync(PortMapper portMapper, CancellationTokenSource cancellationTokenSource)
   at Intersect.Server.Networking.Helpers.UpnP.ConnectNatDevice() in D:\a\Intersect-Engine\Intersect-Engine\Intersect.Server\Networking\Helpers\UPnP.cs:line 26
2025-06-09 09:18:14.123 -05:00 [WRN] UPnP failed. Please verify the server status manually using a client.
2025-06-09 09:18:14.224 -05:00 [INF] Unpacking appsettings...
2025-06-09 09:18:14.457 -05:00 [INF] Launching Intersect REST API in 'Production' mode...
2025-06-09 09:29:09.437 -05:00 [INF] Connection approved [13813b51-c455-49ab-9aed-75b610a89cce].
2025-06-09 09:29:09.439 -05:00 [INF] Connected [13813b51-c455-49ab-9aed-75b610a89cce].
2025-06-09 11:01:09.060 -05:00 [INF] Connection approved [b6d2411d-8c39-4544-8688-d80ce1acb328].
2025-06-09 11:01:09.072 -05:00 [INF] Connected [b6d2411d-8c39-4544-8688-d80ce1acb328].
2025-06-09 11:05:17.708 -05:00 [INF] Disconnected [b6d2411d-8c39-4544-8688-d80ce1acb328].
2025-06-09 11:05:17.766 -05:00 [INF] [Player.CompleteLogout] Done saving Boss (hard logout, b9b54b76-1b80-4162-8341-98fc1247294b)
2025-06-09 11:06:45.871 -05:00 [INF] Connection approved [f98cb43d-cf74-46d5-9b70-be99923a7e5c].
2025-06-09 11:06:45.879 -05:00 [INF] Connected [f98cb43d-cf74-46d5-9b70-be99923a7e5c].
2025-06-09 11:10:26.973 -05:00 [INF] Disconnected [f98cb43d-cf74-46d5-9b70-be99923a7e5c].
2025-06-09 11:10:26.975 -05:00 [INF] [Player.CompleteLogout] Done saving Boss (hard logout, b9b54b76-1b80-4162-8341-98fc1247294b)
2025-06-09 11:11:00.118 -05:00 [INF] Connection approved [3c71da5b-ca7d-465c-a30f-accee94a3d0e].
2025-06-09 11:11:00.136 -05:00 [INF] Connected [3c71da5b-ca7d-465c-a30f-accee94a3d0e].
2025-06-09 11:36:44.561 -05:00 [INF] Disconnected [3c71da5b-ca7d-465c-a30f-accee94a3d0e].
2025-06-09 11:36:44.566 -05:00 [INF] [Player.CompleteLogout] Done saving Boss (hard logout, b9b54b76-1b80-4162-8341-98fc1247294b)
2025-06-09 11:45:57.439 -05:00 [INF] Connection approved [37e9644d-b618-4b22-80e8-47ec3315034b].
2025-06-09 11:45:57.440 -05:00 [INF] Connected [37e9644d-b618-4b22-80e8-47ec3315034b].
2025-06-09 11:47:24.536 -05:00 [INF] Disconnected [37e9644d-b618-4b22-80e8-47ec3315034b].
2025-06-09 11:47:24.538 -05:00 [INF] [Player.CompleteLogout] Done saving Boss (hard logout, b9b54b76-1b80-4162-8341-98fc1247294b)
2025-06-09 11:48:55.943 -05:00 [INF] Connection approved [da9dc961-bd64-4a06-b6af-fd8edb1384fb].
2025-06-09 11:48:55.944 -05:00 [INF] Connected [da9dc961-bd64-4a06-b6af-fd8edb1384fb].
2025-06-09 11:49:30.521 -05:00 [INF] Disconnected [da9dc961-bd64-4a06-b6af-fd8edb1384fb].
2025-06-09 11:49:30.522 -05:00 [INF] [Player.CompleteLogout] Done saving Boss (hard logout, b9b54b76-1b80-4162-8341-98fc1247294b)
2025-06-09 11:50:11.909 -05:00 [INF] Connection approved [756bf348-a532-4c3b-9658-5c4df6d14698].
2025-06-09 11:50:11.925 -05:00 [INF] Connected [756bf348-a532-4c3b-9658-5c4df6d14698].
2025-06-09 11:51:34.709 -05:00 [INF] Disconnected [756bf348-a532-4c3b-9658-5c4df6d14698].
2025-06-09 11:51:34.711 -05:00 [INF] [Player.CompleteLogout] Done saving Boss (hard logout, b9b54b76-1b80-4162-8341-98fc1247294b)
2025-06-09 12:09:02.441 -05:00 [INF] Connection approved [12b7ae05-f49c-4baf-90ae-7411bf231b91].
2025-06-09 12:09:02.455 -05:00 [INF] Connected [12b7ae05-f49c-4baf-90ae-7411bf231b91].
2025-06-09 12:11:15.385 -05:00 [WRN] Successfully removed 5 items from slot Intersect.Server.Database.PlayerData.Players.InventorySlot for player b9b54b76-1b80-4162-8341-98fc1247294b at BuyItem(int slot, int amount)
2025-06-09 12:11:17.129 -05:00 [WRN] Successfully removed 5 items from slot Intersect.Server.Database.PlayerData.Players.InventorySlot for player b9b54b76-1b80-4162-8341-98fc1247294b at BuyItem(int slot, int amount)
2025-06-09 12:12:22.527 -05:00 [WRN] Successfully removed 10 items from slot Intersect.Server.Database.PlayerData.Players.InventorySlot for player b9b54b76-1b80-4162-8341-98fc1247294b at BuyItem(int slot, int amount)
2025-06-09 12:13:31.789 -05:00 [WRN] Successfully removed 5 items from slot Intersect.Server.Database.PlayerData.Players.InventorySlot for player b9b54b76-1b80-4162-8341-98fc1247294b at BuyItem(int slot, int amount)
2025-06-09 12:13:32.861 -05:00 [WRN] Successfully removed 5 items from slot Intersect.Server.Database.PlayerData.Players.InventorySlot for player b9b54b76-1b80-4162-8341-98fc1247294b at BuyItem(int slot, int amount)
2025-06-09 12:13:33.806 -05:00 [WRN] Successfully removed 5 items from slot Intersect.Server.Database.PlayerData.Players.InventorySlot for player b9b54b76-1b80-4162-8341-98fc1247294b at BuyItem(int slot, int amount)
2025-06-09 12:19:30.839 -05:00 [INF] Disconnected [12b7ae05-f49c-4baf-90ae-7411bf231b91].
2025-06-09 12:19:30.841 -05:00 [INF] [Player.CompleteLogout] Done saving Boss (hard logout, b9b54b76-1b80-4162-8341-98fc1247294b)
2025-06-09 12:20:07.178 -05:00 [INF] Connection approved [1ee09396-316e-4a7a-b1b9-63363930b233].
2025-06-09 12:20:07.179 -05:00 [INF] Connected [1ee09396-316e-4a7a-b1b9-63363930b233].
2025-06-09 12:38:16.048 -05:00 [INF] Disconnected [1ee09396-316e-4a7a-b1b9-63363930b233].
2025-06-09 12:38:16.049 -05:00 [INF] [Player.CompleteLogout] Done saving Boss (hard logout, b9b54b76-1b80-4162-8341-98fc1247294b)
2025-06-09 12:45:30.605 -05:00 [INF] Connection approved [21a8a5a9-ca55-4776-93e4-36c81d005aeb].
2025-06-09 12:45:30.615 -05:00 [INF] Connected [21a8a5a9-ca55-4776-93e4-36c81d005aeb].
2025-06-09 12:57:13.694 -05:00 [INF] Disconnected [21a8a5a9-ca55-4776-93e4-36c81d005aeb].
2025-06-09 12:57:13.696 -05:00 [INF] [Player.CompleteLogout] Done saving Boss (hard logout, b9b54b76-1b80-4162-8341-98fc1247294b)
2025-06-09 13:04:13.574 -05:00 [INF] Connection approved [065fcc5b-d8be-46fe-bc07-e07327e433b9].
2025-06-09 13:04:13.577 -05:00 [INF] Connected [065fcc5b-d8be-46fe-bc07-e07327e433b9].
2025-06-09 13:05:05.447 -05:00 [INF] Disconnected [065fcc5b-d8be-46fe-bc07-e07327e433b9].
2025-06-09 13:05:05.448 -05:00 [INF] [Player.CompleteLogout] Done saving Boss (hard logout, b9b54b76-1b80-4162-8341-98fc1247294b)
2025-06-09 13:05:18.413 -05:00 [INF] Connection approved [882e1ac5-ab79-496b-a4f2-e93bdb39e222].
2025-06-09 13:05:18.416 -05:00 [INF] Connected [882e1ac5-ab79-496b-a4f2-e93bdb39e222].
2025-06-09 13:05:48.988 -05:00 [INF] Disconnected [882e1ac5-ab79-496b-a4f2-e93bdb39e222].
2025-06-09 13:05:48.989 -05:00 [INF] [Player.CompleteLogout] Done saving Boss (hard logout, b9b54b76-1b80-4162-8341-98fc1247294b)
2025-06-09 13:09:03.555 -05:00 [INF] Connection approved [d098e7d7-bff8-42fa-81df-54aaef6374ba].
2025-06-09 13:09:03.563 -05:00 [INF] Connected [d098e7d7-bff8-42fa-81df-54aaef6374ba].
2025-06-09 13:31:45.658 -05:00 [WRN] Successfully removed 5 items from slot Intersect.Server.Database.PlayerData.Players.InventorySlot for player b9b54b76-1b80-4162-8341-98fc1247294b at BuyItem(int slot, int amount)
2025-06-09 13:32:34.813 -05:00 [INF] Disconnected [d098e7d7-bff8-42fa-81df-54aaef6374ba].
2025-06-09 13:32:34.815 -05:00 [INF] [Player.CompleteLogout] Done saving Boss (hard logout, b9b54b76-1b80-4162-8341-98fc1247294b)
2025-06-09 13:33:21.430 -05:00 [INF] Connection approved [2052d23b-41d9-4503-a7bb-565a1c1d851c].
2025-06-09 13:33:21.435 -05:00 [INF] Connected [2052d23b-41d9-4503-a7bb-565a1c1d851c].
2025-06-09 13:35:43.131 -05:00 [INF] Disconnected [2052d23b-41d9-4503-a7bb-565a1c1d851c].
2025-06-09 13:35:43.135 -05:00 [INF] [Player.CompleteLogout] Done saving Boss (hard logout, b9b54b76-1b80-4162-8341-98fc1247294b)
2025-06-09 13:39:54.980 -05:00 [INF] Connection approved [75317067-eb8f-458e-ac90-e55c9e800f5b].
2025-06-09 13:39:54.992 -05:00 [INF] Connected [75317067-eb8f-458e-ac90-e55c9e800f5b].
2025-06-09 13:39:57.933 -05:00 [INF] Disconnected [75317067-eb8f-458e-ac90-e55c9e800f5b].
2025-06-09 13:40:30.953 -05:00 [INF] Connection approved [a6a8bfe0-01a1-4097-8e3a-382d4d40352d].
2025-06-09 13:40:30.975 -05:00 [INF] Connected [a6a8bfe0-01a1-4097-8e3a-382d4d40352d].
2025-06-09 13:43:21.878 -05:00 [WRN] Successfully removed 5 items from slot Intersect.Server.Database.PlayerData.Players.InventorySlot for player b9b54b76-1b80-4162-8341-98fc1247294b at BuyItem(int slot, int amount)
2025-06-09 13:43:23.173 -05:00 [WRN] Successfully removed 5 items from slot Intersect.Server.Database.PlayerData.Players.InventorySlot for player b9b54b76-1b80-4162-8341-98fc1247294b at BuyItem(int slot, int amount)
2025-06-09 13:43:24.584 -05:00 [WRN] Successfully removed 5 items from slot Intersect.Server.Database.PlayerData.Players.InventorySlot for player b9b54b76-1b80-4162-8341-98fc1247294b at BuyItem(int slot, int amount)
2025-06-09 13:43:25.359 -05:00 [WRN] Successfully removed 5 items from slot Intersect.Server.Database.PlayerData.Players.InventorySlot for player b9b54b76-1b80-4162-8341-98fc1247294b at BuyItem(int slot, int amount)
2025-06-09 13:43:26.267 -05:00 [WRN] Successfully removed 5 items from slot Intersect.Server.Database.PlayerData.Players.InventorySlot for player b9b54b76-1b80-4162-8341-98fc1247294b at BuyItem(int slot, int amount)
2025-06-09 13:43:30.697 -05:00 [WRN] Successfully removed 5 items from slot Intersect.Server.Database.PlayerData.Players.InventorySlot for player b9b54b76-1b80-4162-8341-98fc1247294b at BuyItem(int slot, int amount)
2025-06-09 13:43:31.364 -05:00 [WRN] Successfully removed 5 items from slot Intersect.Server.Database.PlayerData.Players.InventorySlot for player b9b54b76-1b80-4162-8341-98fc1247294b at BuyItem(int slot, int amount)
2025-06-09 13:43:32.170 -05:00 [WRN] Successfully removed 5 items from slot Intersect.Server.Database.PlayerData.Players.InventorySlot for player b9b54b76-1b80-4162-8341-98fc1247294b at BuyItem(int slot, int amount)
2025-06-09 13:43:46.576 -05:00 [WRN] Successfully removed 10 items from slot Intersect.Server.Database.PlayerData.Players.InventorySlot for player b9b54b76-1b80-4162-8341-98fc1247294b at BuyItem(int slot, int amount)
2025-06-09 13:44:47.659 -05:00 [WRN] Successfully removed 5 items from slot Intersect.Server.Database.PlayerData.Players.InventorySlot for player b9b54b76-1b80-4162-8341-98fc1247294b at BuyItem(int slot, int amount)
2025-06-09 13:44:48.576 -05:00 [WRN] Successfully removed 5 items from slot Intersect.Server.Database.PlayerData.Players.InventorySlot for player b9b54b76-1b80-4162-8341-98fc1247294b at BuyItem(int slot, int amount)
2025-06-09 13:44:49.319 -05:00 [WRN] Successfully removed 5 items from slot Intersect.Server.Database.PlayerData.Players.InventorySlot for player b9b54b76-1b80-4162-8341-98fc1247294b at BuyItem(int slot, int amount)
2025-06-09 13:44:50.066 -05:00 [WRN] Successfully removed 5 items from slot Intersect.Server.Database.PlayerData.Players.InventorySlot for player b9b54b76-1b80-4162-8341-98fc1247294b at BuyItem(int slot, int amount)
2025-06-09 13:44:50.800 -05:00 [WRN] Successfully removed 5 items from slot Intersect.Server.Database.PlayerData.Players.InventorySlot for player b9b54b76-1b80-4162-8341-98fc1247294b at BuyItem(int slot, int amount)
2025-06-09 13:44:51.516 -05:00 [WRN] Successfully removed 5 items from slot Intersect.Server.Database.PlayerData.Players.InventorySlot for player b9b54b76-1b80-4162-8341-98fc1247294b at BuyItem(int slot, int amount)
2025-06-09 13:44:52.277 -05:00 [WRN] Successfully removed 5 items from slot Intersect.Server.Database.PlayerData.Players.InventorySlot for player b9b54b76-1b80-4162-8341-98fc1247294b at BuyItem(int slot, int amount)
2025-06-09 13:44:52.965 -05:00 [WRN] Successfully removed 5 items from slot Intersect.Server.Database.PlayerData.Players.InventorySlot for player b9b54b76-1b80-4162-8341-98fc1247294b at BuyItem(int slot, int amount)
2025-06-09 13:44:53.680 -05:00 [WRN] Successfully removed 5 items from slot Intersect.Server.Database.PlayerData.Players.InventorySlot for player b9b54b76-1b80-4162-8341-98fc1247294b at BuyItem(int slot, int amount)
2025-06-09 13:44:54.477 -05:00 [WRN] Successfully removed 5 items from slot Intersect.Server.Database.PlayerData.Players.InventorySlot for player b9b54b76-1b80-4162-8341-98fc1247294b at BuyItem(int slot, int amount)
2025-06-09 17:02:58.846 -05:00 [INF] Disconnected [a6a8bfe0-01a1-4097-8e3a-382d4d40352d].
2025-06-09 17:02:58.849 -05:00 [INF] [Player.CompleteLogout] Done saving Boss (hard logout, b9b54b76-1b80-4162-8341-98fc1247294b)
2025-06-09 17:04:02.443 -05:00 [INF] Connection approved [89b1fc3a-91b9-4a06-8d3e-8f971c563239].
2025-06-09 17:04:02.448 -05:00 [INF] Connected [89b1fc3a-91b9-4a06-8d3e-8f971c563239].
2025-06-09 17:12:29.898 -05:00 [INF] Disconnected [89b1fc3a-91b9-4a06-8d3e-8f971c563239].
2025-06-09 17:12:29.910 -05:00 [INF] [Player.CompleteLogout] Done saving Boss (hard logout, b9b54b76-1b80-4162-8341-98fc1247294b)
2025-06-09 17:13:19.342 -05:00 [INF] Connection approved [def63e8d-effe-4000-b730-80cae3720232].
2025-06-09 17:13:19.344 -05:00 [INF] Connected [def63e8d-effe-4000-b730-80cae3720232].
2025-06-09 17:14:15.467 -05:00 [INF] Disconnected [def63e8d-effe-4000-b730-80cae3720232].
2025-06-09 17:14:15.469 -05:00 [INF] [Player.CompleteLogout] Done saving Boss (hard logout, b9b54b76-1b80-4162-8341-98fc1247294b)
2025-06-09 17:17:09.257 -05:00 [INF] Connection approved [6a58b226-690d-47a1-aa07-c56f8a51d32e].
2025-06-09 17:17:09.259 -05:00 [INF] Connected [6a58b226-690d-47a1-aa07-c56f8a51d32e].
2025-06-09 17:17:39.921 -05:00 [INF] Previous instance was 00000000-0000-0000-0000-000000000000
2025-06-09 17:18:27.648 -05:00 [INF] Disconnected [6a58b226-690d-47a1-aa07-c56f8a51d32e].
2025-06-09 17:18:27.649 -05:00 [INF] [Player.CompleteLogout] Done saving Boss (hard logout, b9b54b76-1b80-4162-8341-98fc1247294b)
2025-06-09 17:19:51.907 -05:00 [INF] Connection approved [4d763c70-2803-41af-9c24-eafc9983fa28].
2025-06-09 17:19:51.909 -05:00 [INF] Connected [4d763c70-2803-41af-9c24-eafc9983fa28].
2025-06-09 17:19:54.581 -05:00 [INF] Previous instance was 00000000-0000-0000-0000-000000000000
2025-06-09 17:23:38.815 -05:00 [INF] Disconnected [4d763c70-2803-41af-9c24-eafc9983fa28].
2025-06-09 17:23:38.816 -05:00 [INF] [Player.CompleteLogout] Done saving Boss (hard logout, b9b54b76-1b80-4162-8341-98fc1247294b)
2025-06-09 17:46:36.408 -05:00 [INF] Connection approved [bfebdff7-d5da-4f7e-ba78-4dc37998a8cb].
2025-06-09 17:46:36.422 -05:00 [INF] Connected [bfebdff7-d5da-4f7e-ba78-4dc37998a8cb].
2025-06-09 17:46:39.059 -05:00 [INF] Previous instance was 00000000-0000-0000-0000-000000000000
2025-06-09 17:46:48.000 -05:00 [INF] Disconnected [bfebdff7-d5da-4f7e-ba78-4dc37998a8cb].
2025-06-09 17:46:48.001 -05:00 [INF] [Player.CompleteLogout] Done saving Boss (hard logout, b9b54b76-1b80-4162-8341-98fc1247294b)
2025-06-09 17:46:58.340 -05:00 [INF] Connection approved [9cbc77d8-a761-4221-9fc9-19350c78182f].
2025-06-09 17:46:58.346 -05:00 [INF] Connected [9cbc77d8-a761-4221-9fc9-19350c78182f].
2025-06-09 17:47:02.054 -05:00 [INF] Previous instance was 00000000-0000-0000-0000-000000000000
2025-06-09 17:47:46.264 -05:00 [INF] Disconnected [9cbc77d8-a761-4221-9fc9-19350c78182f].
2025-06-09 17:47:46.265 -05:00 [INF] [Player.CompleteLogout] Done saving Boss (hard logout, b9b54b76-1b80-4162-8341-98fc1247294b)
2025-06-09 17:53:37.753 -05:00 [INF] Connection approved [2d3a6e14-7cf0-4e53-bb4c-3a81948f419d].
2025-06-09 17:53:37.760 -05:00 [INF] Connected [2d3a6e14-7cf0-4e53-bb4c-3a81948f419d].
2025-06-09 17:53:41.302 -05:00 [INF] Previous instance was 00000000-0000-0000-0000-000000000000
2025-06-09 17:53:49.068 -05:00 [INF] Disconnected [2d3a6e14-7cf0-4e53-bb4c-3a81948f419d].
2025-06-09 17:53:49.069 -05:00 [INF] [Player.CompleteLogout] Done saving Boss (hard logout, b9b54b76-1b80-4162-8341-98fc1247294b)
2025-06-09 17:54:05.295 -05:00 [INF] Connection approved [7121fe87-4db8-4f1b-a51f-e8b7c532a232].
2025-06-09 17:54:05.302 -05:00 [INF] Connected [7121fe87-4db8-4f1b-a51f-e8b7c532a232].
2025-06-09 17:54:08.097 -05:00 [INF] Previous instance was 00000000-0000-0000-0000-000000000000
2025-06-09 17:54:27.273 -05:00 [INF] Disconnected [7121fe87-4db8-4f1b-a51f-e8b7c532a232].
2025-06-09 17:54:27.275 -05:00 [INF] [Player.CompleteLogout] Done saving Boss (hard logout, b9b54b76-1b80-4162-8341-98fc1247294b)
2025-06-09 17:55:58.675 -05:00 [INF] Connection approved [a05993dc-0905-49f7-9596-7b5932f2cf36].
2025-06-09 17:55:58.685 -05:00 [INF] Connected [a05993dc-0905-49f7-9596-7b5932f2cf36].
2025-06-09 17:56:01.212 -05:00 [INF] Previous instance was 00000000-0000-0000-0000-000000000000
2025-06-09 17:56:28.081 -05:00 [INF] Disconnected [a05993dc-0905-49f7-9596-7b5932f2cf36].
2025-06-09 17:56:28.082 -05:00 [INF] [Player.CompleteLogout] Done saving Boss (hard logout, b9b54b76-1b80-4162-8341-98fc1247294b)
2025-06-09 17:57:03.714 -05:00 [INF] Connection approved [17a5df91-5da5-469d-9dad-50d41eaeaf99].
2025-06-09 17:57:03.720 -05:00 [INF] Connected [17a5df91-5da5-469d-9dad-50d41eaeaf99].
2025-06-09 17:57:06.389 -05:00 [INF] Previous instance was 00000000-0000-0000-0000-000000000000
2025-06-09 17:57:45.791 -05:00 [INF] Disconnected [17a5df91-5da5-469d-9dad-50d41eaeaf99].
2025-06-09 17:57:54.176 -05:00 [INF] [Player.CompleteLogout] Done saving Boss (hard logout, b9b54b76-1b80-4162-8341-98fc1247294b)
2025-06-09 17:58:10.035 -05:00 [INF] Connection approved [0e6c2455-7f84-4d5c-9ea5-09d4dfb45d38].
2025-06-09 17:58:10.047 -05:00 [INF] Connected [0e6c2455-7f84-4d5c-9ea5-09d4dfb45d38].
2025-06-09 17:58:12.649 -05:00 [INF] Previous instance was 00000000-0000-0000-0000-000000000000
2025-06-09 17:58:41.736 -05:00 [INF] Disconnected [0e6c2455-7f84-4d5c-9ea5-09d4dfb45d38].
2025-06-09 17:58:45.614 -05:00 [INF] [Player.CompleteLogout] Done saving Boss (hard logout, b9b54b76-1b80-4162-8341-98fc1247294b)
2025-06-09 17:59:06.070 -05:00 [INF] Connection approved [8c88362e-5a44-42bf-8ee9-b0f50ead59f5].
2025-06-09 17:59:06.071 -05:00 [INF] Connected [8c88362e-5a44-42bf-8ee9-b0f50ead59f5].
2025-06-09 17:59:08.613 -05:00 [INF] Previous instance was 00000000-0000-0000-0000-000000000000
2025-06-09 17:59:27.195 -05:00 [INF] Disconnected [8c88362e-5a44-42bf-8ee9-b0f50ead59f5].
2025-06-09 17:59:28.037 -05:00 [INF] [Player.CompleteLogout] Done saving Boss (hard logout, b9b54b76-1b80-4162-8341-98fc1247294b)
2025-06-09 18:12:19.884 -05:00 [INF] Connection approved [0d3d5df3-8ff4-4136-81f2-ea194391a4f6].
2025-06-09 18:12:19.891 -05:00 [INF] Connected [0d3d5df3-8ff4-4136-81f2-ea194391a4f6].
2025-06-09 18:12:22.687 -05:00 [INF] Previous instance was 00000000-0000-0000-0000-000000000000
2025-06-09 18:13:26.867 -05:00 [INF] Disconnected [0d3d5df3-8ff4-4136-81f2-ea194391a4f6].
2025-06-09 18:13:26.868 -05:00 [INF] [Player.CompleteLogout] Done saving Boss (hard logout, b9b54b76-1b80-4162-8341-98fc1247294b)
2025-06-09 18:29:30.575 -05:00 [INF] Connection approved [a148a78f-c7f8-428d-98d6-07d4ee929f11].
2025-06-09 18:29:30.593 -05:00 [INF] Connected [a148a78f-c7f8-428d-98d6-07d4ee929f11].
2025-06-09 18:32:22.149 -05:00 [INF] Disconnected [a148a78f-c7f8-428d-98d6-07d4ee929f11].
2025-06-09 18:32:22.151 -05:00 [INF] [Player.CompleteLogout] Done saving Boss (hard logout, 3c530335-b412-4a07-ade9-3f7c4059f22f)
2025-06-09 18:34:28.367 -05:00 [INF] Connection approved [c2b81f20-5073-4a08-96b0-cc5f8d53fdd3].
2025-06-09 18:34:28.375 -05:00 [INF] Connected [c2b81f20-5073-4a08-96b0-cc5f8d53fdd3].
2025-06-09 18:35:14.987 -05:00 [INF] Disconnected [c2b81f20-5073-4a08-96b0-cc5f8d53fdd3].
2025-06-09 18:35:14.989 -05:00 [INF] [Player.CompleteLogout] Done saving Boss (hard logout, 3c530335-b412-4a07-ade9-3f7c4059f22f)
2025-06-09 18:36:14.576 -05:00 [INF] Connection approved [35ecf0f8-652e-4484-a0ef-e5f7fdf8a55f].
2025-06-09 18:36:14.578 -05:00 [INF] Connected [35ecf0f8-652e-4484-a0ef-e5f7fdf8a55f].
2025-06-09 18:36:45.562 -05:00 [INF] Disconnected [35ecf0f8-652e-4484-a0ef-e5f7fdf8a55f].
2025-06-09 18:36:45.621 -05:00 [INF] [Player.CompleteLogout] Done saving Boss (hard logout, 3c530335-b412-4a07-ade9-3f7c4059f22f)
2025-06-09 18:37:14.616 -05:00 [INF] Connection approved [9e3b10fa-fa2b-4eb2-b7eb-c83a4499045f].
2025-06-09 18:37:14.617 -05:00 [INF] Connected [9e3b10fa-fa2b-4eb2-b7eb-c83a4499045f].
2025-06-09 18:48:03.742 -05:00 [INF] Disconnected [9e3b10fa-fa2b-4eb2-b7eb-c83a4499045f].
2025-06-09 18:48:03.746 -05:00 [INF] [Player.CompleteLogout] Done saving Boss (hard logout, 3c530335-b412-4a07-ade9-3f7c4059f22f)
2025-06-09 18:49:23.722 -05:00 [INF] Connection approved [6a910726-5fde-4064-921e-20e0a7af9b3b].
2025-06-09 18:49:23.723 -05:00 [INF] Connected [6a910726-5fde-4064-921e-20e0a7af9b3b].
2025-06-09 18:49:59.628 -05:00 [INF] Disconnected [6a910726-5fde-4064-921e-20e0a7af9b3b].
2025-06-09 18:49:59.634 -05:00 [INF] [Player.CompleteLogout] Done saving Boss (hard logout, 3c530335-b412-4a07-ade9-3f7c4059f22f)
2025-06-09 18:56:40.579 -05:00 [INF] Connection approved [fc11b693-2de0-427a-bf94-3549f2970d76].
2025-06-09 18:56:40.586 -05:00 [INF] Connected [fc11b693-2de0-427a-bf94-3549f2970d76].
2025-06-09 19:21:32.959 -05:00 [INF] Previous instance was 00000000-0000-0000-0000-000000000000
2025-06-09 19:22:10.531 -05:00 [INF] Previous instance was 70dab124-a8c3-4d33-b1c7-ca9541970426
2025-06-09 19:24:59.291 -05:00 [INF] Disconnected [fc11b693-2de0-427a-bf94-3549f2970d76].
2025-06-09 19:24:59.292 -05:00 [INF] [Player.CompleteLogout] Done saving Boss (hard logout, 3c530335-b412-4a07-ade9-3f7c4059f22f)
2025-06-09 19:50:03.874 -05:00 [INF] Disconnected [13813b51-c455-49ab-9aed-75b610a89cce].
