2026-06-02 19:45:34.180 -04:00 [INF] Starting Intersect Server v0.8.0.545-beta+cbc0cf74f8509896dccc5ead8febbfb9f398c715
2026-06-02 19:45:34.718 -04:00 [INF] Creating game context using SQLite...
2026-06-02 19:45:36.248 -04:00 [INF] Creating player context using SQLite...
2026-06-02 19:45:36.604 -04:00 [INF] Creating logging context using SQLite...
2026-06-02 19:45:37.991 -04:00 [WRN] Finished validating map events on all maps, there were 0 missing events and 0 corrected events
2026-06-02 19:45:38.567 -04:00 [INF] Discovered service type: Intersect.Plugins.PluginService
2026-06-02 19:45:38.571 -04:00 [INF] Discovered service type: Intersect.Server.Core.LogicService
2026-06-02 19:45:38.573 -04:00 [INF] Discovered service type: Intersect.Server.Web.ApiService
2026-06-02 19:45:38.610 -04:00 [INF] Discovered service type: Intersect.Server.Core.ConsoleService
2026-06-02 19:45:38.638 -04:00 [WRN] Directory was specified as a plugin directory but does not exist: 'resources\plugins'
2026-06-02 19:45:38.639 -04:00 [INF] Discovered 0 plugins:

2026-06-02 19:45:40.359 -04:00 [INF] InvalidPortCheckerResponse
2026-06-02 19:45:40.373 -04:00 [INF] Port 5400 is not open, trying UPnP...
2026-06-02 19:45:42.887 -04:00 [INF] Connection approved [5ecdb403-4dd3-4e5b-acb9-c5e409368fee].
2026-06-02 19:45:42.888 -04:00 [INF] Connected [5ecdb403-4dd3-4e5b-acb9-c5e409368fee].
2026-06-02 19:45:42.930 -04:00 [ERR] Error decrypting cipherdata
System.Security.Cryptography.AuthenticationTagMismatchException: The computed authentication tag did not match the input authentication tag.
   at System.Security.Cryptography.AeadCommon.Decrypt(SafeKeyHandle keyHandle, ReadOnlySpan`1 nonce, ReadOnlySpan`1 associatedData, ReadOnlySpan`1 ciphertext, ReadOnlySpan`1 tag, Span`1 plaintext, Boolean clearPlaintextOnFailure)
   at System.Security.Cryptography.AesGcm.Decrypt(ReadOnlySpan`1 nonce, ReadOnlySpan`1 ciphertext, ReadOnlySpan`1 tag, Span`1 plaintext, ReadOnlySpan`1 associatedData)
   at Intersect.Network.LiteNetLib.AesGcmAlgorithm.TryDecrypt(ReadOnlySpan`1 cipherdata, ReadOnlySpan`1& plaindata) in D:\a\Intersect-Engine\Intersect-Engine\Intersect.Network\LiteNetLib\AesGcmAlgorithm.cs:line 187
2026-06-02 19:45:42.940 -04:00 [WRN] SDER: 5ecdb403-4dd3-4e5b-acb9-c5e409368fee Error
2026-06-02 19:45:42.942 -04:00 [WRN] FPIM: 127.0.0.1:54184 / 5ecdb403-4dd3-4e5b-acb9-c5e409368fee
2026-06-02 19:45:45.380 -04:00 [ERR] UPnP Service Initialization Failed. You might not have a router, or UPnP on your router might be disabled.
Open.Nat.NatDeviceNotFoundException: Exception of type 'Open.Nat.NatDeviceNotFoundException' was thrown.
   at Open.Nat.NatDiscoverer.DiscoverDeviceAsync(PortMapper portMapper, CancellationTokenSource cancellationTokenSource)
   at Intersect.Server.Networking.Helpers.UpnP.ConnectNatDevice() in D:\a\Intersect-Engine\Intersect-Engine\Intersect.Server\Networking\Helpers\UPnP.cs:line 26
2026-06-02 19:45:45.387 -04:00 [WRN] UPnP failed. Please verify the server status manually using a client.
2026-06-02 19:45:45.460 -04:00 [INF] Unpacking appsettings...
2026-06-02 19:45:45.665 -04:00 [INF] Launching Intersect REST API in 'Production' mode...
2026-06-02 19:49:58.761 -04:00 [INF] Disconnected [5ecdb403-4dd3-4e5b-acb9-c5e409368fee].
2026-06-02 19:50:07.622 -04:00 [INF] Connection approved [6a6de81f-2db4-4f4b-a119-0aa4379b749d].
2026-06-02 19:50:07.629 -04:00 [INF] Connected [6a6de81f-2db4-4f4b-a119-0aa4379b749d].
2026-06-02 19:50:35.206 -04:00 [INF] Disconnected [6a6de81f-2db4-4f4b-a119-0aa4379b749d].
2026-06-02 19:50:35.219 -04:00 [INF] [Player.CompleteLogout] Done saving Boss (hard logout, 8b3fc63e-6177-49a7-a9ee-49fdb7919a17)
2026-06-02 19:50:40.683 -04:00 [INF] Connection approved [2cb7bbbd-724d-4f8a-8b75-29eb06b424df].
2026-06-02 19:50:40.685 -04:00 [INF] Connected [2cb7bbbd-724d-4f8a-8b75-29eb06b424df].
2026-06-02 19:58:17.012 -04:00 [INF] Disconnected [2cb7bbbd-724d-4f8a-8b75-29eb06b424df].
