2026-06-01 21:27:19.156 -04:00 [INF] Starting Intersect Server v0.8.0.545-beta+cbc0cf74f8509896dccc5ead8febbfb9f398c715
2026-06-01 21:27:19.726 -04:00 [INF] Creating game context using SQLite...
2026-06-01 21:27:21.013 -04:00 [INF] Creating player context using SQLite...
2026-06-01 21:27:21.353 -04:00 [INF] Creating logging context using SQLite...
2026-06-01 21:27:22.651 -04:00 [WRN] Finished validating map events on all maps, there were 0 missing events and 0 corrected events
2026-06-01 21:27:23.241 -04:00 [INF] Discovered service type: Intersect.Plugins.PluginService
2026-06-01 21:27:23.246 -04:00 [INF] Discovered service type: Intersect.Server.Core.LogicService
2026-06-01 21:27:23.249 -04:00 [INF] Discovered service type: Intersect.Server.Web.ApiService
2026-06-01 21:27:23.291 -04:00 [INF] Discovered service type: Intersect.Server.Core.ConsoleService
2026-06-01 21:27:23.324 -04:00 [WRN] Directory was specified as a plugin directory but does not exist: 'resources\plugins'
2026-06-01 21:27:23.327 -04:00 [INF] Discovered 0 plugins:

2026-06-01 21:27:25.078 -04:00 [INF] InvalidPortCheckerResponse
2026-06-01 21:27:25.101 -04:00 [INF] Port 5400 is not open, trying UPnP...
2026-06-01 21:27:30.118 -04:00 [ERR] UPnP Service Initialization Failed. You might not have a router, or UPnP on your router might be disabled.
Open.Nat.NatDeviceNotFoundException: Exception of type 'Open.Nat.NatDeviceNotFoundException' was thrown.
   at Open.Nat.NatDiscoverer.DiscoverDeviceAsync(PortMapper portMapper, CancellationTokenSource cancellationTokenSource)
   at Intersect.Server.Networking.Helpers.UpnP.ConnectNatDevice() in D:\a\Intersect-Engine\Intersect-Engine\Intersect.Server\Networking\Helpers\UPnP.cs:line 26
2026-06-01 21:27:30.140 -04:00 [WRN] UPnP failed. Please verify the server status manually using a client.
2026-06-01 21:27:30.257 -04:00 [INF] Unpacking appsettings...
2026-06-01 21:27:30.477 -04:00 [INF] Launching Intersect REST API in 'Production' mode...
2026-06-01 21:28:04.858 -04:00 [INF] Connection approved [b0760290-44d4-42e0-a92d-05f66ae0d373].
2026-06-01 21:28:04.860 -04:00 [INF] Connected [b0760290-44d4-42e0-a92d-05f66ae0d373].
2026-06-01 21:34:52.158 -04:00 [INF] Disconnected [b0760290-44d4-42e0-a92d-05f66ae0d373].
