2026-06-04 20:12:36.425 -04:00 [INF] Starting Intersect Server v0.8.0.545-beta+cbc0cf74f8509896dccc5ead8febbfb9f398c715
2026-06-04 20:12:37.043 -04:00 [INF] Creating game context using SQLite...
2026-06-04 20:12:39.047 -04:00 [INF] Creating player context using SQLite...
2026-06-04 20:12:39.535 -04:00 [INF] Creating logging context using SQLite...
2026-06-04 20:12:41.881 -04:00 [WRN] Finished validating map events on all maps, there were 0 missing events and 0 corrected events
2026-06-04 20:12:43.117 -04:00 [INF] Discovered service type: Intersect.Plugins.PluginService
2026-06-04 20:12:43.122 -04:00 [INF] Discovered service type: Intersect.Server.Core.LogicService
2026-06-04 20:12:43.127 -04:00 [INF] Discovered service type: Intersect.Server.Web.ApiService
2026-06-04 20:12:43.214 -04:00 [INF] Discovered service type: Intersect.Server.Core.ConsoleService
2026-06-04 20:12:43.270 -04:00 [WRN] Directory was specified as a plugin directory but does not exist: 'resources\plugins'
2026-06-04 20:12:43.273 -04:00 [INF] Discovered 0 plugins:

2026-06-04 20:12:44.989 -04:00 [INF] InvalidPortCheckerResponse
2026-06-04 20:12:45.051 -04:00 [INF] Port 5400 is not open, trying UPnP...
2026-06-04 20:12:50.079 -04:00 [ERR] UPnP Service Initialization Failed. You might not have a router, or UPnP on your router might be disabled.
Open.Nat.NatDeviceNotFoundException: Exception of type 'Open.Nat.NatDeviceNotFoundException' was thrown.
   at Open.Nat.NatDiscoverer.DiscoverDeviceAsync(PortMapper portMapper, CancellationTokenSource cancellationTokenSource)
   at Intersect.Server.Networking.Helpers.UpnP.ConnectNatDevice() in D:\a\Intersect-Engine\Intersect-Engine\Intersect.Server\Networking\Helpers\UPnP.cs:line 26
2026-06-04 20:12:50.112 -04:00 [WRN] UPnP failed. Please verify the server status manually using a client.
2026-06-04 20:12:50.286 -04:00 [INF] Unpacking appsettings...
2026-06-04 20:12:50.719 -04:00 [INF] Launching Intersect REST API in 'Production' mode...
2026-06-04 20:13:12.023 -04:00 [INF] Connection approved [7d2affa7-7917-4757-8aeb-93df3195db52].
2026-06-04 20:13:12.028 -04:00 [INF] Connected [7d2affa7-7917-4757-8aeb-93df3195db52].
2026-06-04 20:17:58.072 -04:00 [INF] Disconnected [7d2affa7-7917-4757-8aeb-93df3195db52].
2026-06-04 20:17:58.120 -04:00 [INF] [Player.CompleteLogout] Done saving Boss (hard logout, d06ec8a0-1bc2-4b7c-80f5-e267cf6271b8)
2026-06-04 20:18:04.056 -04:00 [INF] Connection approved [27f1d225-19c3-4918-96cf-2ece19b8c678].
2026-06-04 20:18:04.060 -04:00 [INF] Connected [27f1d225-19c3-4918-96cf-2ece19b8c678].
2026-06-04 20:46:40.818 -04:00 [INF] Disconnected [27f1d225-19c3-4918-96cf-2ece19b8c678].
