2026-06-01 21:11:46.302 -04:00 [INF] Starting Intersect Server v0.8.0.545-beta+cbc0cf74f8509896dccc5ead8febbfb9f398c715
2026-06-01 21:11:46.791 -04:00 [INF] Creating game context using SQLite...
2026-06-01 21:11:48.280 -04:00 [INF] Creating player context using SQLite...
2026-06-01 21:11:48.781 -04:00 [INF] Creating logging context using SQLite...
2026-06-01 21:11:50.863 -04:00 [WRN] Finished validating map events on all maps, there were 0 missing events and 0 corrected events
2026-06-01 21:11:51.517 -04:00 [INF] Discovered service type: Intersect.Plugins.PluginService
2026-06-01 21:11:51.519 -04:00 [INF] Discovered service type: Intersect.Server.Core.LogicService
2026-06-01 21:11:51.521 -04:00 [INF] Discovered service type: Intersect.Server.Web.ApiService
2026-06-01 21:11:51.559 -04:00 [INF] Discovered service type: Intersect.Server.Core.ConsoleService
2026-06-01 21:11:51.589 -04:00 [WRN] Directory was specified as a plugin directory but does not exist: 'resources\plugins'
2026-06-01 21:11:51.592 -04:00 [INF] Discovered 0 plugins:

2026-06-01 21:11:53.368 -04:00 [INF] InvalidPortCheckerResponse
2026-06-01 21:11:53.379 -04:00 [INF] Port 5400 is not open, trying UPnP...
2026-06-01 21:11:58.388 -04:00 [ERR] UPnP Service Initialization Failed. You might not have a router, or UPnP on your router might be disabled.
Open.Nat.NatDeviceNotFoundException: Exception of type 'Open.Nat.NatDeviceNotFoundException' was thrown.
   at Open.Nat.NatDiscoverer.DiscoverDeviceAsync(PortMapper portMapper, CancellationTokenSource cancellationTokenSource)
   at Intersect.Server.Networking.Helpers.UpnP.ConnectNatDevice() in D:\a\Intersect-Engine\Intersect-Engine\Intersect.Server\Networking\Helpers\UPnP.cs:line 26
2026-06-01 21:11:58.403 -04:00 [WRN] UPnP failed. Please verify the server status manually using a client.
2026-06-01 21:11:58.476 -04:00 [INF] Unpacking appsettings...
2026-06-01 21:11:58.661 -04:00 [INF] Launching Intersect REST API in 'Production' mode...
2026-06-01 21:11:58.835 -04:00 [INF] Connection approved [c9eb25b5-9555-4958-80d3-947bfc6e7c97].
2026-06-01 21:11:58.836 -04:00 [INF] Connected [c9eb25b5-9555-4958-80d3-947bfc6e7c97].
2026-06-01 21:12:26.455 -04:00 [INF] Disconnected [c9eb25b5-9555-4958-80d3-947bfc6e7c97].
