2026-06-07 13:18:36.955 -05:00 [INF] Starting Intersect Server v0.8.0.545-beta+cbc0cf74f8509896dccc5ead8febbfb9f398c715
2026-06-07 13:18:37.582 -05:00 [INF] Creating game context using SQLite...
2026-06-07 13:18:39.590 -05:00 [INF] Creating player context using SQLite...
2026-06-07 13:18:40.034 -05:00 [INF] Creating logging context using SQLite...
2026-06-07 13:18:42.161 -05:00 [WRN] Finished validating map events on all maps, there were 0 missing events and 0 corrected events
2026-06-07 13:18:43.111 -05:00 [INF] Discovered service type: Intersect.Plugins.PluginService
2026-06-07 13:18:43.115 -05:00 [INF] Discovered service type: Intersect.Server.Core.LogicService
2026-06-07 13:18:43.119 -05:00 [INF] Discovered service type: Intersect.Server.Web.ApiService
2026-06-07 13:18:43.160 -05:00 [INF] Discovered service type: Intersect.Server.Core.ConsoleService
2026-06-07 13:18:43.189 -05:00 [WRN] Directory was specified as a plugin directory but does not exist: 'resources\plugins'
2026-06-07 13:18:43.191 -05:00 [INF] Discovered 0 plugins:

2026-06-07 13:18:44.811 -05:00 [INF] InvalidPortCheckerResponse
2026-06-07 13:18:44.823 -05:00 [INF] Port 5400 is not open, trying UPnP...
2026-06-07 13:18:49.844 -05:00 [ERR] UPnP Service Initialization Failed. You might not have a router, or UPnP on your router might be disabled.
Open.Nat.NatDeviceNotFoundException: Exception of type 'Open.Nat.NatDeviceNotFoundException' was thrown.
   at Open.Nat.NatDiscoverer.DiscoverDeviceAsync(PortMapper portMapper, CancellationTokenSource cancellationTokenSource)
   at Intersect.Server.Networking.Helpers.UpnP.ConnectNatDevice() in D:\a\Intersect-Engine\Intersect-Engine\Intersect.Server\Networking\Helpers\UPnP.cs:line 26
2026-06-07 13:18:49.858 -05:00 [WRN] UPnP failed. Please verify the server status manually using a client.
2026-06-07 13:18:49.917 -05:00 [INF] Unpacking appsettings...
2026-06-07 13:18:50.059 -05:00 [INF] Launching Intersect REST API in 'Production' mode...
2026-06-07 13:18:58.921 -05:00 [INF] Connection approved [02597e52-b95e-43c8-8bc6-30090f962227].
2026-06-07 13:18:58.923 -05:00 [INF] Connected [02597e52-b95e-43c8-8bc6-30090f962227].
2026-06-07 13:31:47.312 -05:00 [INF] Disconnected [02597e52-b95e-43c8-8bc6-30090f962227].
