2026-06-07 14:25:58.216 -05:00 [INF] Starting Intersect Server v0.8.0.545-beta+cbc0cf74f8509896dccc5ead8febbfb9f398c715
2026-06-07 14:25:58.841 -05:00 [INF] Creating game context using SQLite...
2026-06-07 14:26:00.707 -05:00 [INF] Creating player context using SQLite...
2026-06-07 14:26:01.293 -05:00 [INF] Creating logging context using SQLite...
2026-06-07 14:26:03.590 -05:00 [WRN] Finished validating map events on all maps, there were 0 missing events and 0 corrected events
2026-06-07 14:26:04.272 -05:00 [INF] Discovered service type: Intersect.Plugins.PluginService
2026-06-07 14:26:04.277 -05:00 [INF] Discovered service type: Intersect.Server.Core.LogicService
2026-06-07 14:26:04.280 -05:00 [INF] Discovered service type: Intersect.Server.Web.ApiService
2026-06-07 14:26:04.320 -05:00 [INF] Discovered service type: Intersect.Server.Core.ConsoleService
2026-06-07 14:26:04.350 -05:00 [WRN] Directory was specified as a plugin directory but does not exist: 'resources\plugins'
2026-06-07 14:26:04.354 -05:00 [INF] Discovered 0 plugins:

2026-06-07 14:26:06.057 -05:00 [INF] InvalidPortCheckerResponse
2026-06-07 14:26:06.069 -05:00 [INF] Port 5400 is not open, trying UPnP...
2026-06-07 14:26:11.077 -05:00 [ERR] UPnP Service Initialization Failed. You might not have a router, or UPnP on your router might be disabled.
Open.Nat.NatDeviceNotFoundException: Exception of type 'Open.Nat.NatDeviceNotFoundException' was thrown.
   at Open.Nat.NatDiscoverer.DiscoverDeviceAsync(PortMapper portMapper, CancellationTokenSource cancellationTokenSource)
   at Intersect.Server.Networking.Helpers.UpnP.ConnectNatDevice() in D:\a\Intersect-Engine\Intersect-Engine\Intersect.Server\Networking\Helpers\UPnP.cs:line 26
2026-06-07 14:26:11.088 -05:00 [WRN] UPnP failed. Please verify the server status manually using a client.
2026-06-07 14:26:11.150 -05:00 [INF] Unpacking appsettings...
2026-06-07 14:26:11.296 -05:00 [INF] Launching Intersect REST API in 'Production' mode...
2026-06-07 14:26:19.449 -05:00 [INF] Connection approved [56e51389-face-450c-b6e5-bf618fd8996a].
2026-06-07 14:26:19.453 -05:00 [INF] Connected [56e51389-face-450c-b6e5-bf618fd8996a].
2026-06-07 14:32:22.453 -05:00 [INF] Disconnected [56e51389-face-450c-b6e5-bf618fd8996a].
