2026-06-04 20:11:05.839 -04:00 [INF] Starting Intersect Server v0.8.0.545-beta+cbc0cf74f8509896dccc5ead8febbfb9f398c715
2026-06-04 20:11:06.511 -04:00 [INF] Creating game context using SQLite...
2026-06-04 20:11:08.399 -04:00 [INF] Creating player context using SQLite...
2026-06-04 20:11:08.937 -04:00 [INF] Creating logging context using SQLite...
2026-06-04 20:11:11.095 -04:00 [WRN] Finished validating map events on all maps, there were 0 missing events and 0 corrected events
2026-06-04 20:11:11.986 -04:00 [INF] Discovered service type: Intersect.Plugins.PluginService
2026-06-04 20:11:11.993 -04:00 [INF] Discovered service type: Intersect.Server.Core.LogicService
2026-06-04 20:11:11.998 -04:00 [INF] Discovered service type: Intersect.Server.Web.ApiService
2026-06-04 20:11:12.059 -04:00 [INF] Discovered service type: Intersect.Server.Core.ConsoleService
2026-06-04 20:11:12.106 -04:00 [WRN] Directory was specified as a plugin directory but does not exist: 'resources\plugins'
2026-06-04 20:11:12.108 -04:00 [INF] Discovered 0 plugins:

2026-06-04 20:11:13.872 -04:00 [INF] InvalidPortCheckerResponse
2026-06-04 20:11:13.891 -04:00 [INF] Port 5400 is not open, trying UPnP...
2026-06-04 20:11:18.906 -04:00 [ERR] UPnP Service Initialization Failed. You might not have a router, or UPnP on your router might be disabled.
Open.Nat.NatDeviceNotFoundException: Exception of type 'Open.Nat.NatDeviceNotFoundException' was thrown.
   at Open.Nat.NatDiscoverer.DiscoverDeviceAsync(PortMapper portMapper, CancellationTokenSource cancellationTokenSource)
   at Intersect.Server.Networking.Helpers.UpnP.ConnectNatDevice() in D:\a\Intersect-Engine\Intersect-Engine\Intersect.Server\Networking\Helpers\UPnP.cs:line 26
2026-06-04 20:11:18.924 -04:00 [WRN] UPnP failed. Please verify the server status manually using a client.
2026-06-04 20:11:19.002 -04:00 [INF] Unpacking appsettings...
2026-06-04 20:11:19.190 -04:00 [INF] Launching Intersect REST API in 'Production' mode...
2026-06-04 20:11:38.986 -04:00 [INF] Connection approved [98808fab-70ec-49cd-a421-bff4b95a68f6].
2026-06-04 20:11:38.989 -04:00 [INF] Connected [98808fab-70ec-49cd-a421-bff4b95a68f6].
2026-06-04 20:12:22.707 -04:00 [INF] Disconnected [98808fab-70ec-49cd-a421-bff4b95a68f6].
