2026-06-06 12:19:14.713 -05:00 [INF] Starting Intersect Server v0.8.0.545-beta+cbc0cf74f8509896dccc5ead8febbfb9f398c715
2026-06-06 12:19:15.219 -05:00 [INF] Creating game context using SQLite...
2026-06-06 12:19:16.519 -05:00 [INF] Creating player context using SQLite...
2026-06-06 12:19:16.854 -05:00 [INF] Creating logging context using SQLite...
2026-06-06 12:19:18.211 -05:00 [WRN] Finished validating map events on all maps, there were 0 missing events and 0 corrected events
2026-06-06 12:19:18.800 -05:00 [INF] Discovered service type: Intersect.Plugins.PluginService
2026-06-06 12:19:18.804 -05:00 [INF] Discovered service type: Intersect.Server.Core.LogicService
2026-06-06 12:19:18.807 -05:00 [INF] Discovered service type: Intersect.Server.Web.ApiService
2026-06-06 12:19:18.846 -05:00 [INF] Discovered service type: Intersect.Server.Core.ConsoleService
2026-06-06 12:19:18.875 -05:00 [WRN] Directory was specified as a plugin directory but does not exist: 'resources\plugins'
2026-06-06 12:19:18.878 -05:00 [INF] Discovered 0 plugins:

2026-06-06 12:19:20.478 -05:00 [INF] InvalidPortCheckerResponse
2026-06-06 12:19:20.488 -05:00 [INF] Port 5400 is not open, trying UPnP...
2026-06-06 12:19:25.494 -05:00 [ERR] UPnP Service Initialization Failed. You might not have a router, or UPnP on your router might be disabled.
Open.Nat.NatDeviceNotFoundException: Exception of type 'Open.Nat.NatDeviceNotFoundException' was thrown.
   at Open.Nat.NatDiscoverer.DiscoverDeviceAsync(PortMapper portMapper, CancellationTokenSource cancellationTokenSource)
   at Intersect.Server.Networking.Helpers.UpnP.ConnectNatDevice() in D:\a\Intersect-Engine\Intersect-Engine\Intersect.Server\Networking\Helpers\UPnP.cs:line 26
2026-06-06 12:19:25.506 -05:00 [WRN] UPnP failed. Please verify the server status manually using a client.
2026-06-06 12:19:25.555 -05:00 [INF] Unpacking appsettings...
2026-06-06 12:19:25.745 -05:00 [INF] Launching Intersect REST API in 'Production' mode...
2026-06-06 12:19:51.063 -05:00 [INF] Connection approved [b530ca2a-50e7-4c80-ae5e-9d0c5d56b704].
2026-06-06 12:19:51.065 -05:00 [INF] Connected [b530ca2a-50e7-4c80-ae5e-9d0c5d56b704].
2026-06-06 17:22:06.529 -05:00 [INF] Disconnected [b530ca2a-50e7-4c80-ae5e-9d0c5d56b704].
