2026-06-02 18:56:43.038 -04:00 [INF] Starting Intersect Server v0.8.0.545-beta+cbc0cf74f8509896dccc5ead8febbfb9f398c715
2026-06-02 18:56:43.411 -04:00 [INF] Creating game context using SQLite...
2026-06-02 18:56:44.955 -04:00 [INF] Creating player context using SQLite...
2026-06-02 18:56:45.289 -04:00 [INF] Creating logging context using SQLite...
2026-06-02 18:56:46.898 -04:00 [WRN] Finished validating map events on all maps, there were 0 missing events and 0 corrected events
2026-06-02 18:56:47.769 -04:00 [INF] Discovered service type: Intersect.Plugins.PluginService
2026-06-02 18:56:47.774 -04:00 [INF] Discovered service type: Intersect.Server.Core.LogicService
2026-06-02 18:56:47.777 -04:00 [INF] Discovered service type: Intersect.Server.Web.ApiService
2026-06-02 18:56:47.826 -04:00 [INF] Discovered service type: Intersect.Server.Core.ConsoleService
2026-06-02 18:56:47.864 -04:00 [WRN] Directory was specified as a plugin directory but does not exist: 'resources\plugins'
2026-06-02 18:56:47.866 -04:00 [INF] Discovered 0 plugins:

2026-06-02 18:56:49.577 -04:00 [INF] InvalidPortCheckerResponse
2026-06-02 18:56:49.588 -04:00 [INF] Port 5400 is not open, trying UPnP...
2026-06-02 18:56:50.923 -04:00 [INF] Connection approved [41bff25f-fd1a-4342-b836-47ee350530f7].
2026-06-02 18:56:50.926 -04:00 [INF] Connected [41bff25f-fd1a-4342-b836-47ee350530f7].
2026-06-02 18:56:54.609 -04:00 [ERR] UPnP Service Initialization Failed. You might not have a router, or UPnP on your router might be disabled.
Open.Nat.NatDeviceNotFoundException: Exception of type 'Open.Nat.NatDeviceNotFoundException' was thrown.
   at Open.Nat.NatDiscoverer.DiscoverDeviceAsync(PortMapper portMapper, CancellationTokenSource cancellationTokenSource)
   at Intersect.Server.Networking.Helpers.UpnP.ConnectNatDevice() in D:\a\Intersect-Engine\Intersect-Engine\Intersect.Server\Networking\Helpers\UPnP.cs:line 26
2026-06-02 18:56:54.679 -04:00 [WRN] UPnP failed. Please verify the server status manually using a client.
2026-06-02 18:56:54.995 -04:00 [INF] Unpacking appsettings...
2026-06-02 18:56:55.412 -04:00 [INF] Launching Intersect REST API in 'Production' mode...
2026-06-02 18:57:57.052 -04:00 [INF] Disconnected [41bff25f-fd1a-4342-b836-47ee350530f7].
