2026-06-04 21:05:49.471 -04:00 [INF] Starting Intersect Server v0.8.0.545-beta+cbc0cf74f8509896dccc5ead8febbfb9f398c715
2026-06-04 21:05:50.154 -04:00 [INF] Creating game context using SQLite...
2026-06-04 21:05:52.277 -04:00 [INF] Creating player context using SQLite...
2026-06-04 21:05:52.804 -04:00 [INF] Creating logging context using SQLite...
2026-06-04 21:05:54.622 -04:00 [WRN] Finished validating map events on all maps, there were 0 missing events and 0 corrected events
2026-06-04 21:05:55.463 -04:00 [INF] Discovered service type: Intersect.Plugins.PluginService
2026-06-04 21:05:55.469 -04:00 [INF] Discovered service type: Intersect.Server.Core.LogicService
2026-06-04 21:05:55.473 -04:00 [INF] Discovered service type: Intersect.Server.Web.ApiService
2026-06-04 21:05:55.546 -04:00 [INF] Discovered service type: Intersect.Server.Core.ConsoleService
2026-06-04 21:05:55.582 -04:00 [WRN] Directory was specified as a plugin directory but does not exist: 'resources\plugins'
2026-06-04 21:05:55.584 -04:00 [INF] Discovered 0 plugins:

2026-06-04 21:05:57.434 -04:00 [INF] InvalidPortCheckerResponse
2026-06-04 21:05:57.468 -04:00 [INF] Port 5400 is not open, trying UPnP...
2026-06-04 21:06:02.497 -04:00 [ERR] UPnP Service Initialization Failed. You might not have a router, or UPnP on your router might be disabled.
Open.Nat.NatDeviceNotFoundException: Exception of type 'Open.Nat.NatDeviceNotFoundException' was thrown.
   at Open.Nat.NatDiscoverer.DiscoverDeviceAsync(PortMapper portMapper, CancellationTokenSource cancellationTokenSource)
   at Intersect.Server.Networking.Helpers.UpnP.ConnectNatDevice() in D:\a\Intersect-Engine\Intersect-Engine\Intersect.Server\Networking\Helpers\UPnP.cs:line 26
2026-06-04 21:06:02.526 -04:00 [WRN] UPnP failed. Please verify the server status manually using a client.
2026-06-04 21:06:02.668 -04:00 [INF] Unpacking appsettings...
2026-06-04 21:06:02.904 -04:00 [INF] Launching Intersect REST API in 'Production' mode...
2026-06-04 21:06:02.951 -04:00 [INF] Connection approved [a58d9a60-c71f-44e2-9523-3d6f268458bc].
2026-06-04 21:06:02.956 -04:00 [INF] Connected [a58d9a60-c71f-44e2-9523-3d6f268458bc].
2026-06-04 21:06:14.725 -04:00 [INF] [Player.CompleteLogout] Done saving Boss (soft logout, d06ec8a0-1bc2-4b7c-80f5-e267cf6271b8)
2026-06-04 21:09:01.902 -04:00 [INF] Disconnected [a58d9a60-c71f-44e2-9523-3d6f268458bc].
2026-06-04 21:09:01.970 -04:00 [INF] [Player.CompleteLogout] Done saving Boss (hard logout, 1792d26f-30d1-4220-bc4a-fe57b2cca5f4)
