2026-06-04 20:47:22.911 -04:00 [INF] Starting Intersect Server v0.8.0.545-beta+cbc0cf74f8509896dccc5ead8febbfb9f398c715
2026-06-04 20:47:23.569 -04:00 [INF] Creating game context using SQLite...
2026-06-04 20:47:25.325 -04:00 [INF] Creating player context using SQLite...
2026-06-04 20:47:25.792 -04:00 [INF] Creating logging context using SQLite...
2026-06-04 20:47:27.736 -04:00 [WRN] Finished validating map events on all maps, there were 0 missing events and 0 corrected events
2026-06-04 20:47:28.502 -04:00 [INF] Discovered service type: Intersect.Plugins.PluginService
2026-06-04 20:47:28.505 -04:00 [INF] Discovered service type: Intersect.Server.Core.LogicService
2026-06-04 20:47:28.537 -04:00 [INF] Discovered service type: Intersect.Server.Web.ApiService
2026-06-04 20:47:28.634 -04:00 [INF] Discovered service type: Intersect.Server.Core.ConsoleService
2026-06-04 20:47:28.680 -04:00 [WRN] Directory was specified as a plugin directory but does not exist: 'resources\plugins'
2026-06-04 20:47:28.684 -04:00 [INF] Discovered 0 plugins:

2026-06-04 20:47:30.726 -04:00 [INF] InvalidPortCheckerResponse
2026-06-04 20:47:30.748 -04:00 [INF] Port 5400 is not open, trying UPnP...
2026-06-04 20:47:30.777 -04:00 [INF] Connection approved [6c12bd9e-45f0-4d05-a043-2f811a64aefa].
2026-06-04 20:47:30.781 -04:00 [INF] Connected [6c12bd9e-45f0-4d05-a043-2f811a64aefa].
2026-06-04 20:47:30.808 -04:00 [ERR] Error decrypting cipherdata
System.Security.Cryptography.AuthenticationTagMismatchException: The computed authentication tag did not match the input authentication tag.
   at System.Security.Cryptography.AeadCommon.Decrypt(SafeKeyHandle keyHandle, ReadOnlySpan`1 nonce, ReadOnlySpan`1 associatedData, ReadOnlySpan`1 ciphertext, ReadOnlySpan`1 tag, Span`1 plaintext, Boolean clearPlaintextOnFailure)
   at System.Security.Cryptography.AesGcm.Decrypt(ReadOnlySpan`1 nonce, ReadOnlySpan`1 ciphertext, ReadOnlySpan`1 tag, Span`1 plaintext, ReadOnlySpan`1 associatedData)
   at Intersect.Network.LiteNetLib.AesGcmAlgorithm.TryDecrypt(ReadOnlySpan`1 cipherdata, ReadOnlySpan`1& plaindata) in D:\a\Intersect-Engine\Intersect-Engine\Intersect.Network\LiteNetLib\AesGcmAlgorithm.cs:line 187
2026-06-04 20:47:30.840 -04:00 [WRN] SDER: 6c12bd9e-45f0-4d05-a043-2f811a64aefa Error
2026-06-04 20:47:30.841 -04:00 [WRN] FPIM: 127.0.0.1:63250 / 6c12bd9e-45f0-4d05-a043-2f811a64aefa
2026-06-04 20:47:35.775 -04:00 [ERR] UPnP Service Initialization Failed. You might not have a router, or UPnP on your router might be disabled.
Open.Nat.NatDeviceNotFoundException: Exception of type 'Open.Nat.NatDeviceNotFoundException' was thrown.
   at Open.Nat.NatDiscoverer.DiscoverDeviceAsync(PortMapper portMapper, CancellationTokenSource cancellationTokenSource)
   at Intersect.Server.Networking.Helpers.UpnP.ConnectNatDevice() in D:\a\Intersect-Engine\Intersect-Engine\Intersect.Server\Networking\Helpers\UPnP.cs:line 26
2026-06-04 20:47:35.788 -04:00 [WRN] UPnP failed. Please verify the server status manually using a client.
2026-06-04 20:47:35.870 -04:00 [INF] Unpacking appsettings...
2026-06-04 20:47:36.267 -04:00 [INF] Launching Intersect REST API in 'Production' mode...
2026-06-04 20:48:55.555 -04:00 [INF] Connection approved [40b50cc4-0915-4e77-a746-ae4b62628cf1].
2026-06-04 20:48:55.585 -04:00 [INF] Connected [40b50cc4-0915-4e77-a746-ae4b62628cf1].
2026-06-04 20:50:01.975 -04:00 [INF] Disconnected [40b50cc4-0915-4e77-a746-ae4b62628cf1].
2026-06-04 20:50:02.115 -04:00 [INF] [Player.CompleteLogout] Done saving Boss (hard logout, d06ec8a0-1bc2-4b7c-80f5-e267cf6271b8)
2026-06-04 20:54:00.440 -04:00 [INF] Disconnected [6c12bd9e-45f0-4d05-a043-2f811a64aefa].
