2026-06-02 18:26:26.999 -04:00 [INF] Starting Intersect Server v0.8.0.545-beta+cbc0cf74f8509896dccc5ead8febbfb9f398c715
2026-06-02 18:26:27.518 -04:00 [INF] Creating game context using SQLite...
2026-06-02 18:26:28.927 -04:00 [INF] Creating player context using SQLite...
2026-06-02 18:26:29.259 -04:00 [INF] Creating logging context using SQLite...
2026-06-02 18:26:30.641 -04:00 [WRN] Finished validating map events on all maps, there were 0 missing events and 0 corrected events
2026-06-02 18:26:31.337 -04:00 [INF] Discovered service type: Intersect.Plugins.PluginService
2026-06-02 18:26:31.342 -04:00 [INF] Discovered service type: Intersect.Server.Core.LogicService
2026-06-02 18:26:31.345 -04:00 [INF] Discovered service type: Intersect.Server.Web.ApiService
2026-06-02 18:26:31.394 -04:00 [INF] Discovered service type: Intersect.Server.Core.ConsoleService
2026-06-02 18:26:31.430 -04:00 [WRN] Directory was specified as a plugin directory but does not exist: 'resources\plugins'
2026-06-02 18:26:31.432 -04:00 [INF] Discovered 0 plugins:

2026-06-02 18:26:33.138 -04:00 [INF] InvalidPortCheckerResponse
2026-06-02 18:26:33.149 -04:00 [INF] Port 5400 is not open, trying UPnP...
2026-06-02 18:26:35.798 -04:00 [INF] Connection approved [1e18974d-cc52-4034-985b-12bc3be30242].
2026-06-02 18:26:35.800 -04:00 [INF] Connected [1e18974d-cc52-4034-985b-12bc3be30242].
2026-06-02 18:26:38.165 -04:00 [ERR] UPnP Service Initialization Failed. You might not have a router, or UPnP on your router might be disabled.
Open.Nat.NatDeviceNotFoundException: Exception of type 'Open.Nat.NatDeviceNotFoundException' was thrown.
   at Open.Nat.NatDiscoverer.DiscoverDeviceAsync(PortMapper portMapper, CancellationTokenSource cancellationTokenSource)
   at Intersect.Server.Networking.Helpers.UpnP.ConnectNatDevice() in D:\a\Intersect-Engine\Intersect-Engine\Intersect.Server\Networking\Helpers\UPnP.cs:line 26
2026-06-02 18:26:38.184 -04:00 [WRN] UPnP failed. Please verify the server status manually using a client.
2026-06-02 18:26:38.279 -04:00 [INF] Unpacking appsettings...
2026-06-02 18:26:38.514 -04:00 [INF] Launching Intersect REST API in 'Production' mode...
2026-06-02 18:32:13.136 -04:00 [INF] Disconnected [1e18974d-cc52-4034-985b-12bc3be30242].
