2025-05-17 23:36:21.093 -05:00 [INF] Starting Intersect Server v0.8.0.545-beta+cbc0cf74f8509896dccc5ead8febbfb9f398c715
2025-05-17 23:36:21.642 -05:00 [INF] Creating game context using SQLite...
2025-05-17 23:36:23.473 -05:00 [INF] Creating player context using SQLite...
2025-05-17 23:36:24.238 -05:00 [INF] Creating logging context using SQLite...
2025-05-17 23:36:37.426 -05:00 [WRN] Finished validating map events on all maps, there were 0 missing events and 0 corrected events
2025-05-17 23:36:38.897 -05:00 [INF] Discovered service type: Intersect.Plugins.PluginService
2025-05-17 23:36:38.903 -05:00 [INF] Discovered service type: Intersect.Server.Core.LogicService
2025-05-17 23:36:38.907 -05:00 [INF] Discovered service type: Intersect.Server.Web.ApiService
2025-05-17 23:36:38.998 -05:00 [INF] Discovered service type: Intersect.Server.Core.ConsoleService
2025-05-17 23:36:39.055 -05:00 [WRN] Directory was specified as a plugin directory but does not exist: 'resources\plugins'
2025-05-17 23:36:39.057 -05:00 [INF] Discovered 0 plugins:

2025-05-17 23:36:44.939 -05:00 [INF] InvalidPortCheckerResponse
2025-05-17 23:36:44.951 -05:00 [INF] Port 5400 is not open, trying UPnP...
2025-05-17 23:36:49.972 -05:00 [ERR] UPnP Service Initialization Failed. You might not have a router, or UPnP on your router might be disabled.
Open.Nat.NatDeviceNotFoundException: Exception of type 'Open.Nat.NatDeviceNotFoundException' was thrown.
   at Open.Nat.NatDiscoverer.DiscoverDeviceAsync(PortMapper portMapper, CancellationTokenSource cancellationTokenSource)
   at Intersect.Server.Networking.Helpers.UpnP.ConnectNatDevice() in D:\a\Intersect-Engine\Intersect-Engine\Intersect.Server\Networking\Helpers\UPnP.cs:line 26
2025-05-17 23:36:49.997 -05:00 [WRN] UPnP failed. Please verify the server status manually using a client.
2025-05-17 23:36:50.117 -05:00 [INF] Unpacking appsettings...
2025-05-17 23:36:53.290 -05:00 [INF] Launching Intersect REST API in 'Production' mode...
2025-05-17 23:38:30.287 -05:00 [INF] Connection approved [4d6dcaf5-8ae6-41c9-87f1-d34bfd4beb77].
2025-05-17 23:38:30.289 -05:00 [INF] Connected [4d6dcaf5-8ae6-41c9-87f1-d34bfd4beb77].
2025-05-17 23:39:05.082 -05:00 [INF] Connection approved [33f4b998-adb6-4c2f-9a14-1bfbf86507bb].
2025-05-17 23:39:05.084 -05:00 [INF] Connected [33f4b998-adb6-4c2f-9a14-1bfbf86507bb].
2025-05-17 23:39:46.950 -05:00 [INF] Disconnected [33f4b998-adb6-4c2f-9a14-1bfbf86507bb].
2025-05-17 23:39:47.008 -05:00 [INF] [Player.CompleteLogout] Done saving Boss (hard logout, dbc190c7-0f7c-46b7-8c25-5248cce4136d)
2025-05-17 23:39:47.205 -05:00 [INF] [Player.CompleteLogout] Done saving Boss (hard logout, dbc190c7-0f7c-46b7-8c25-5248cce4136d)
2025-05-17 23:44:42.143 -05:00 [INF] Connection approved [b294d0ce-3097-4897-84b8-19aa66f9811c].
2025-05-17 23:44:42.145 -05:00 [INF] Connected [b294d0ce-3097-4897-84b8-19aa66f9811c].
2025-05-17 23:46:06.125 -05:00 [INF] Disconnected [b294d0ce-3097-4897-84b8-19aa66f9811c].
2025-05-17 23:46:06.127 -05:00 [INF] [Player.CompleteLogout] Done saving Boss (hard logout, dbc190c7-0f7c-46b7-8c25-5248cce4136d)
2025-05-17 23:54:24.186 -05:00 [INF] Disconnected [4d6dcaf5-8ae6-41c9-87f1-d34bfd4beb77].
2025-05-17 23:58:18.326 -05:00 [INF] Connection approved [9ff99bca-b62f-463d-8751-addd00acd096].
2025-05-17 23:58:18.330 -05:00 [INF] Connected [9ff99bca-b62f-463d-8751-addd00acd096].
2025-05-18 00:01:35.273 -05:00 [INF] Disconnected [9ff99bca-b62f-463d-8751-addd00acd096].
2025-05-18 00:02:21.889 -05:00 [INF] Connection approved [8fafbc45-8bbc-4dc8-afdb-1866ae81ac8c].
2025-05-18 00:02:21.892 -05:00 [INF] Connected [8fafbc45-8bbc-4dc8-afdb-1866ae81ac8c].
2025-05-18 00:02:24.309 -05:00 [INF] Disconnected [8fafbc45-8bbc-4dc8-afdb-1866ae81ac8c].
2025-05-18 00:02:31.378 -05:00 [INF] Connection approved [48f7084e-cda0-4d10-b129-c074d49539fb].
2025-05-18 00:02:31.379 -05:00 [INF] Connected [48f7084e-cda0-4d10-b129-c074d49539fb].
2025-05-18 00:22:26.608 -05:00 [INF] Disconnected [48f7084e-cda0-4d10-b129-c074d49539fb].
