2026-06-02 19:58:26.547 -04:00 [INF] Starting Intersect Server v0.8.0.545-beta+cbc0cf74f8509896dccc5ead8febbfb9f398c715
2026-06-02 19:58:27.266 -04:00 [INF] Creating game context using SQLite...
2026-06-02 19:58:29.146 -04:00 [INF] Creating player context using SQLite...
2026-06-02 19:58:29.630 -04:00 [INF] Creating logging context using SQLite...
2026-06-02 19:58:31.462 -04:00 [WRN] Finished validating map events on all maps, there were 0 missing events and 0 corrected events
2026-06-02 19:58:32.498 -04:00 [INF] Discovered service type: Intersect.Plugins.PluginService
2026-06-02 19:58:32.503 -04:00 [INF] Discovered service type: Intersect.Server.Core.LogicService
2026-06-02 19:58:32.512 -04:00 [INF] Discovered service type: Intersect.Server.Web.ApiService
2026-06-02 19:58:32.558 -04:00 [INF] Discovered service type: Intersect.Server.Core.ConsoleService
2026-06-02 19:58:32.599 -04:00 [WRN] Directory was specified as a plugin directory but does not exist: 'resources\plugins'
2026-06-02 19:58:32.601 -04:00 [INF] Discovered 0 plugins:

2026-06-02 19:58:34.343 -04:00 [INF] InvalidPortCheckerResponse
2026-06-02 19:58:34.358 -04:00 [INF] Port 5400 is not open, trying UPnP...
2026-06-02 19:58:39.373 -04:00 [ERR] UPnP Service Initialization Failed. You might not have a router, or UPnP on your router might be disabled.
Open.Nat.NatDeviceNotFoundException: Exception of type 'Open.Nat.NatDeviceNotFoundException' was thrown.
   at Open.Nat.NatDiscoverer.DiscoverDeviceAsync(PortMapper portMapper, CancellationTokenSource cancellationTokenSource)
   at Intersect.Server.Networking.Helpers.UpnP.ConnectNatDevice() in D:\a\Intersect-Engine\Intersect-Engine\Intersect.Server\Networking\Helpers\UPnP.cs:line 26
2026-06-02 19:58:39.389 -04:00 [WRN] UPnP failed. Please verify the server status manually using a client.
2026-06-02 19:58:39.459 -04:00 [INF] Unpacking appsettings...
2026-06-02 19:58:39.623 -04:00 [INF] Launching Intersect REST API in 'Production' mode...
2026-06-02 19:58:51.045 -04:00 [INF] Connection approved [2dc70171-1362-4851-b35e-49a172a84e36].
2026-06-02 19:58:51.047 -04:00 [INF] Connected [2dc70171-1362-4851-b35e-49a172a84e36].
2026-06-02 20:09:35.101 -04:00 [INF] Connection approved [ed337add-863a-4ae9-886f-b27fb0875838].
2026-06-02 20:09:35.115 -04:00 [INF] Connected [ed337add-863a-4ae9-886f-b27fb0875838].
2026-06-02 20:10:12.173 -04:00 [INF] Disconnected [ed337add-863a-4ae9-886f-b27fb0875838].
2026-06-02 20:10:12.338 -04:00 [INF] [Player.CompleteLogout] Done saving Boss (hard logout, 8b3fc63e-6177-49a7-a9ee-49fdb7919a17)
2026-06-02 20:10:18.644 -04:00 [INF] Connection approved [fee3033b-9950-4e37-9465-36cc1fe587e4].
2026-06-02 20:10:18.647 -04:00 [INF] Connected [fee3033b-9950-4e37-9465-36cc1fe587e4].
2026-06-02 20:39:09.789 -04:00 [INF] Disconnected [fee3033b-9950-4e37-9465-36cc1fe587e4].
2026-06-02 20:39:09.925 -04:00 [INF] [Player.CompleteLogout] Done saving Boss (hard logout, 8b3fc63e-6177-49a7-a9ee-49fdb7919a17)
2026-06-02 20:41:21.494 -04:00 [INF] Disconnected [2dc70171-1362-4851-b35e-49a172a84e36].
