2025-06-14 11:18:36.913 -05:00 [INF] Starting Intersect Server v0.8.0.545-beta+cbc0cf74f8509896dccc5ead8febbfb9f398c715
2025-06-14 11:18:37.587 -05:00 [INF] Creating game context using SQLite...
2025-06-14 11:18:40.213 -05:00 [INF] Creating player context using SQLite...
2025-06-14 11:18:41.130 -05:00 [INF] Creating logging context using SQLite...
2025-06-14 11:18:44.806 -05:00 [WRN] Finished validating map events on all maps, there were 0 missing events and 0 corrected events
2025-06-14 11:18:47.956 -05:00 [INF] Discovered service type: Intersect.Plugins.PluginService
2025-06-14 11:18:47.960 -05:00 [INF] Discovered service type: Intersect.Server.Core.LogicService
2025-06-14 11:18:48.006 -05:00 [INF] Discovered service type: Intersect.Server.Web.ApiService
2025-06-14 11:18:48.325 -05:00 [INF] Discovered service type: Intersect.Server.Core.ConsoleService
2025-06-14 11:18:48.560 -05:00 [WRN] Directory was specified as a plugin directory but does not exist: 'resources\plugins'
2025-06-14 11:18:48.576 -05:00 [INF] Discovered 0 plugins:

2025-06-14 11:18:58.942 -05:00 [INF] The AscensionGameDev port checker server encountered an error and this server may or may not be accessible from the outside world. Try to connect with the client to verify.
2025-06-14 11:18:58.992 -05:00 [INF] Port 5400 is not open, trying UPnP...
2025-06-14 11:19:04.076 -05:00 [ERR] UPnP Service Initialization Failed. You might not have a router, or UPnP on your router might be disabled.
Open.Nat.NatDeviceNotFoundException: Exception of type 'Open.Nat.NatDeviceNotFoundException' was thrown.
   at Open.Nat.NatDiscoverer.DiscoverDeviceAsync(PortMapper portMapper, CancellationTokenSource cancellationTokenSource)
   at Intersect.Server.Networking.Helpers.UpnP.ConnectNatDevice() in D:\a\Intersect-Engine\Intersect-Engine\Intersect.Server\Networking\Helpers\UPnP.cs:line 26
2025-06-14 11:19:04.159 -05:00 [WRN] UPnP failed. Please verify the server status manually using a client.
2025-06-14 11:19:04.525 -05:00 [INF] Unpacking appsettings...
2025-06-14 11:19:05.572 -05:00 [INF] Launching Intersect REST API in 'Production' mode...
2025-06-14 11:20:18.360 -05:00 [INF] Connection approved [6adc7235-2125-4432-84bf-048feb1a9ff1].
2025-06-14 11:20:18.364 -05:00 [INF] Connected [6adc7235-2125-4432-84bf-048feb1a9ff1].
2025-06-14 11:33:15.462 -05:00 [WRN] Successfully removed 10 items from slot Intersect.Server.Database.PlayerData.Players.InventorySlot for player d8aef003-5a24-4ed6-9e2d-12bff5325912 at BuyItem(int slot, int amount)
2025-06-14 11:41:32.862 -05:00 [INF] Disconnected [6adc7235-2125-4432-84bf-048feb1a9ff1].
2025-06-14 11:41:32.925 -05:00 [INF] [Player.CompleteLogout] Done saving Boss (hard logout, d8aef003-5a24-4ed6-9e2d-12bff5325912)
