2025-05-18 00:36:14.075 -05:00 [INF] Starting Intersect Server v0.8.0.545-beta+cbc0cf74f8509896dccc5ead8febbfb9f398c715
2025-05-18 00:36:14.500 -05:00 [INF] Creating game context using SQLite...
2025-05-18 00:36:16.191 -05:00 [INF] Creating player context using SQLite...
2025-05-18 00:36:16.988 -05:00 [INF] Creating logging context using SQLite...
2025-05-18 00:36:19.344 -05:00 [WRN] Finished validating map events on all maps, there were 0 missing events and 0 corrected events
2025-05-18 00:36:20.252 -05:00 [INF] Discovered service type: Intersect.Plugins.PluginService
2025-05-18 00:36:20.257 -05:00 [INF] Discovered service type: Intersect.Server.Core.LogicService
2025-05-18 00:36:20.262 -05:00 [INF] Discovered service type: Intersect.Server.Web.ApiService
2025-05-18 00:36:20.346 -05:00 [INF] Discovered service type: Intersect.Server.Core.ConsoleService
2025-05-18 00:36:20.401 -05:00 [WRN] Directory was specified as a plugin directory but does not exist: 'resources\plugins'
2025-05-18 00:36:20.403 -05:00 [INF] Discovered 0 plugins:

2025-05-18 00:36:22.106 -05:00 [INF] InvalidPortCheckerResponse
2025-05-18 00:36:22.118 -05:00 [INF] Port 5400 is not open, trying UPnP...
2025-05-18 00:36:27.128 -05:00 [ERR] UPnP Service Initialization Failed. You might not have a router, or UPnP on your router might be disabled.
Open.Nat.NatDeviceNotFoundException: Exception of type 'Open.Nat.NatDeviceNotFoundException' was thrown.
   at Open.Nat.NatDiscoverer.DiscoverDeviceAsync(PortMapper portMapper, CancellationTokenSource cancellationTokenSource)
   at Intersect.Server.Networking.Helpers.UpnP.ConnectNatDevice() in D:\a\Intersect-Engine\Intersect-Engine\Intersect.Server\Networking\Helpers\UPnP.cs:line 26
2025-05-18 00:36:27.147 -05:00 [WRN] UPnP failed. Please verify the server status manually using a client.
2025-05-18 00:36:27.244 -05:00 [INF] Unpacking appsettings...
2025-05-18 00:36:27.511 -05:00 [INF] Launching Intersect REST API in 'Production' mode...
2025-05-18 00:36:41.857 -05:00 [INF] Connection approved [a9c46ed1-7380-4ba3-904b-81be91f2c3cc].
2025-05-18 00:36:41.861 -05:00 [INF] Connected [a9c46ed1-7380-4ba3-904b-81be91f2c3cc].
2025-05-18 00:37:14.893 -05:00 [INF] Connection approved [5dcda84f-3cb9-4134-a218-446f96e773fc].
2025-05-18 00:37:14.895 -05:00 [INF] Connected [5dcda84f-3cb9-4134-a218-446f96e773fc].
2025-05-18 00:37:51.780 -05:00 [INF] [Player.CompleteLogout] Done saving Boss (soft logout, dbc190c7-0f7c-46b7-8c25-5248cce4136d)
2025-05-18 00:39:46.068 -05:00 [INF] Disconnected [5dcda84f-3cb9-4134-a218-446f96e773fc].
2025-05-18 00:39:46.234 -05:00 [INF] [Player.CompleteLogout] Done saving Boss (hard logout, dbc190c7-0f7c-46b7-8c25-5248cce4136d)
2025-05-18 00:42:38.785 -05:00 [INF] Connection approved [3956daa8-eb8f-4df7-a003-f3642d093117].
2025-05-18 00:42:38.789 -05:00 [INF] Connected [3956daa8-eb8f-4df7-a003-f3642d093117].
2025-05-18 00:43:14.867 -05:00 [INF] Disconnected [3956daa8-eb8f-4df7-a003-f3642d093117].
2025-05-18 00:43:14.869 -05:00 [INF] [Player.CompleteLogout] Done saving Boss (hard logout, dbc190c7-0f7c-46b7-8c25-5248cce4136d)
2025-05-18 00:44:24.468 -05:00 [INF] Connection approved [80888eea-db67-42c8-bf56-7cfb849c387e].
2025-05-18 00:44:24.476 -05:00 [INF] Connected [80888eea-db67-42c8-bf56-7cfb849c387e].
2025-05-18 00:45:12.733 -05:00 [INF] Disconnected [80888eea-db67-42c8-bf56-7cfb849c387e].
2025-05-18 00:45:12.734 -05:00 [INF] [Player.CompleteLogout] Done saving Boss (hard logout, dbc190c7-0f7c-46b7-8c25-5248cce4136d)
2025-05-18 00:52:40.472 -05:00 [INF] Disconnected [a9c46ed1-7380-4ba3-904b-81be91f2c3cc].
2025-05-18 00:55:35.801 -05:00 [INF] Connection approved [9186a931-0179-4f83-bdee-fa8513059b64].
2025-05-18 00:55:35.807 -05:00 [INF] Connected [9186a931-0179-4f83-bdee-fa8513059b64].
2025-05-18 00:57:54.117 -05:00 [INF] Disconnected [9186a931-0179-4f83-bdee-fa8513059b64].
2025-05-18 00:58:43.669 -05:00 [INF] Connection approved [7e575644-69e7-426f-80b7-493bcf47e1ee].
2025-05-18 00:58:43.671 -05:00 [INF] Connected [7e575644-69e7-426f-80b7-493bcf47e1ee].
2025-05-18 00:59:14.795 -05:00 [INF] Disconnected [7e575644-69e7-426f-80b7-493bcf47e1ee].
2025-05-18 01:02:11.938 -05:00 [INF] Connection approved [d1c6d0cb-f00d-4753-9ce5-de4957202f43].
2025-05-18 01:02:11.942 -05:00 [INF] Connected [d1c6d0cb-f00d-4753-9ce5-de4957202f43].
2025-05-18 01:02:54.748 -05:00 [INF] Disconnected [d1c6d0cb-f00d-4753-9ce5-de4957202f43].
2025-05-18 01:03:24.292 -05:00 [INF] Connection approved [1dc57740-4204-4e45-8e1c-e51c7397e79d].
2025-05-18 01:03:24.297 -05:00 [INF] Connected [1dc57740-4204-4e45-8e1c-e51c7397e79d].
2025-05-18 01:04:35.892 -05:00 [INF] Disconnected [1dc57740-4204-4e45-8e1c-e51c7397e79d].
2025-05-18 01:16:05.572 -05:00 [INF] Connection approved [6fba5ec3-2a53-4e2a-a908-6be4ac066da7].
2025-05-18 01:16:05.579 -05:00 [INF] Connected [6fba5ec3-2a53-4e2a-a908-6be4ac066da7].
2025-05-18 01:17:31.928 -05:00 [INF] Disconnected [6fba5ec3-2a53-4e2a-a908-6be4ac066da7].
2025-05-18 01:17:38.338 -05:00 [INF] Connection approved [9d99f1f7-7785-4d93-a7d2-219eb84b0d4d].
2025-05-18 01:17:38.350 -05:00 [INF] Connected [9d99f1f7-7785-4d93-a7d2-219eb84b0d4d].
2025-05-18 01:18:18.446 -05:00 [INF] Connection approved [1f004c59-bb04-4a8d-b0b9-9fed387b4cba].
2025-05-18 01:18:18.452 -05:00 [INF] Connected [1f004c59-bb04-4a8d-b0b9-9fed387b4cba].
2025-05-18 01:19:14.962 -05:00 [INF] Disconnected [1f004c59-bb04-4a8d-b0b9-9fed387b4cba].
2025-05-18 01:19:14.964 -05:00 [INF] [Player.CompleteLogout] Done saving Boss (hard logout, dbc190c7-0f7c-46b7-8c25-5248cce4136d)
2025-05-18 06:25:48.521 -05:00 [INF] Disconnected [9d99f1f7-7785-4d93-a7d2-219eb84b0d4d].
