2026-06-04 19:35:14.817 -04:00 [INF] Starting Intersect Server v0.8.0.545-beta+cbc0cf74f8509896dccc5ead8febbfb9f398c715
2026-06-04 19:35:15.377 -04:00 [INF] Creating game context using SQLite...
2026-06-04 19:35:16.832 -04:00 [INF] Creating player context using SQLite...
2026-06-04 19:35:17.184 -04:00 [INF] Creating logging context using SQLite...
2026-06-04 19:35:18.535 -04:00 [WRN] Finished validating map events on all maps, there were 0 missing events and 0 corrected events
2026-06-04 19:35:19.231 -04:00 [INF] Discovered service type: Intersect.Plugins.PluginService
2026-06-04 19:35:19.235 -04:00 [INF] Discovered service type: Intersect.Server.Core.LogicService
2026-06-04 19:35:19.238 -04:00 [INF] Discovered service type: Intersect.Server.Web.ApiService
2026-06-04 19:35:19.285 -04:00 [INF] Discovered service type: Intersect.Server.Core.ConsoleService
2026-06-04 19:35:19.320 -04:00 [WRN] Directory was specified as a plugin directory but does not exist: 'resources\plugins'
2026-06-04 19:35:19.322 -04:00 [INF] Discovered 0 plugins:

2026-06-04 19:35:21.110 -04:00 [INF] InvalidPortCheckerResponse
2026-06-04 19:35:21.123 -04:00 [INF] Port 5400 is not open, trying UPnP...
2026-06-04 19:35:22.939 -04:00 [INF] Connection approved [cdb16b49-283d-48a5-a833-38f9db5eff67].
2026-06-04 19:35:22.941 -04:00 [INF] Connected [cdb16b49-283d-48a5-a833-38f9db5eff67].
2026-06-04 19:35:26.134 -04:00 [ERR] UPnP Service Initialization Failed. You might not have a router, or UPnP on your router might be disabled.
Open.Nat.NatDeviceNotFoundException: Exception of type 'Open.Nat.NatDeviceNotFoundException' was thrown.
   at Open.Nat.NatDiscoverer.DiscoverDeviceAsync(PortMapper portMapper, CancellationTokenSource cancellationTokenSource)
   at Intersect.Server.Networking.Helpers.UpnP.ConnectNatDevice() in D:\a\Intersect-Engine\Intersect-Engine\Intersect.Server\Networking\Helpers\UPnP.cs:line 26
2026-06-04 19:35:26.148 -04:00 [WRN] UPnP failed. Please verify the server status manually using a client.
2026-06-04 19:35:26.224 -04:00 [INF] Unpacking appsettings...
2026-06-04 19:35:26.402 -04:00 [INF] Launching Intersect REST API in 'Production' mode...
2026-06-04 19:38:29.411 -04:00 [INF] Disconnected [cdb16b49-283d-48a5-a833-38f9db5eff67].
