2026-06-02 18:14:39.121 -04:00 [INF] Starting Intersect Server v0.8.0.545-beta+cbc0cf74f8509896dccc5ead8febbfb9f398c715
2026-06-02 18:14:39.648 -04:00 [INF] Creating game context using SQLite...
2026-06-02 18:14:42.226 -04:00 [INF] Creating player context using SQLite...
2026-06-02 18:14:42.667 -04:00 [INF] Creating logging context using SQLite...
2026-06-02 18:14:45.513 -04:00 [WRN] Finished validating map events on all maps, there were 0 missing events and 0 corrected events
2026-06-02 18:14:46.760 -04:00 [INF] Discovered service type: Intersect.Plugins.PluginService
2026-06-02 18:14:46.765 -04:00 [INF] Discovered service type: Intersect.Server.Core.LogicService
2026-06-02 18:14:46.768 -04:00 [INF] Discovered service type: Intersect.Server.Web.ApiService
2026-06-02 18:14:46.834 -04:00 [INF] Discovered service type: Intersect.Server.Core.ConsoleService
2026-06-02 18:14:46.882 -04:00 [WRN] Directory was specified as a plugin directory but does not exist: 'resources\plugins'
2026-06-02 18:14:46.885 -04:00 [INF] Discovered 0 plugins:

2026-06-02 18:14:48.705 -04:00 [INF] InvalidPortCheckerResponse
2026-06-02 18:14:48.724 -04:00 [INF] Port 5400 is not open, trying UPnP...
2026-06-02 18:14:53.735 -04:00 [ERR] UPnP Service Initialization Failed. You might not have a router, or UPnP on your router might be disabled.
Open.Nat.NatDeviceNotFoundException: Exception of type 'Open.Nat.NatDeviceNotFoundException' was thrown.
   at Open.Nat.NatDiscoverer.DiscoverDeviceAsync(PortMapper portMapper, CancellationTokenSource cancellationTokenSource)
   at Intersect.Server.Networking.Helpers.UpnP.ConnectNatDevice() in D:\a\Intersect-Engine\Intersect-Engine\Intersect.Server\Networking\Helpers\UPnP.cs:line 26
2026-06-02 18:14:53.748 -04:00 [WRN] UPnP failed. Please verify the server status manually using a client.
2026-06-02 18:14:53.816 -04:00 [INF] Unpacking appsettings...
2026-06-02 18:14:54.047 -04:00 [INF] Launching Intersect REST API in 'Production' mode...
2026-06-02 18:19:11.632 -04:00 [INF] Connection approved [8db5cbe6-1700-4f82-8c39-8ab388e09825].
2026-06-02 18:19:11.637 -04:00 [INF] Connected [8db5cbe6-1700-4f82-8c39-8ab388e09825].
2026-06-02 18:22:54.972 -04:00 [INF] Disconnected [8db5cbe6-1700-4f82-8c39-8ab388e09825].
2026-06-02 18:23:03.593 -04:00 [INF] Connection approved [18e57926-28b2-4fbf-9c6f-da761aaa4b1c].
2026-06-02 18:23:03.596 -04:00 [INF] Connected [18e57926-28b2-4fbf-9c6f-da761aaa4b1c].
2026-06-02 18:23:41.061 -04:00 [INF] Disconnected [18e57926-28b2-4fbf-9c6f-da761aaa4b1c].
2026-06-02 18:23:41.096 -04:00 [INF] [Player.CompleteLogout] Done saving Boss (hard logout, 8b3fc63e-6177-49a7-a9ee-49fdb7919a17)
