2026-06-02 21:00:45.407 -04:00 [INF] Starting Intersect Server v0.8.0.545-beta+cbc0cf74f8509896dccc5ead8febbfb9f398c715
2026-06-02 21:00:45.982 -04:00 [INF] Creating game context using SQLite...
2026-06-02 21:00:47.506 -04:00 [INF] Creating player context using SQLite...
2026-06-02 21:00:47.861 -04:00 [INF] Creating logging context using SQLite...
2026-06-02 21:00:49.443 -04:00 [WRN] Finished validating map events on all maps, there were 0 missing events and 0 corrected events
2026-06-02 21:00:50.338 -04:00 [INF] Discovered service type: Intersect.Plugins.PluginService
2026-06-02 21:00:50.343 -04:00 [INF] Discovered service type: Intersect.Server.Core.LogicService
2026-06-02 21:00:50.345 -04:00 [INF] Discovered service type: Intersect.Server.Web.ApiService
2026-06-02 21:00:50.396 -04:00 [INF] Discovered service type: Intersect.Server.Core.ConsoleService
2026-06-02 21:00:50.437 -04:00 [WRN] Directory was specified as a plugin directory but does not exist: 'resources\plugins'
2026-06-02 21:00:50.440 -04:00 [INF] Discovered 0 plugins:

2026-06-02 21:00:52.300 -04:00 [INF] InvalidPortCheckerResponse
2026-06-02 21:00:52.313 -04:00 [INF] Port 5400 is not open, trying UPnP...
2026-06-02 21:00:57.319 -04:00 [ERR] UPnP Service Initialization Failed. You might not have a router, or UPnP on your router might be disabled.
Open.Nat.NatDeviceNotFoundException: Exception of type 'Open.Nat.NatDeviceNotFoundException' was thrown.
   at Open.Nat.NatDiscoverer.DiscoverDeviceAsync(PortMapper portMapper, CancellationTokenSource cancellationTokenSource)
   at Intersect.Server.Networking.Helpers.UpnP.ConnectNatDevice() in D:\a\Intersect-Engine\Intersect-Engine\Intersect.Server\Networking\Helpers\UPnP.cs:line 26
2026-06-02 21:00:57.331 -04:00 [WRN] UPnP failed. Please verify the server status manually using a client.
2026-06-02 21:00:57.397 -04:00 [INF] Unpacking appsettings...
2026-06-02 21:00:57.535 -04:00 [INF] Launching Intersect REST API in 'Production' mode...
2026-06-02 21:01:08.179 -04:00 [INF] Connection approved [81071755-6e85-45e7-a8a5-ec59a4306997].
2026-06-02 21:01:08.181 -04:00 [INF] Connected [81071755-6e85-45e7-a8a5-ec59a4306997].
2026-06-02 21:10:50.079 -04:00 [INF] Disconnected [81071755-6e85-45e7-a8a5-ec59a4306997].
