2026-06-04 19:33:21.060 -04:00 [INF] Starting Intersect Server v0.8.0.545-beta+cbc0cf74f8509896dccc5ead8febbfb9f398c715
2026-06-04 19:33:21.599 -04:00 [INF] Creating game context using SQLite...
2026-06-04 19:33:23.042 -04:00 [INF] Creating player context using SQLite...
2026-06-04 19:33:23.382 -04:00 [INF] Creating logging context using SQLite...
2026-06-04 19:33:25.096 -04:00 [WRN] Finished validating map events on all maps, there were 0 missing events and 0 corrected events
2026-06-04 19:33:25.907 -04:00 [INF] Discovered service type: Intersect.Plugins.PluginService
2026-06-04 19:33:25.911 -04:00 [INF] Discovered service type: Intersect.Server.Core.LogicService
2026-06-04 19:33:25.916 -04:00 [INF] Discovered service type: Intersect.Server.Web.ApiService
2026-06-04 19:33:25.970 -04:00 [INF] Discovered service type: Intersect.Server.Core.ConsoleService
2026-06-04 19:33:26.007 -04:00 [WRN] Directory was specified as a plugin directory but does not exist: 'resources\plugins'
2026-06-04 19:33:26.009 -04:00 [INF] Discovered 0 plugins:

2026-06-04 19:33:28.555 -04:00 [INF] InvalidPortCheckerResponse
2026-06-04 19:33:28.656 -04:00 [INF] Port 5400 is not open, trying UPnP...
2026-06-04 19:33:31.273 -04:00 [INF] Connection approved [e070622b-056a-46ef-a6fb-07968135d866].
2026-06-04 19:33:31.279 -04:00 [INF] Connected [e070622b-056a-46ef-a6fb-07968135d866].
2026-06-04 19:33:33.710 -04:00 [ERR] UPnP Service Initialization Failed. You might not have a router, or UPnP on your router might be disabled.
Open.Nat.NatDeviceNotFoundException: Exception of type 'Open.Nat.NatDeviceNotFoundException' was thrown.
   at Open.Nat.NatDiscoverer.DiscoverDeviceAsync(PortMapper portMapper, CancellationTokenSource cancellationTokenSource)
   at Intersect.Server.Networking.Helpers.UpnP.ConnectNatDevice() in D:\a\Intersect-Engine\Intersect-Engine\Intersect.Server\Networking\Helpers\UPnP.cs:line 26
2026-06-04 19:33:33.752 -04:00 [WRN] UPnP failed. Please verify the server status manually using a client.
2026-06-04 19:33:33.909 -04:00 [INF] Unpacking appsettings...
2026-06-04 19:33:34.419 -04:00 [INF] Launching Intersect REST API in 'Production' mode...
2026-06-04 19:34:45.549 -04:00 [INF] Disconnected [e070622b-056a-46ef-a6fb-07968135d866].
2026-06-04 19:34:45.578 -04:00 [INF] [Player.CompleteLogout] Done saving Boss (hard logout, 8b3fc63e-6177-49a7-a9ee-49fdb7919a17)
