2026-06-01 20:00:42.118 -04:00 [INF] Starting Intersect Server v0.8.0.545-beta+cbc0cf74f8509896dccc5ead8febbfb9f398c715
2026-06-01 20:00:42.624 -04:00 [INF] Creating game context using SQLite...
2026-06-01 20:00:44.128 -04:00 [INF] Creating player context using SQLite...
2026-06-01 20:00:44.535 -04:00 [INF] Creating logging context using SQLite...
2026-06-01 20:00:45.976 -04:00 [WRN] Finished validating map events on all maps, there were 0 missing events and 0 corrected events
2026-06-01 20:00:46.563 -04:00 [INF] Discovered service type: Intersect.Plugins.PluginService
2026-06-01 20:00:46.569 -04:00 [INF] Discovered service type: Intersect.Server.Core.LogicService
2026-06-01 20:00:46.571 -04:00 [INF] Discovered service type: Intersect.Server.Web.ApiService
2026-06-01 20:00:46.610 -04:00 [INF] Discovered service type: Intersect.Server.Core.ConsoleService
2026-06-01 20:00:46.640 -04:00 [WRN] Directory was specified as a plugin directory but does not exist: 'resources\plugins'
2026-06-01 20:00:46.643 -04:00 [INF] Discovered 0 plugins:

2026-06-01 20:00:48.354 -04:00 [INF] InvalidPortCheckerResponse
2026-06-01 20:00:48.366 -04:00 [INF] Port 5400 is not open, trying UPnP...
2026-06-01 20:00:53.379 -04:00 [ERR] UPnP Service Initialization Failed. You might not have a router, or UPnP on your router might be disabled.
Open.Nat.NatDeviceNotFoundException: Exception of type 'Open.Nat.NatDeviceNotFoundException' was thrown.
   at Open.Nat.NatDiscoverer.DiscoverDeviceAsync(PortMapper portMapper, CancellationTokenSource cancellationTokenSource)
   at Intersect.Server.Networking.Helpers.UpnP.ConnectNatDevice() in D:\a\Intersect-Engine\Intersect-Engine\Intersect.Server\Networking\Helpers\UPnP.cs:line 26
2026-06-01 20:00:53.391 -04:00 [WRN] UPnP failed. Please verify the server status manually using a client.
2026-06-01 20:00:53.451 -04:00 [INF] Unpacking appsettings...
2026-06-01 20:00:53.605 -04:00 [INF] Launching Intersect REST API in 'Production' mode...
2026-06-01 20:01:03.878 -04:00 [INF] Connection approved [44a945d7-5235-486d-b6e2-f400047aa580].
2026-06-01 20:01:03.881 -04:00 [INF] Connected [44a945d7-5235-486d-b6e2-f400047aa580].
2026-06-01 20:03:30.684 -04:00 [INF] Disconnected [44a945d7-5235-486d-b6e2-f400047aa580].
2026-06-01 20:03:30.706 -04:00 [INF] [Player.CompleteLogout] Done saving Boss (hard logout, 8b3fc63e-6177-49a7-a9ee-49fdb7919a17)
