2025-06-02 15:21:07.831 -04:00 [INF] Starting Intersect Server v0.8.0.545-beta+cbc0cf74f8509896dccc5ead8febbfb9f398c715
2025-06-02 15:21:08.643 -04:00 [INF] Creating game context using SQLite...
2025-06-02 15:21:11.300 -04:00 [INF] Creating player context using SQLite...
2025-06-02 15:21:12.128 -04:00 [INF] Creating logging context using SQLite...
2025-06-02 15:21:15.172 -04:00 [WRN] Finished validating map events on all maps, there were 0 missing events and 0 corrected events
2025-06-02 15:21:16.495 -04:00 [INF] Discovered service type: Intersect.Plugins.PluginService
2025-06-02 15:21:16.497 -04:00 [INF] Discovered service type: Intersect.Server.Core.LogicService
2025-06-02 15:21:16.500 -04:00 [INF] Discovered service type: Intersect.Server.Web.ApiService
2025-06-02 15:21:16.570 -04:00 [INF] Discovered service type: Intersect.Server.Core.ConsoleService
2025-06-02 15:21:16.628 -04:00 [WRN] Directory was specified as a plugin directory but does not exist: 'resources\plugins'
2025-06-02 15:21:16.630 -04:00 [INF] Discovered 0 plugins:

2025-06-02 15:21:18.229 -04:00 [INF] InvalidPortCheckerResponse
2025-06-02 15:21:18.247 -04:00 [INF] Port 5400 is not open, trying UPnP...
2025-06-02 15:21:23.263 -04:00 [ERR] UPnP Service Initialization Failed. You might not have a router, or UPnP on your router might be disabled.
Open.Nat.NatDeviceNotFoundException: Exception of type 'Open.Nat.NatDeviceNotFoundException' was thrown.
   at Open.Nat.NatDiscoverer.DiscoverDeviceAsync(PortMapper portMapper, CancellationTokenSource cancellationTokenSource)
   at Intersect.Server.Networking.Helpers.UpnP.ConnectNatDevice() in D:\a\Intersect-Engine\Intersect-Engine\Intersect.Server\Networking\Helpers\UPnP.cs:line 26
2025-06-02 15:21:23.285 -04:00 [WRN] UPnP failed. Please verify the server status manually using a client.
2025-06-02 15:21:23.388 -04:00 [INF] Unpacking appsettings...
2025-06-02 15:21:23.615 -04:00 [INF] Launching Intersect REST API in 'Production' mode...
2025-06-02 15:22:54.930 -04:00 [INF] Connection approved [6578a268-236d-43dc-982a-ad07bb830e0a].
2025-06-02 15:22:54.933 -04:00 [INF] Connected [6578a268-236d-43dc-982a-ad07bb830e0a].
2025-06-02 18:14:49.331 -04:00 [INF] Connection approved [be037d76-0b97-4d59-89a5-346881145bcd].
2025-06-02 18:14:49.338 -04:00 [INF] Connected [be037d76-0b97-4d59-89a5-346881145bcd].
2025-06-02 18:14:58.186 -04:00 [INF] Disconnected [be037d76-0b97-4d59-89a5-346881145bcd].
2025-06-02 18:15:51.139 -04:00 [INF] Connection approved [3a6e6fdb-cf0a-4348-91a8-11cd1fd1d5d9].
2025-06-02 18:15:51.149 -04:00 [INF] Connected [3a6e6fdb-cf0a-4348-91a8-11cd1fd1d5d9].
2025-06-02 18:16:40.806 -04:00 [INF] Disconnected [3a6e6fdb-cf0a-4348-91a8-11cd1fd1d5d9].
2025-06-02 18:16:40.818 -04:00 [INF] [Player.CompleteLogout] Done saving Boss (hard logout, 003d69fa-98bb-4a47-b5cc-afb6eafda465)
2025-06-02 18:18:40.103 -04:00 [INF] Connection approved [03807f42-cea0-4561-9246-acf35cb98f62].
2025-06-02 18:18:40.105 -04:00 [INF] Connected [03807f42-cea0-4561-9246-acf35cb98f62].
2025-06-02 18:19:45.066 -04:00 [INF] [Player.CompleteLogout] Done saving Noob (hard logout, 55ca9739-3f98-45ac-a7c2-7e84054de6bc)
2025-06-02 18:19:45.104 -04:00 [INF] Disconnected [03807f42-cea0-4561-9246-acf35cb98f62].
2025-06-02 18:20:18.338 -04:00 [INF] Connection approved [6db2cb92-d2cd-487a-af0b-2cca7639a2cb].
2025-06-02 18:20:18.346 -04:00 [INF] Connected [6db2cb92-d2cd-487a-af0b-2cca7639a2cb].
2025-06-02 18:21:02.642 -04:00 [INF] [Player.CompleteLogout] Done saving noob (soft logout, f314bb23-e7a0-4b17-b021-ea2a278dcd33)
2025-06-02 18:21:08.077 -04:00 [INF] Disconnected [6db2cb92-d2cd-487a-af0b-2cca7639a2cb].
2025-06-02 18:23:13.162 -04:00 [INF] Connection approved [55d94fc7-a236-404c-b950-e1c84403012c].
2025-06-02 18:23:13.170 -04:00 [INF] Connected [55d94fc7-a236-404c-b950-e1c84403012c].
2025-06-02 18:29:48.322 -04:00 [INF] Disconnected [55d94fc7-a236-404c-b950-e1c84403012c].
2025-06-02 18:29:48.324 -04:00 [INF] [Player.CompleteLogout] Done saving noob (hard logout, 669263e0-4d4e-4723-8d11-1c0edaea673d)
2025-06-02 18:33:45.808 -04:00 [INF] Connection approved [37fb254c-ef4f-46f1-a8cd-a1d79c8f773f].
2025-06-02 18:33:45.816 -04:00 [INF] Connected [37fb254c-ef4f-46f1-a8cd-a1d79c8f773f].
2025-06-02 18:35:39.873 -04:00 [INF] Disconnected [37fb254c-ef4f-46f1-a8cd-a1d79c8f773f].
2025-06-02 18:35:39.874 -04:00 [INF] [Player.CompleteLogout] Done saving noob (hard logout, 669263e0-4d4e-4723-8d11-1c0edaea673d)
2025-06-02 18:37:03.264 -04:00 [INF] Connection approved [19a329d6-8fd4-408f-8a81-36247b28b1b3].
2025-06-02 18:37:03.269 -04:00 [INF] Connected [19a329d6-8fd4-408f-8a81-36247b28b1b3].
2025-06-02 18:39:02.724 -04:00 [INF] Disconnected [19a329d6-8fd4-408f-8a81-36247b28b1b3].
2025-06-02 18:39:02.726 -04:00 [INF] [Player.CompleteLogout] Done saving nb (hard logout, 34697d37-1356-45f4-a615-4238d2046c90)
2025-06-02 18:43:16.433 -04:00 [INF] Connection approved [86db7a30-bb92-44d7-8025-d02f2b2f2236].
2025-06-02 18:43:16.450 -04:00 [INF] Connected [86db7a30-bb92-44d7-8025-d02f2b2f2236].
2025-06-02 18:44:10.391 -04:00 [INF] Disconnected [86db7a30-bb92-44d7-8025-d02f2b2f2236].
2025-06-02 18:44:10.393 -04:00 [INF] [Player.CompleteLogout] Done saving nm (hard logout, ac04c169-ccb4-413e-9213-42332bfb491b)
2025-06-02 19:05:47.010 -04:00 [INF] Connection approved [b03afeb3-d878-49e5-908e-afe11880ec34].
2025-06-02 19:05:47.018 -04:00 [INF] Connected [b03afeb3-d878-49e5-908e-afe11880ec34].
2025-06-02 19:06:40.440 -04:00 [INF] Disconnected [b03afeb3-d878-49e5-908e-afe11880ec34].
2025-06-02 19:06:40.441 -04:00 [INF] [Player.CompleteLogout] Done saving nb (hard logout, d1af5203-20bd-4bb7-8be5-954da4fa14ac)
2025-06-02 19:20:13.378 -04:00 [INF] Connection approved [84c44962-58c6-4ee0-9e25-bc2852a04502].
2025-06-02 19:20:13.381 -04:00 [INF] Connected [84c44962-58c6-4ee0-9e25-bc2852a04502].
2025-06-02 19:22:56.005 -04:00 [INF] Disconnected [84c44962-58c6-4ee0-9e25-bc2852a04502].
2025-06-02 19:22:56.006 -04:00 [INF] [Player.CompleteLogout] Done saving nb (hard logout, d1af5203-20bd-4bb7-8be5-954da4fa14ac)
2025-06-02 19:47:36.848 -04:00 [INF] Disconnected [6578a268-236d-43dc-982a-ad07bb830e0a].
