2026-06-08 17:29:12.669 -04:00 [INF] Starting Intersect Server v0.8.0.545-beta+cbc0cf74f8509896dccc5ead8febbfb9f398c715
2026-06-08 17:29:13.718 -04:00 [INF] Creating game context using SQLite...
2026-06-08 17:29:22.624 -04:00 [INF] Creating player context using SQLite...
2026-06-08 17:29:25.393 -04:00 [INF] Creating logging context using SQLite...
2026-06-08 17:29:33.709 -04:00 [WRN] Finished validating map events on all maps, there were 0 missing events and 0 corrected events
2026-06-08 17:29:35.244 -04:00 [INF] Discovered service type: Intersect.Plugins.PluginService
2026-06-08 17:29:35.247 -04:00 [INF] Discovered service type: Intersect.Server.Core.LogicService
2026-06-08 17:29:35.250 -04:00 [INF] Discovered service type: Intersect.Server.Web.ApiService
2026-06-08 17:29:35.319 -04:00 [INF] Discovered service type: Intersect.Server.Core.ConsoleService
2026-06-08 17:29:35.378 -04:00 [WRN] Directory was specified as a plugin directory but does not exist: 'resources\plugins'
2026-06-08 17:29:35.379 -04:00 [INF] Discovered 0 plugins:

2026-06-08 17:29:39.711 -04:00 [INF] InvalidPortCheckerResponse
2026-06-08 17:29:39.732 -04:00 [INF] Port 5400 is not open, trying UPnP...
2026-06-08 17:29:44.763 -04:00 [ERR] UPnP Service Initialization Failed. You might not have a router, or UPnP on your router might be disabled.
Open.Nat.NatDeviceNotFoundException: Exception of type 'Open.Nat.NatDeviceNotFoundException' was thrown.
   at Open.Nat.NatDiscoverer.DiscoverDeviceAsync(PortMapper portMapper, CancellationTokenSource cancellationTokenSource)
   at Intersect.Server.Networking.Helpers.UpnP.ConnectNatDevice() in D:\a\Intersect-Engine\Intersect-Engine\Intersect.Server\Networking\Helpers\UPnP.cs:line 26
2026-06-08 17:29:44.783 -04:00 [WRN] UPnP failed. Please verify the server status manually using a client.
2026-06-08 17:29:44.878 -04:00 [INF] Unpacking appsettings...
2026-06-08 17:29:45.235 -04:00 [INF] Launching Intersect REST API in 'Production' mode...
2026-06-08 17:29:46.802 -04:00 [INF] Connection approved [e4b2937b-fea7-4f49-948d-e03a65e69665].
2026-06-08 17:29:46.865 -04:00 [INF] Connected [e4b2937b-fea7-4f49-948d-e03a65e69665].
2026-06-08 17:33:46.777 -04:00 [INF] Disconnected [e4b2937b-fea7-4f49-948d-e03a65e69665].
2026-06-08 17:33:54.187 -04:00 [INF] [Player.CompleteLogout] Done saving Boss (hard logout, afb13910-c2d2-4be7-802f-e42ab74ec509)
2026-06-08 17:33:57.003 -04:00 [INF] Connection approved [b2b303f5-2034-40f2-bdbf-2033e08578aa].
2026-06-08 17:33:57.007 -04:00 [INF] Connected [b2b303f5-2034-40f2-bdbf-2033e08578aa].
2026-06-08 17:34:40.075 -04:00 [INF] Disconnected [b2b303f5-2034-40f2-bdbf-2033e08578aa].
2026-06-08 17:34:48.616 -04:00 [INF] Connection approved [560a2362-488f-4f06-8049-1bd6702ddb41].
2026-06-08 17:34:48.623 -04:00 [INF] Connected [560a2362-488f-4f06-8049-1bd6702ddb41].
2026-06-08 17:41:18.797 -04:00 [INF] Disconnected [560a2362-488f-4f06-8049-1bd6702ddb41].
2026-06-08 17:41:18.804 -04:00 [INF] [Player.CompleteLogout] Done saving Boss (hard logout, afb13910-c2d2-4be7-802f-e42ab74ec509)
2026-06-08 17:41:31.285 -04:00 [INF] Connection approved [afb6478b-d720-46b7-a8a5-098b81dbaecf].
2026-06-08 17:41:31.288 -04:00 [INF] Connected [afb6478b-d720-46b7-a8a5-098b81dbaecf].
2026-06-08 17:42:10.416 -04:00 [INF] Connection approved [910c2b49-d322-44c4-9009-744e3558d03d].
2026-06-08 17:42:10.744 -04:00 [INF] Connected [910c2b49-d322-44c4-9009-744e3558d03d].
2026-06-08 17:43:09.244 -04:00 [INF] Disconnected [910c2b49-d322-44c4-9009-744e3558d03d].
2026-06-08 17:43:09.335 -04:00 [INF] [Player.CompleteLogout] Done saving Boss (hard logout, afb13910-c2d2-4be7-802f-e42ab74ec509)
2026-06-08 17:43:56.038 -04:00 [INF] Connection approved [6af794b2-fdbd-4e5a-85b4-d46c890f43fe].
2026-06-08 17:43:56.045 -04:00 [INF] Connected [6af794b2-fdbd-4e5a-85b4-d46c890f43fe].
2026-06-08 17:52:20.551 -04:00 [INF] Disconnected [6af794b2-fdbd-4e5a-85b4-d46c890f43fe].
2026-06-08 17:52:20.554 -04:00 [INF] [Player.CompleteLogout] Done saving Boss (hard logout, afb13910-c2d2-4be7-802f-e42ab74ec509)
2026-06-08 18:19:41.046 -04:00 [INF] Disconnected [afb6478b-d720-46b7-a8a5-098b81dbaecf].
2026-06-08 18:19:50.910 -04:00 [INF] Connection approved [610387bf-204e-4aba-a183-44edf2d816bb].
2026-06-08 18:19:50.912 -04:00 [INF] Connected [610387bf-204e-4aba-a183-44edf2d816bb].
2026-06-08 18:19:59.731 -04:00 [INF] Connection approved [2087a79f-223b-486e-9e23-71ef210a5502].
2026-06-08 18:20:00.906 -04:00 [INF] Connected [2087a79f-223b-486e-9e23-71ef210a5502].
2026-06-08 18:36:32.265 -04:00 [WRN] Successfully removed 1 items from slot Intersect.Server.Database.PlayerData.Players.InventorySlot for player f6e8d67f-f586-4c1f-aee2-9665670695d9 at BuyItem(int slot, int amount)
2026-06-08 18:36:33.401 -04:00 [WRN] Successfully removed 1 items from slot Intersect.Server.Database.PlayerData.Players.InventorySlot for player f6e8d67f-f586-4c1f-aee2-9665670695d9 at BuyItem(int slot, int amount)
2026-06-08 18:36:34.361 -04:00 [WRN] Successfully removed 1 items from slot Intersect.Server.Database.PlayerData.Players.InventorySlot for player f6e8d67f-f586-4c1f-aee2-9665670695d9 at BuyItem(int slot, int amount)
2026-06-08 18:36:35.589 -04:00 [WRN] Successfully removed 1 items from slot Intersect.Server.Database.PlayerData.Players.InventorySlot for player f6e8d67f-f586-4c1f-aee2-9665670695d9 at BuyItem(int slot, int amount)
2026-06-08 18:37:21.233 -04:00 [INF] Disconnected [2087a79f-223b-486e-9e23-71ef210a5502].
2026-06-08 18:37:21.240 -04:00 [INF] [Player.CompleteLogout] Done saving Boss (hard logout, f6e8d67f-f586-4c1f-aee2-9665670695d9)
2026-06-08 18:43:47.820 -04:00 [INF] Connection approved [9633581e-bb1c-4fd3-b86d-9f4215bf00e1].
2026-06-08 18:43:47.860 -04:00 [INF] Connected [9633581e-bb1c-4fd3-b86d-9f4215bf00e1].
2026-06-08 18:46:48.547 -04:00 [WRN] Successfully removed 15 items from slot Intersect.Server.Database.PlayerData.Players.InventorySlot for player f6e8d67f-f586-4c1f-aee2-9665670695d9 at BuyItem(int slot, int amount)
2026-06-08 18:49:22.737 -04:00 [INF] Disconnected [9633581e-bb1c-4fd3-b86d-9f4215bf00e1].
2026-06-08 18:49:22.738 -04:00 [INF] [Player.CompleteLogout] Done saving Boss (hard logout, f6e8d67f-f586-4c1f-aee2-9665670695d9)
2026-06-08 18:50:45.577 -04:00 [INF] Connection approved [306f63c6-98c3-4fbe-96b7-3813fd9681eb].
2026-06-08 18:50:45.603 -04:00 [INF] Connected [306f63c6-98c3-4fbe-96b7-3813fd9681eb].
2026-06-08 18:53:51.001 -04:00 [INF] Disconnected [306f63c6-98c3-4fbe-96b7-3813fd9681eb].
2026-06-08 18:53:51.302 -04:00 [INF] [Player.CompleteLogout] Done saving Boss (hard logout, f6e8d67f-f586-4c1f-aee2-9665670695d9)
2026-06-08 18:54:40.175 -04:00 [INF] Connection approved [38e8f7b4-fd28-4595-945f-1097973797fe].
2026-06-08 18:54:40.235 -04:00 [INF] Connected [38e8f7b4-fd28-4595-945f-1097973797fe].
2026-06-08 18:54:57.274 -04:00 [INF] Disconnected [38e8f7b4-fd28-4595-945f-1097973797fe].
2026-06-08 18:54:57.279 -04:00 [INF] [Player.CompleteLogout] Done saving Boss (hard logout, f6e8d67f-f586-4c1f-aee2-9665670695d9)
2026-06-08 18:56:52.504 -04:00 [INF] Connection approved [44e8a091-7491-4964-8c13-227bcfefdd19].
2026-06-08 18:56:52.555 -04:00 [INF] Connected [44e8a091-7491-4964-8c13-227bcfefdd19].
2026-06-08 18:58:14.038 -04:00 [INF] Disconnected [44e8a091-7491-4964-8c13-227bcfefdd19].
2026-06-08 18:58:14.047 -04:00 [INF] [Player.CompleteLogout] Done saving Boss (hard logout, f6e8d67f-f586-4c1f-aee2-9665670695d9)
2026-06-08 18:58:33.332 -04:00 [INF] Disconnected [610387bf-204e-4aba-a183-44edf2d816bb].
2026-06-08 18:58:40.192 -04:00 [INF] Connection approved [90b93770-bcea-4d8f-9fd9-c3d2e88ec454].
2026-06-08 18:58:40.195 -04:00 [INF] Connected [90b93770-bcea-4d8f-9fd9-c3d2e88ec454].
2026-06-08 18:59:09.267 -04:00 [INF] Disconnected [90b93770-bcea-4d8f-9fd9-c3d2e88ec454].
