2026-05-29 18:52:28.885 -04:00 [INF] Starting Intersect Server v0.8.0.545-beta+cbc0cf74f8509896dccc5ead8febbfb9f398c715
2026-05-29 18:52:29.375 -04:00 [INF] Creating game context using SQLite...
2026-05-29 18:52:31.043 -04:00 [INF] Creating player context using SQLite...
2026-05-29 18:52:31.578 -04:00 [INF] Creating logging context using SQLite...
2026-05-29 18:52:34.206 -04:00 [WRN] Finished validating map events on all maps, there were 0 missing events and 0 corrected events
2026-05-29 18:52:35.228 -04:00 [INF] Discovered service type: Intersect.Plugins.PluginService
2026-05-29 18:52:35.234 -04:00 [INF] Discovered service type: Intersect.Server.Core.LogicService
2026-05-29 18:52:35.240 -04:00 [INF] Discovered service type: Intersect.Server.Web.ApiService
2026-05-29 18:52:35.304 -04:00 [INF] Discovered service type: Intersect.Server.Core.ConsoleService
2026-05-29 18:52:35.355 -04:00 [WRN] Directory was specified as a plugin directory but does not exist: 'resources\plugins'
2026-05-29 18:52:35.358 -04:00 [INF] Discovered 0 plugins:

2026-05-29 18:52:37.000 -04:00 [INF] InvalidPortCheckerResponse
2026-05-29 18:52:37.013 -04:00 [INF] Port 5400 is not open, trying UPnP...
2026-05-29 18:52:42.029 -04:00 [ERR] UPnP Service Initialization Failed. You might not have a router, or UPnP on your router might be disabled.
Open.Nat.NatDeviceNotFoundException: Exception of type 'Open.Nat.NatDeviceNotFoundException' was thrown.
   at Open.Nat.NatDiscoverer.DiscoverDeviceAsync(PortMapper portMapper, CancellationTokenSource cancellationTokenSource)
   at Intersect.Server.Networking.Helpers.UpnP.ConnectNatDevice() in D:\a\Intersect-Engine\Intersect-Engine\Intersect.Server\Networking\Helpers\UPnP.cs:line 26
2026-05-29 18:52:42.050 -04:00 [WRN] UPnP failed. Please verify the server status manually using a client.
2026-05-29 18:52:42.134 -04:00 [INF] Unpacking appsettings...
2026-05-29 18:52:42.344 -04:00 [INF] Launching Intersect REST API in 'Production' mode...
