2026-06-02 19:39:29.960 -04:00 [INF] Starting Intersect Server v0.8.0.545-beta+cbc0cf74f8509896dccc5ead8febbfb9f398c715
2026-06-02 19:39:30.519 -04:00 [INF] Creating game context using SQLite...
2026-06-02 19:39:32.082 -04:00 [INF] Creating player context using SQLite...
2026-06-02 19:39:32.446 -04:00 [INF] Creating logging context using SQLite...
2026-06-02 19:39:33.954 -04:00 [WRN] Finished validating map events on all maps, there were 0 missing events and 0 corrected events
2026-06-02 19:39:34.574 -04:00 [INF] Discovered service type: Intersect.Plugins.PluginService
2026-06-02 19:39:34.577 -04:00 [INF] Discovered service type: Intersect.Server.Core.LogicService
2026-06-02 19:39:34.580 -04:00 [INF] Discovered service type: Intersect.Server.Web.ApiService
2026-06-02 19:39:34.631 -04:00 [INF] Discovered service type: Intersect.Server.Core.ConsoleService
2026-06-02 19:39:34.667 -04:00 [WRN] Directory was specified as a plugin directory but does not exist: 'resources\plugins'
2026-06-02 19:39:34.669 -04:00 [INF] Discovered 0 plugins:

2026-06-02 19:39:36.363 -04:00 [INF] InvalidPortCheckerResponse
2026-06-02 19:39:36.377 -04:00 [INF] Port 5400 is not open, trying UPnP...
2026-06-02 19:39:41.395 -04:00 [ERR] UPnP Service Initialization Failed. You might not have a router, or UPnP on your router might be disabled.
Open.Nat.NatDeviceNotFoundException: Exception of type 'Open.Nat.NatDeviceNotFoundException' was thrown.
   at Open.Nat.NatDiscoverer.DiscoverDeviceAsync(PortMapper portMapper, CancellationTokenSource cancellationTokenSource)
   at Intersect.Server.Networking.Helpers.UpnP.ConnectNatDevice() in D:\a\Intersect-Engine\Intersect-Engine\Intersect.Server\Networking\Helpers\UPnP.cs:line 26
2026-06-02 19:39:41.410 -04:00 [WRN] UPnP failed. Please verify the server status manually using a client.
2026-06-02 19:39:41.471 -04:00 [INF] Unpacking appsettings...
2026-06-02 19:39:41.603 -04:00 [INF] Launching Intersect REST API in 'Production' mode...
2026-06-02 19:39:46.174 -04:00 [INF] Connection approved [e07b4c57-2ded-4697-8aee-825a6e0ac182].
2026-06-02 19:39:46.176 -04:00 [INF] Connected [e07b4c57-2ded-4697-8aee-825a6e0ac182].
2026-06-02 19:40:32.400 -04:00 [INF] Disconnected [e07b4c57-2ded-4697-8aee-825a6e0ac182].
