2026-06-04 19:21:29.158 -04:00 [INF] Starting Intersect Server v0.8.0.545-beta+cbc0cf74f8509896dccc5ead8febbfb9f398c715
2026-06-04 19:21:29.748 -04:00 [INF] Creating game context using SQLite...
2026-06-04 19:21:31.223 -04:00 [INF] Creating player context using SQLite...
2026-06-04 19:21:31.582 -04:00 [INF] Creating logging context using SQLite...
2026-06-04 19:21:33.079 -04:00 [WRN] Finished validating map events on all maps, there were 0 missing events and 0 corrected events
2026-06-04 19:21:33.817 -04:00 [INF] Discovered service type: Intersect.Plugins.PluginService
2026-06-04 19:21:33.819 -04:00 [INF] Discovered service type: Intersect.Server.Core.LogicService
2026-06-04 19:21:33.822 -04:00 [INF] Discovered service type: Intersect.Server.Web.ApiService
2026-06-04 19:21:33.871 -04:00 [INF] Discovered service type: Intersect.Server.Core.ConsoleService
2026-06-04 19:21:33.910 -04:00 [WRN] Directory was specified as a plugin directory but does not exist: 'resources\plugins'
2026-06-04 19:21:33.912 -04:00 [INF] Discovered 0 plugins:

2026-06-04 19:21:35.682 -04:00 [INF] InvalidPortCheckerResponse
2026-06-04 19:21:35.697 -04:00 [INF] Port 5400 is not open, trying UPnP...
2026-06-04 19:21:40.728 -04:00 [ERR] UPnP Service Initialization Failed. You might not have a router, or UPnP on your router might be disabled.
Open.Nat.NatDeviceNotFoundException: Exception of type 'Open.Nat.NatDeviceNotFoundException' was thrown.
   at Open.Nat.NatDiscoverer.DiscoverDeviceAsync(PortMapper portMapper, CancellationTokenSource cancellationTokenSource)
   at Intersect.Server.Networking.Helpers.UpnP.ConnectNatDevice() in D:\a\Intersect-Engine\Intersect-Engine\Intersect.Server\Networking\Helpers\UPnP.cs:line 26
2026-06-04 19:21:40.782 -04:00 [WRN] UPnP failed. Please verify the server status manually using a client.
2026-06-04 19:21:40.964 -04:00 [INF] Unpacking appsettings...
2026-06-04 19:21:41.405 -04:00 [INF] Launching Intersect REST API in 'Production' mode...
2026-06-04 19:21:41.820 -04:00 [INF] Connection approved [ee7cf828-da6b-4e6d-aa36-e0f6b5294186].
2026-06-04 19:21:41.831 -04:00 [INF] Connected [ee7cf828-da6b-4e6d-aa36-e0f6b5294186].
2026-06-04 19:24:18.544 -04:00 [INF] Disconnected [ee7cf828-da6b-4e6d-aa36-e0f6b5294186].
2026-06-04 19:24:18.567 -04:00 [INF] [Player.CompleteLogout] Done saving Boss (hard logout, 8b3fc63e-6177-49a7-a9ee-49fdb7919a17)
