2026-06-03 20:34:06.806 -04:00 [INF] Starting Intersect Server v0.8.0.545-beta+cbc0cf74f8509896dccc5ead8febbfb9f398c715
2026-06-03 20:34:07.430 -04:00 [INF] Creating game context using SQLite...
2026-06-03 20:34:09.203 -04:00 [INF] Creating player context using SQLite...
2026-06-03 20:34:09.641 -04:00 [INF] Creating logging context using SQLite...
2026-06-03 20:34:11.247 -04:00 [WRN] Finished validating map events on all maps, there were 0 missing events and 0 corrected events
2026-06-03 20:34:12.028 -04:00 [INF] Discovered service type: Intersect.Plugins.PluginService
2026-06-03 20:34:12.030 -04:00 [INF] Discovered service type: Intersect.Server.Core.LogicService
2026-06-03 20:34:12.033 -04:00 [INF] Discovered service type: Intersect.Server.Web.ApiService
2026-06-03 20:34:12.111 -04:00 [INF] Discovered service type: Intersect.Server.Core.ConsoleService
2026-06-03 20:34:12.150 -04:00 [WRN] Directory was specified as a plugin directory but does not exist: 'resources\plugins'
2026-06-03 20:34:12.152 -04:00 [INF] Discovered 0 plugins:

2026-06-03 20:34:14.467 -04:00 [INF] InvalidPortCheckerResponse
2026-06-03 20:34:14.486 -04:00 [INF] Port 5400 is not open, trying UPnP...
2026-06-03 20:34:19.516 -04:00 [ERR] UPnP Service Initialization Failed. You might not have a router, or UPnP on your router might be disabled.
Open.Nat.NatDeviceNotFoundException: Exception of type 'Open.Nat.NatDeviceNotFoundException' was thrown.
   at Open.Nat.NatDiscoverer.DiscoverDeviceAsync(PortMapper portMapper, CancellationTokenSource cancellationTokenSource)
   at Intersect.Server.Networking.Helpers.UpnP.ConnectNatDevice() in D:\a\Intersect-Engine\Intersect-Engine\Intersect.Server\Networking\Helpers\UPnP.cs:line 26
2026-06-03 20:34:19.530 -04:00 [WRN] UPnP failed. Please verify the server status manually using a client.
2026-06-03 20:34:19.590 -04:00 [INF] Unpacking appsettings...
2026-06-03 20:34:19.732 -04:00 [INF] Launching Intersect REST API in 'Production' mode...
2026-06-03 20:34:58.102 -04:00 [INF] Connection approved [2aa61462-9ab8-41ae-9e2a-dd6ef1d8513b].
2026-06-03 20:34:58.104 -04:00 [INF] Connected [2aa61462-9ab8-41ae-9e2a-dd6ef1d8513b].
2026-06-03 20:35:17.674 -04:00 [INF] Disconnected [2aa61462-9ab8-41ae-9e2a-dd6ef1d8513b].
