2026-06-08 18:59:18.741 -04:00 [INF] Starting Intersect Server v0.8.0.545-beta+cbc0cf74f8509896dccc5ead8febbfb9f398c715
2026-06-08 18:59:19.310 -04:00 [INF] Creating game context using SQLite...
2026-06-08 18:59:20.806 -04:00 [INF] Creating player context using SQLite...
2026-06-08 18:59:21.141 -04:00 [INF] Creating logging context using SQLite...
2026-06-08 18:59:22.813 -04:00 [WRN] Finished validating map events on all maps, there were 0 missing events and 0 corrected events
2026-06-08 18:59:24.777 -04:00 [INF] Discovered service type: Intersect.Plugins.PluginService
2026-06-08 18:59:24.782 -04:00 [INF] Discovered service type: Intersect.Server.Core.LogicService
2026-06-08 18:59:24.785 -04:00 [INF] Discovered service type: Intersect.Server.Web.ApiService
2026-06-08 18:59:24.870 -04:00 [INF] Discovered service type: Intersect.Server.Core.ConsoleService
2026-06-08 18:59:25.117 -04:00 [WRN] Directory was specified as a plugin directory but does not exist: 'resources\plugins'
2026-06-08 18:59:25.509 -04:00 [INF] Discovered 0 plugins:

2026-06-08 18:59:28.475 -04:00 [INF] InvalidPortCheckerResponse
2026-06-08 18:59:28.566 -04:00 [INF] Port 5400 is not open, trying UPnP...
2026-06-08 18:59:33.678 -04:00 [ERR] UPnP Service Initialization Failed. You might not have a router, or UPnP on your router might be disabled.
Open.Nat.NatDeviceNotFoundException: Exception of type 'Open.Nat.NatDeviceNotFoundException' was thrown.
   at Open.Nat.NatDiscoverer.DiscoverDeviceAsync(PortMapper portMapper, CancellationTokenSource cancellationTokenSource)
   at Intersect.Server.Networking.Helpers.UpnP.ConnectNatDevice() in D:\a\Intersect-Engine\Intersect-Engine\Intersect.Server\Networking\Helpers\UPnP.cs:line 26
2026-06-08 18:59:34.236 -04:00 [WRN] UPnP failed. Please verify the server status manually using a client.
2026-06-08 18:59:35.030 -04:00 [INF] Unpacking appsettings...
2026-06-08 18:59:38.492 -04:00 [INF] Launching Intersect REST API in 'Production' mode...
2026-06-08 18:59:39.393 -04:00 [INF] Connection approved [7578a615-0623-468a-ad37-85bc354b722d].
2026-06-08 18:59:39.577 -04:00 [INF] Connected [7578a615-0623-468a-ad37-85bc354b722d].
2026-06-08 19:13:48.660 -04:00 [WRN] Successfully removed 1 items from slot Intersect.Server.Database.PlayerData.Players.InventorySlot for player 77776b54-0c7f-4aa9-bf65-e6180faa3974 at BuyItem(int slot, int amount)
2026-06-08 19:13:49.515 -04:00 [WRN] Successfully removed 1 items from slot Intersect.Server.Database.PlayerData.Players.InventorySlot for player 77776b54-0c7f-4aa9-bf65-e6180faa3974 at BuyItem(int slot, int amount)
2026-06-08 19:13:50.466 -04:00 [WRN] Successfully removed 1 items from slot Intersect.Server.Database.PlayerData.Players.InventorySlot for player 77776b54-0c7f-4aa9-bf65-e6180faa3974 at BuyItem(int slot, int amount)
2026-06-08 19:13:51.398 -04:00 [WRN] Successfully removed 1 items from slot Intersect.Server.Database.PlayerData.Players.InventorySlot for player 77776b54-0c7f-4aa9-bf65-e6180faa3974 at BuyItem(int slot, int amount)
2026-06-08 19:16:35.549 -04:00 [WRN] Successfully removed 15 items from slot Intersect.Server.Database.PlayerData.Players.InventorySlot for player 77776b54-0c7f-4aa9-bf65-e6180faa3974 at BuyItem(int slot, int amount)
2026-06-08 19:19:52.670 -04:00 [INF] Disconnected [7578a615-0623-468a-ad37-85bc354b722d].
2026-06-08 19:19:54.126 -04:00 [INF] [Player.CompleteLogout] Done saving Boss (hard logout, 77776b54-0c7f-4aa9-bf65-e6180faa3974)
2026-06-08 19:19:59.282 -04:00 [INF] Connection approved [c2bd9dc9-c1c8-4f67-8b0c-20bf95ba0453].
2026-06-08 19:19:59.289 -04:00 [INF] Connected [c2bd9dc9-c1c8-4f67-8b0c-20bf95ba0453].
2026-06-08 19:21:51.770 -04:00 [INF] Connection approved [e819addf-0b22-416a-8df1-39a3f9713964].
2026-06-08 19:21:51.936 -04:00 [INF] Connected [e819addf-0b22-416a-8df1-39a3f9713964].
2026-06-08 19:24:35.668 -04:00 [INF] Disconnected [e819addf-0b22-416a-8df1-39a3f9713964].
2026-06-08 19:24:35.671 -04:00 [INF] [Player.CompleteLogout] Done saving Boss (hard logout, 77776b54-0c7f-4aa9-bf65-e6180faa3974)
2026-06-08 19:29:21.986 -04:00 [INF] Connection approved [6d434c93-14c5-455a-862b-5c3596a594f2].
2026-06-08 19:29:22.041 -04:00 [INF] Connected [6d434c93-14c5-455a-862b-5c3596a594f2].
2026-06-08 19:31:01.057 -04:00 [INF] Disconnected [6d434c93-14c5-455a-862b-5c3596a594f2].
2026-06-08 19:31:01.169 -04:00 [INF] [Player.CompleteLogout] Done saving Boss (hard logout, 77776b54-0c7f-4aa9-bf65-e6180faa3974)
2026-06-08 19:35:56.494 -04:00 [INF] Connection approved [5fb20852-5884-404c-8d65-70c1a778e15c].
2026-06-08 19:35:56.579 -04:00 [INF] Connected [5fb20852-5884-404c-8d65-70c1a778e15c].
2026-06-08 19:37:36.092 -04:00 [INF] Disconnected [5fb20852-5884-404c-8d65-70c1a778e15c].
2026-06-08 19:37:36.095 -04:00 [INF] [Player.CompleteLogout] Done saving Boss (hard logout, 77776b54-0c7f-4aa9-bf65-e6180faa3974)
2026-06-08 19:38:22.474 -04:00 [INF] Connection approved [81c7784a-ba82-41f9-94de-d304ca036c66].
2026-06-08 19:38:22.509 -04:00 [INF] Connected [81c7784a-ba82-41f9-94de-d304ca036c66].
2026-06-08 19:40:54.799 -04:00 [INF] Disconnected [81c7784a-ba82-41f9-94de-d304ca036c66].
2026-06-08 19:41:46.227 -04:00 [INF] Connection approved [89856f26-398e-4682-8e75-69e9f67bd496].
2026-06-08 19:41:46.262 -04:00 [INF] Connected [89856f26-398e-4682-8e75-69e9f67bd496].
2026-06-08 19:42:09.035 -04:00 [INF] Disconnected [89856f26-398e-4682-8e75-69e9f67bd496].
2026-06-08 19:43:06.449 -04:00 [INF] Connection approved [cc38371e-381e-4731-82e0-893f1cd993b2].
2026-06-08 19:43:06.486 -04:00 [INF] Connected [cc38371e-381e-4731-82e0-893f1cd993b2].
2026-06-08 19:44:52.539 -04:00 [INF] Disconnected [cc38371e-381e-4731-82e0-893f1cd993b2].
2026-06-08 19:50:24.258 -04:00 [INF] [Player.CompleteLogout] Done saving Boss (hard logout, 77776b54-0c7f-4aa9-bf65-e6180faa3974)
2026-06-08 19:53:36.955 -04:00 [INF] Connection approved [c63c1c52-d98f-4886-a414-82b85e862264].
2026-06-08 19:53:37.001 -04:00 [INF] Connected [c63c1c52-d98f-4886-a414-82b85e862264].
2026-06-08 19:54:36.565 -04:00 [INF] Disconnected [c63c1c52-d98f-4886-a414-82b85e862264].
2026-06-08 19:54:36.678 -04:00 [INF] [Player.CompleteLogout] Done saving Boss (hard logout, 77776b54-0c7f-4aa9-bf65-e6180faa3974)
2026-06-08 20:15:22.823 -04:00 [INF] Disconnected [c2bd9dc9-c1c8-4f67-8b0c-20bf95ba0453].
