2026-05-28 18:59:26.495 -04:00 [INF] Starting Intersect Server v0.8.0.545-beta+cbc0cf74f8509896dccc5ead8febbfb9f398c715
2026-05-28 18:59:26.968 -04:00 [INF] Creating game context using SQLite...
2026-05-28 18:59:28.266 -04:00 [INF] Creating player context using SQLite...
2026-05-28 18:59:28.648 -04:00 [INF] Creating logging context using SQLite...
2026-05-28 18:59:30.195 -04:00 [WRN] Finished validating map events on all maps, there were 0 missing events and 0 corrected events
2026-05-28 18:59:30.889 -04:00 [INF] Discovered service type: Intersect.Plugins.PluginService
2026-05-28 18:59:30.897 -04:00 [INF] Discovered service type: Intersect.Server.Core.LogicService
2026-05-28 18:59:30.900 -04:00 [INF] Discovered service type: Intersect.Server.Web.ApiService
2026-05-28 18:59:30.949 -04:00 [INF] Discovered service type: Intersect.Server.Core.ConsoleService
2026-05-28 18:59:30.984 -04:00 [WRN] Directory was specified as a plugin directory but does not exist: 'resources\plugins'
2026-05-28 18:59:30.986 -04:00 [INF] Discovered 0 plugins:

2026-05-28 18:59:32.549 -04:00 [INF] InvalidPortCheckerResponse
2026-05-28 18:59:32.565 -04:00 [INF] Port 5400 is not open, trying UPnP...
2026-05-28 18:59:37.335 -04:00 [INF] Connection approved [855ccf29-d306-4c01-b21b-86e3904602fd].
2026-05-28 18:59:37.337 -04:00 [INF] Connected [855ccf29-d306-4c01-b21b-86e3904602fd].
2026-05-28 18:59:37.570 -04:00 [ERR] UPnP Service Initialization Failed. You might not have a router, or UPnP on your router might be disabled.
Open.Nat.NatDeviceNotFoundException: Exception of type 'Open.Nat.NatDeviceNotFoundException' was thrown.
   at Open.Nat.NatDiscoverer.DiscoverDeviceAsync(PortMapper portMapper, CancellationTokenSource cancellationTokenSource)
   at Intersect.Server.Networking.Helpers.UpnP.ConnectNatDevice() in D:\a\Intersect-Engine\Intersect-Engine\Intersect.Server\Networking\Helpers\UPnP.cs:line 26
2026-05-28 18:59:37.585 -04:00 [WRN] UPnP failed. Please verify the server status manually using a client.
2026-05-28 18:59:37.663 -04:00 [INF] Unpacking appsettings...
2026-05-28 18:59:37.831 -04:00 [INF] Launching Intersect REST API in 'Production' mode...
2026-05-28 19:01:38.179 -04:00 [INF] Disconnected [855ccf29-d306-4c01-b21b-86e3904602fd].
2026-05-28 19:01:44.341 -04:00 [INF] Connection approved [8a6e2c8b-0471-4861-829e-abb1fc01c6fd].
2026-05-28 19:01:44.346 -04:00 [INF] Connected [8a6e2c8b-0471-4861-829e-abb1fc01c6fd].
