2026-05-28 18:17:53.839 -04:00 [INF] Starting Intersect Server v0.8.0.545-beta+cbc0cf74f8509896dccc5ead8febbfb9f398c715
2026-05-28 18:17:54.427 -04:00 [INF] Creating game context using SQLite...
2026-05-28 18:17:56.054 -04:00 [INF] Creating player context using SQLite...
2026-05-28 18:17:56.539 -04:00 [INF] Creating logging context using SQLite...
2026-05-28 18:17:58.107 -04:00 [WRN] Finished validating map events on all maps, there were 0 missing events and 0 corrected events
2026-05-28 18:17:58.828 -04:00 [INF] Discovered service type: Intersect.Plugins.PluginService
2026-05-28 18:17:58.831 -04:00 [INF] Discovered service type: Intersect.Server.Core.LogicService
2026-05-28 18:17:58.833 -04:00 [INF] Discovered service type: Intersect.Server.Web.ApiService
2026-05-28 18:17:58.881 -04:00 [INF] Discovered service type: Intersect.Server.Core.ConsoleService
2026-05-28 18:17:58.913 -04:00 [WRN] Directory was specified as a plugin directory but does not exist: 'resources\plugins'
2026-05-28 18:17:58.915 -04:00 [INF] Discovered 0 plugins:

2026-05-28 18:18:01.784 -04:00 [INF] InvalidPortCheckerResponse
2026-05-28 18:18:01.807 -04:00 [INF] Port 5400 is not open, trying UPnP...
2026-05-28 18:18:06.814 -04:00 [ERR] UPnP Service Initialization Failed. You might not have a router, or UPnP on your router might be disabled.
Open.Nat.NatDeviceNotFoundException: Exception of type 'Open.Nat.NatDeviceNotFoundException' was thrown.
   at Open.Nat.NatDiscoverer.DiscoverDeviceAsync(PortMapper portMapper, CancellationTokenSource cancellationTokenSource)
   at Intersect.Server.Networking.Helpers.UpnP.ConnectNatDevice() in D:\a\Intersect-Engine\Intersect-Engine\Intersect.Server\Networking\Helpers\UPnP.cs:line 26
2026-05-28 18:18:06.828 -04:00 [WRN] UPnP failed. Please verify the server status manually using a client.
2026-05-28 18:18:06.891 -04:00 [INF] Unpacking appsettings...
2026-05-28 18:18:07.035 -04:00 [INF] Launching Intersect REST API in 'Production' mode...
2026-05-28 18:22:25.639 -04:00 [INF] Connection approved [9b3d2c6c-0919-4b47-b118-f6b3815b54ba].
2026-05-28 18:22:25.642 -04:00 [INF] Connected [9b3d2c6c-0919-4b47-b118-f6b3815b54ba].
2026-05-28 18:40:59.153 -04:00 [INF] Disconnected [9b3d2c6c-0919-4b47-b118-f6b3815b54ba].
2026-05-28 18:41:10.078 -04:00 [INF] Connection approved [39ce044d-c9a4-4ada-8251-c8cf3c214cc0].
2026-05-28 18:41:10.081 -04:00 [INF] Connected [39ce044d-c9a4-4ada-8251-c8cf3c214cc0].
