2026-06-02 18:58:08.579 -04:00 [INF] Starting Intersect Server v0.8.0.545-beta+cbc0cf74f8509896dccc5ead8febbfb9f398c715
2026-06-02 18:58:09.135 -04:00 [INF] Creating game context using SQLite...
2026-06-02 18:58:10.650 -04:00 [INF] Creating player context using SQLite...
2026-06-02 18:58:11.036 -04:00 [INF] Creating logging context using SQLite...
2026-06-02 18:58:12.576 -04:00 [WRN] Finished validating map events on all maps, there were 0 missing events and 0 corrected events
2026-06-02 18:58:13.275 -04:00 [INF] Discovered service type: Intersect.Plugins.PluginService
2026-06-02 18:58:13.280 -04:00 [INF] Discovered service type: Intersect.Server.Core.LogicService
2026-06-02 18:58:13.282 -04:00 [INF] Discovered service type: Intersect.Server.Web.ApiService
2026-06-02 18:58:13.321 -04:00 [INF] Discovered service type: Intersect.Server.Core.ConsoleService
2026-06-02 18:58:13.350 -04:00 [WRN] Directory was specified as a plugin directory but does not exist: 'resources\plugins'
2026-06-02 18:58:13.352 -04:00 [INF] Discovered 0 plugins:

2026-06-02 18:58:14.986 -04:00 [INF] InvalidPortCheckerResponse
2026-06-02 18:58:14.998 -04:00 [INF] Port 5400 is not open, trying UPnP...
2026-06-02 18:58:19.035 -04:00 [INF] Connection approved [7625d0b1-28a2-4299-9e3b-62772fae22b7].
2026-06-02 18:58:19.037 -04:00 [INF] Connected [7625d0b1-28a2-4299-9e3b-62772fae22b7].
2026-06-02 18:58:19.997 -04:00 [ERR] UPnP Service Initialization Failed. You might not have a router, or UPnP on your router might be disabled.
Open.Nat.NatDeviceNotFoundException: Exception of type 'Open.Nat.NatDeviceNotFoundException' was thrown.
   at Open.Nat.NatDiscoverer.DiscoverDeviceAsync(PortMapper portMapper, CancellationTokenSource cancellationTokenSource)
   at Intersect.Server.Networking.Helpers.UpnP.ConnectNatDevice() in D:\a\Intersect-Engine\Intersect-Engine\Intersect.Server\Networking\Helpers\UPnP.cs:line 26
2026-06-02 18:58:20.010 -04:00 [WRN] UPnP failed. Please verify the server status manually using a client.
2026-06-02 18:58:20.097 -04:00 [INF] Unpacking appsettings...
2026-06-02 18:58:20.283 -04:00 [INF] Launching Intersect REST API in 'Production' mode...
2026-06-02 19:22:49.326 -04:00 [INF] Disconnected [7625d0b1-28a2-4299-9e3b-62772fae22b7].
