2025-05-31 22:59:46.215 -05:00 [INF] Starting Intersect Server v0.8.0.545-beta+cbc0cf74f8509896dccc5ead8febbfb9f398c715
2025-05-31 22:59:46.605 -05:00 [INF] Creating game context using SQLite...
2025-05-31 22:59:48.704 -05:00 [INF] Creating player context using SQLite...
2025-05-31 22:59:49.412 -05:00 [INF] Creating logging context using SQLite...
2025-05-31 22:59:52.420 -05:00 [WRN] Finished validating map events on all maps, there were 0 missing events and 0 corrected events
2025-05-31 22:59:53.635 -05:00 [INF] Discovered service type: Intersect.Plugins.PluginService
2025-05-31 22:59:53.639 -05:00 [INF] Discovered service type: Intersect.Server.Core.LogicService
2025-05-31 22:59:53.642 -05:00 [INF] Discovered service type: Intersect.Server.Web.ApiService
2025-05-31 22:59:53.709 -05:00 [INF] Discovered service type: Intersect.Server.Core.ConsoleService
2025-05-31 22:59:53.761 -05:00 [WRN] Directory was specified as a plugin directory but does not exist: 'resources\plugins'
2025-05-31 22:59:53.764 -05:00 [INF] Discovered 0 plugins:

2025-05-31 22:59:55.422 -05:00 [INF] InvalidPortCheckerResponse
2025-05-31 22:59:55.434 -05:00 [INF] Port 5400 is not open, trying UPnP...
2025-05-31 23:00:00.443 -05:00 [ERR] UPnP Service Initialization Failed. You might not have a router, or UPnP on your router might be disabled.
Open.Nat.NatDeviceNotFoundException: Exception of type 'Open.Nat.NatDeviceNotFoundException' was thrown.
   at Open.Nat.NatDiscoverer.DiscoverDeviceAsync(PortMapper portMapper, CancellationTokenSource cancellationTokenSource)
   at Intersect.Server.Networking.Helpers.UpnP.ConnectNatDevice() in D:\a\Intersect-Engine\Intersect-Engine\Intersect.Server\Networking\Helpers\UPnP.cs:line 26
2025-05-31 23:00:00.466 -05:00 [WRN] UPnP failed. Please verify the server status manually using a client.
2025-05-31 23:00:00.558 -05:00 [INF] Unpacking appsettings...
2025-05-31 23:00:00.778 -05:00 [INF] Launching Intersect REST API in 'Production' mode...
2025-05-31 23:01:08.576 -05:00 [INF] Connection approved [4e0b3e74-cc6f-44b9-ad67-8d8998074cb5].
2025-05-31 23:01:08.579 -05:00 [INF] Connected [4e0b3e74-cc6f-44b9-ad67-8d8998074cb5].
2025-05-31 23:24:48.646 -05:00 [INF] Connection approved [9c0e6184-2800-469a-9a10-d14571823ca5].
2025-05-31 23:24:48.651 -05:00 [INF] Connected [9c0e6184-2800-469a-9a10-d14571823ca5].
2025-05-31 23:27:17.693 -05:00 [INF] Disconnected [9c0e6184-2800-469a-9a10-d14571823ca5].
2025-05-31 23:27:17.785 -05:00 [INF] [Player.CompleteLogout] Done saving Boss (hard logout, 39da4181-00c9-4157-b2ee-553a29cd5c6f)
2025-06-01 00:59:28.089 -05:00 [INF] Connection approved [3b1fc0e8-075e-4570-bd36-a718fae0f4a2].
2025-06-01 00:59:28.094 -05:00 [INF] Connected [3b1fc0e8-075e-4570-bd36-a718fae0f4a2].
2025-06-01 00:59:51.609 -05:00 [INF] Disconnected [3b1fc0e8-075e-4570-bd36-a718fae0f4a2].
2025-06-01 00:59:54.099 -05:00 [INF] [Player.CompleteLogout] Done saving Boss (hard logout, 39da4181-00c9-4157-b2ee-553a29cd5c6f)
2025-06-01 01:00:38.960 -05:00 [INF] Connection approved [e0fef7a7-d4d8-4a59-9fe7-abb03a15d23e].
2025-06-01 01:00:38.965 -05:00 [INF] Connected [e0fef7a7-d4d8-4a59-9fe7-abb03a15d23e].
2025-06-01 01:01:31.947 -05:00 [INF] [Player.CompleteLogout] Done saving Boss (hard logout, 39da4181-00c9-4157-b2ee-553a29cd5c6f)
2025-06-01 01:01:32.026 -05:00 [INF] Disconnected [e0fef7a7-d4d8-4a59-9fe7-abb03a15d23e].
2025-06-01 01:02:31.962 -05:00 [INF] Connection approved [93ed0a61-3b47-4c62-b9ea-be50f8da1951].
2025-06-01 01:02:31.969 -05:00 [INF] Connected [93ed0a61-3b47-4c62-b9ea-be50f8da1951].
2025-06-01 01:03:05.156 -05:00 [INF] [Player.CompleteLogout] Done saving Boss (hard logout, 39da4181-00c9-4157-b2ee-553a29cd5c6f)
2025-06-01 01:03:05.195 -05:00 [INF] Disconnected [93ed0a61-3b47-4c62-b9ea-be50f8da1951].
2025-06-01 01:05:09.661 -05:00 [INF] Connection approved [f244d14a-dffe-4c0d-ad1d-2942771240e2].
2025-06-01 01:05:09.663 -05:00 [INF] Connected [f244d14a-dffe-4c0d-ad1d-2942771240e2].
2025-06-01 01:06:08.310 -05:00 [INF] Disconnected [f244d14a-dffe-4c0d-ad1d-2942771240e2].
2025-06-01 01:06:08.312 -05:00 [INF] [Player.CompleteLogout] Done saving Boss (hard logout, 39da4181-00c9-4157-b2ee-553a29cd5c6f)
2025-06-01 01:08:32.390 -05:00 [INF] Connection approved [0dcb5e75-54c2-46e8-91f6-0950f24a861c].
2025-06-01 01:08:32.392 -05:00 [INF] Connected [0dcb5e75-54c2-46e8-91f6-0950f24a861c].
2025-06-01 01:09:25.576 -05:00 [INF] Disconnected [0dcb5e75-54c2-46e8-91f6-0950f24a861c].
2025-06-01 01:09:25.578 -05:00 [INF] [Player.CompleteLogout] Done saving Boss (hard logout, 39da4181-00c9-4157-b2ee-553a29cd5c6f)
2025-06-01 01:16:01.270 -05:00 [INF] Disconnected [4e0b3e74-cc6f-44b9-ad67-8d8998074cb5].
