2026-06-06 23:57:43.808 -05:00 [INF] Starting Intersect Server v0.8.0.545-beta+cbc0cf74f8509896dccc5ead8febbfb9f398c715
2026-06-06 23:57:44.401 -05:00 [INF] Creating game context using SQLite...
2026-06-06 23:57:45.809 -05:00 [INF] Creating player context using SQLite...
2026-06-06 23:57:46.154 -05:00 [INF] Creating logging context using SQLite...
2026-06-06 23:57:48.204 -05:00 [WRN] Finished validating map events on all maps, there were 0 missing events and 0 corrected events
2026-06-06 23:57:48.906 -05:00 [INF] Discovered service type: Intersect.Plugins.PluginService
2026-06-06 23:57:48.912 -05:00 [INF] Discovered service type: Intersect.Server.Core.LogicService
2026-06-06 23:57:48.914 -05:00 [INF] Discovered service type: Intersect.Server.Web.ApiService
2026-06-06 23:57:48.957 -05:00 [INF] Discovered service type: Intersect.Server.Core.ConsoleService
2026-06-06 23:57:48.994 -05:00 [WRN] Directory was specified as a plugin directory but does not exist: 'resources\plugins'
2026-06-06 23:57:48.996 -05:00 [INF] Discovered 0 plugins:

2026-06-06 23:57:50.614 -05:00 [INF] InvalidPortCheckerResponse
2026-06-06 23:57:50.630 -05:00 [INF] Port 5400 is not open, trying UPnP...
2026-06-06 23:57:55.639 -05:00 [ERR] UPnP Service Initialization Failed. You might not have a router, or UPnP on your router might be disabled.
Open.Nat.NatDeviceNotFoundException: Exception of type 'Open.Nat.NatDeviceNotFoundException' was thrown.
   at Open.Nat.NatDiscoverer.DiscoverDeviceAsync(PortMapper portMapper, CancellationTokenSource cancellationTokenSource)
   at Intersect.Server.Networking.Helpers.UpnP.ConnectNatDevice() in D:\a\Intersect-Engine\Intersect-Engine\Intersect.Server\Networking\Helpers\UPnP.cs:line 26
2026-06-06 23:57:55.653 -05:00 [WRN] UPnP failed. Please verify the server status manually using a client.
2026-06-06 23:57:55.712 -05:00 [INF] Unpacking appsettings...
2026-06-06 23:57:55.857 -05:00 [INF] Launching Intersect REST API in 'Production' mode...
2026-06-07 00:00:24.484 -05:00 [INF] Connection approved [d7ab0ed4-6b94-400c-8044-f0efe91e823a].
2026-06-07 00:00:24.485 -05:00 [INF] Connected [d7ab0ed4-6b94-400c-8044-f0efe91e823a].
2026-06-07 05:58:58.547 -05:00 [INF] Disconnected [d7ab0ed4-6b94-400c-8044-f0efe91e823a].
2026-06-07 10:40:42.247 -05:00 [INF] Connection approved [1d81dccf-1d70-4dfc-b840-15965ce4ae1c].
2026-06-07 10:40:42.259 -05:00 [INF] Connected [1d81dccf-1d70-4dfc-b840-15965ce4ae1c].
2026-06-07 10:48:17.804 -05:00 [INF] Disconnected [1d81dccf-1d70-4dfc-b840-15965ce4ae1c].
