2026-06-04 17:42:26.462 -04:00 [INF] Starting Intersect Server v0.8.0.545-beta+cbc0cf74f8509896dccc5ead8febbfb9f398c715
2026-06-04 17:42:27.005 -04:00 [INF] Creating game context using SQLite...
2026-06-04 17:42:28.244 -04:00 [INF] Creating player context using SQLite...
2026-06-04 17:42:28.585 -04:00 [INF] Creating logging context using SQLite...
2026-06-04 17:42:29.972 -04:00 [WRN] Finished validating map events on all maps, there were 0 missing events and 0 corrected events
2026-06-04 17:42:30.550 -04:00 [INF] Discovered service type: Intersect.Plugins.PluginService
2026-06-04 17:42:30.556 -04:00 [INF] Discovered service type: Intersect.Server.Core.LogicService
2026-06-04 17:42:30.558 -04:00 [INF] Discovered service type: Intersect.Server.Web.ApiService
2026-06-04 17:42:30.596 -04:00 [INF] Discovered service type: Intersect.Server.Core.ConsoleService
2026-06-04 17:42:30.625 -04:00 [WRN] Directory was specified as a plugin directory but does not exist: 'resources\plugins'
2026-06-04 17:42:30.627 -04:00 [INF] Discovered 0 plugins:

2026-06-04 17:42:32.330 -04:00 [INF] InvalidPortCheckerResponse
2026-06-04 17:42:32.342 -04:00 [INF] Port 5400 is not open, trying UPnP...
2026-06-04 17:42:37.360 -04:00 [ERR] UPnP Service Initialization Failed. You might not have a router, or UPnP on your router might be disabled.
Open.Nat.NatDeviceNotFoundException: Exception of type 'Open.Nat.NatDeviceNotFoundException' was thrown.
   at Open.Nat.NatDiscoverer.DiscoverDeviceAsync(PortMapper portMapper, CancellationTokenSource cancellationTokenSource)
   at Intersect.Server.Networking.Helpers.UpnP.ConnectNatDevice() in D:\a\Intersect-Engine\Intersect-Engine\Intersect.Server\Networking\Helpers\UPnP.cs:line 26
2026-06-04 17:42:37.376 -04:00 [WRN] UPnP failed. Please verify the server status manually using a client.
2026-06-04 17:42:37.444 -04:00 [INF] Unpacking appsettings...
2026-06-04 17:42:37.611 -04:00 [INF] Launching Intersect REST API in 'Production' mode...
2026-06-04 17:42:49.824 -04:00 [INF] Connection approved [f10ea381-125e-419a-bafa-db4bef0d280f].
2026-06-04 17:42:49.827 -04:00 [INF] Connected [f10ea381-125e-419a-bafa-db4bef0d280f].
2026-06-04 18:08:19.523 -04:00 [INF] Disconnected [f10ea381-125e-419a-bafa-db4bef0d280f].
