2025-05-18 00:25:44.108 -05:00 [INF] Starting Intersect Server v0.8.0.545-beta+cbc0cf74f8509896dccc5ead8febbfb9f398c715
2025-05-18 00:25:44.527 -05:00 [INF] Creating game context using SQLite...
2025-05-18 00:25:46.401 -05:00 [INF] Creating player context using SQLite...
2025-05-18 00:25:47.082 -05:00 [INF] Creating logging context using SQLite...
2025-05-18 00:25:49.355 -05:00 [WRN] Finished validating map events on all maps, there were 0 missing events and 0 corrected events
2025-05-18 00:25:50.243 -05:00 [INF] Discovered service type: Intersect.Plugins.PluginService
2025-05-18 00:25:50.248 -05:00 [INF] Discovered service type: Intersect.Server.Core.LogicService
2025-05-18 00:25:50.250 -05:00 [INF] Discovered service type: Intersect.Server.Web.ApiService
2025-05-18 00:25:50.333 -05:00 [INF] Discovered service type: Intersect.Server.Core.ConsoleService
2025-05-18 00:25:50.384 -05:00 [WRN] Directory was specified as a plugin directory but does not exist: 'resources\plugins'
2025-05-18 00:25:50.386 -05:00 [INF] Discovered 0 plugins:

2025-05-18 00:25:52.026 -05:00 [INF] InvalidPortCheckerResponse
2025-05-18 00:25:52.036 -05:00 [INF] Port 5400 is not open, trying UPnP...
2025-05-18 00:25:57.061 -05:00 [ERR] UPnP Service Initialization Failed. You might not have a router, or UPnP on your router might be disabled.
Open.Nat.NatDeviceNotFoundException: Exception of type 'Open.Nat.NatDeviceNotFoundException' was thrown.
   at Open.Nat.NatDiscoverer.DiscoverDeviceAsync(PortMapper portMapper, CancellationTokenSource cancellationTokenSource)
   at Intersect.Server.Networking.Helpers.UpnP.ConnectNatDevice() in D:\a\Intersect-Engine\Intersect-Engine\Intersect.Server\Networking\Helpers\UPnP.cs:line 26
2025-05-18 00:25:57.082 -05:00 [WRN] UPnP failed. Please verify the server status manually using a client.
2025-05-18 00:25:57.170 -05:00 [INF] Unpacking appsettings...
2025-05-18 00:25:57.420 -05:00 [INF] Launching Intersect REST API in 'Production' mode...
