2026-05-28 18:55:28.593 -04:00 [INF] Starting Intersect Server v0.8.0.545-beta+cbc0cf74f8509896dccc5ead8febbfb9f398c715
2026-05-28 18:55:29.086 -04:00 [INF] Creating game context using SQLite...
2026-05-28 18:55:30.606 -04:00 [INF] Creating player context using SQLite...
2026-05-28 18:55:31.018 -04:00 [INF] Creating logging context using SQLite...
2026-05-28 18:55:32.617 -04:00 [WRN] Finished validating map events on all maps, there were 0 missing events and 0 corrected events
2026-05-28 18:55:33.288 -04:00 [INF] Discovered service type: Intersect.Plugins.PluginService
2026-05-28 18:55:33.293 -04:00 [INF] Discovered service type: Intersect.Server.Core.LogicService
2026-05-28 18:55:33.296 -04:00 [INF] Discovered service type: Intersect.Server.Web.ApiService
2026-05-28 18:55:33.344 -04:00 [INF] Discovered service type: Intersect.Server.Core.ConsoleService
2026-05-28 18:55:33.378 -04:00 [WRN] Directory was specified as a plugin directory but does not exist: 'resources\plugins'
2026-05-28 18:55:33.380 -04:00 [INF] Discovered 0 plugins:

2026-05-28 18:55:34.926 -04:00 [INF] InvalidPortCheckerResponse
2026-05-28 18:55:34.946 -04:00 [INF] Port 5400 is not open, trying UPnP...
2026-05-28 18:55:39.947 -04:00 [ERR] UPnP Service Initialization Failed. You might not have a router, or UPnP on your router might be disabled.
Open.Nat.NatDeviceNotFoundException: Exception of type 'Open.Nat.NatDeviceNotFoundException' was thrown.
   at Open.Nat.NatDiscoverer.DiscoverDeviceAsync(PortMapper portMapper, CancellationTokenSource cancellationTokenSource)
   at Intersect.Server.Networking.Helpers.UpnP.ConnectNatDevice() in D:\a\Intersect-Engine\Intersect-Engine\Intersect.Server\Networking\Helpers\UPnP.cs:line 26
2026-05-28 18:55:39.958 -04:00 [WRN] UPnP failed. Please verify the server status manually using a client.
2026-05-28 18:55:40.017 -04:00 [INF] Unpacking appsettings...
2026-05-28 18:55:40.155 -04:00 [INF] Launching Intersect REST API in 'Production' mode...
2026-05-28 18:55:56.275 -04:00 [INF] Connection approved [6fecbb21-a7c1-4ffa-bfaf-8ef4dfe34083].
2026-05-28 18:55:56.277 -04:00 [INF] Connected [6fecbb21-a7c1-4ffa-bfaf-8ef4dfe34083].
2026-05-28 18:55:56.303 -04:00 [ERR] Error decrypting cipherdata
System.Security.Cryptography.AuthenticationTagMismatchException: The computed authentication tag did not match the input authentication tag.
   at System.Security.Cryptography.AeadCommon.Decrypt(SafeKeyHandle keyHandle, ReadOnlySpan`1 nonce, ReadOnlySpan`1 associatedData, ReadOnlySpan`1 ciphertext, ReadOnlySpan`1 tag, Span`1 plaintext, Boolean clearPlaintextOnFailure)
   at System.Security.Cryptography.AesGcm.Decrypt(ReadOnlySpan`1 nonce, ReadOnlySpan`1 ciphertext, ReadOnlySpan`1 tag, Span`1 plaintext, ReadOnlySpan`1 associatedData)
   at Intersect.Network.LiteNetLib.AesGcmAlgorithm.TryDecrypt(ReadOnlySpan`1 cipherdata, ReadOnlySpan`1& plaindata) in D:\a\Intersect-Engine\Intersect-Engine\Intersect.Network\LiteNetLib\AesGcmAlgorithm.cs:line 187
2026-05-28 18:55:56.307 -04:00 [WRN] SDER: 6fecbb21-a7c1-4ffa-bfaf-8ef4dfe34083 Error
2026-05-28 18:55:56.307 -04:00 [WRN] FPIM: 127.0.0.1:53325 / 6fecbb21-a7c1-4ffa-bfaf-8ef4dfe34083
2026-05-28 18:58:25.744 -04:00 [INF] Disconnected [6fecbb21-a7c1-4ffa-bfaf-8ef4dfe34083].
2026-05-28 18:58:34.155 -04:00 [INF] Connection approved [eca8d3e7-85f5-4c9e-80c0-85d6f4cf4f32].
2026-05-28 18:58:34.157 -04:00 [INF] Connected [eca8d3e7-85f5-4c9e-80c0-85d6f4cf4f32].
