2026-06-06 11:23:25.208 -05:00 [INF] Starting Intersect Server v0.8.0.545-beta+cbc0cf74f8509896dccc5ead8febbfb9f398c715
2026-06-06 11:23:25.811 -05:00 [INF] Creating game context using SQLite...
2026-06-06 11:23:28.005 -05:00 [INF] Creating player context using SQLite...
2026-06-06 11:23:28.562 -05:00 [INF] Creating logging context using SQLite...
2026-06-06 11:23:30.932 -05:00 [WRN] Finished validating map events on all maps, there were 0 missing events and 0 corrected events
2026-06-06 11:23:31.819 -05:00 [INF] Discovered service type: Intersect.Plugins.PluginService
2026-06-06 11:23:31.821 -05:00 [INF] Discovered service type: Intersect.Server.Core.LogicService
2026-06-06 11:23:31.824 -05:00 [INF] Discovered service type: Intersect.Server.Web.ApiService
2026-06-06 11:23:31.895 -05:00 [INF] Discovered service type: Intersect.Server.Core.ConsoleService
2026-06-06 11:23:31.942 -05:00 [WRN] Directory was specified as a plugin directory but does not exist: 'resources\plugins'
2026-06-06 11:23:31.944 -05:00 [INF] Discovered 0 plugins:

2026-06-06 11:23:33.911 -05:00 [INF] InvalidPortCheckerResponse
2026-06-06 11:23:33.929 -05:00 [INF] Port 5400 is not open, trying UPnP...
2026-06-06 11:23:38.955 -05:00 [ERR] UPnP Service Initialization Failed. You might not have a router, or UPnP on your router might be disabled.
Open.Nat.NatDeviceNotFoundException: Exception of type 'Open.Nat.NatDeviceNotFoundException' was thrown.
   at Open.Nat.NatDiscoverer.DiscoverDeviceAsync(PortMapper portMapper, CancellationTokenSource cancellationTokenSource)
   at Intersect.Server.Networking.Helpers.UpnP.ConnectNatDevice() in D:\a\Intersect-Engine\Intersect-Engine\Intersect.Server\Networking\Helpers\UPnP.cs:line 26
2026-06-06 11:23:38.977 -05:00 [WRN] UPnP failed. Please verify the server status manually using a client.
2026-06-06 11:23:39.094 -05:00 [INF] Unpacking appsettings...
2026-06-06 11:23:39.402 -05:00 [INF] Launching Intersect REST API in 'Production' mode...
2026-06-06 11:23:55.433 -05:00 [INF] Connection approved [0f3dd004-f944-4f6b-9cd0-9ccaabe15426].
2026-06-06 11:23:55.475 -05:00 [INF] Connected [0f3dd004-f944-4f6b-9cd0-9ccaabe15426].
2026-06-06 11:23:55.501 -05:00 [ERR] Error decrypting cipherdata
System.Security.Cryptography.AuthenticationTagMismatchException: The computed authentication tag did not match the input authentication tag.
   at System.Security.Cryptography.AeadCommon.Decrypt(SafeKeyHandle keyHandle, ReadOnlySpan`1 nonce, ReadOnlySpan`1 associatedData, ReadOnlySpan`1 ciphertext, ReadOnlySpan`1 tag, Span`1 plaintext, Boolean clearPlaintextOnFailure)
   at System.Security.Cryptography.AesGcm.Decrypt(ReadOnlySpan`1 nonce, ReadOnlySpan`1 ciphertext, ReadOnlySpan`1 tag, Span`1 plaintext, ReadOnlySpan`1 associatedData)
   at Intersect.Network.LiteNetLib.AesGcmAlgorithm.TryDecrypt(ReadOnlySpan`1 cipherdata, ReadOnlySpan`1& plaindata) in D:\a\Intersect-Engine\Intersect-Engine\Intersect.Network\LiteNetLib\AesGcmAlgorithm.cs:line 187
2026-06-06 11:23:55.772 -05:00 [WRN] SDER: 0f3dd004-f944-4f6b-9cd0-9ccaabe15426 Error
2026-06-06 11:23:55.783 -05:00 [WRN] FPIM: 127.0.0.1:63764 / 0f3dd004-f944-4f6b-9cd0-9ccaabe15426
2026-06-06 11:47:40.706 -05:00 [INF] Disconnected [0f3dd004-f944-4f6b-9cd0-9ccaabe15426].
