2026-06-04 18:26:38.837 -04:00 [INF] Starting Intersect Server v0.8.0.545-beta+cbc0cf74f8509896dccc5ead8febbfb9f398c715
2026-06-04 18:26:39.311 -04:00 [INF] Creating game context using SQLite...
2026-06-04 18:26:40.654 -04:00 [INF] Creating player context using SQLite...
2026-06-04 18:26:41.030 -04:00 [INF] Creating logging context using SQLite...
2026-06-04 18:26:42.396 -04:00 [WRN] Finished validating map events on all maps, there were 0 missing events and 0 corrected events
2026-06-04 18:26:42.955 -04:00 [INF] Discovered service type: Intersect.Plugins.PluginService
2026-06-04 18:26:42.960 -04:00 [INF] Discovered service type: Intersect.Server.Core.LogicService
2026-06-04 18:26:42.964 -04:00 [INF] Discovered service type: Intersect.Server.Web.ApiService
2026-06-04 18:26:43.012 -04:00 [INF] Discovered service type: Intersect.Server.Core.ConsoleService
2026-06-04 18:26:43.041 -04:00 [WRN] Directory was specified as a plugin directory but does not exist: 'resources\plugins'
2026-06-04 18:26:43.045 -04:00 [INF] Discovered 0 plugins:

2026-06-04 18:26:45.303 -04:00 [INF] InvalidPortCheckerResponse
2026-06-04 18:26:45.316 -04:00 [INF] Port 5400 is not open, trying UPnP...
2026-06-04 18:26:50.327 -04:00 [ERR] UPnP Service Initialization Failed. You might not have a router, or UPnP on your router might be disabled.
Open.Nat.NatDeviceNotFoundException: Exception of type 'Open.Nat.NatDeviceNotFoundException' was thrown.
   at Open.Nat.NatDiscoverer.DiscoverDeviceAsync(PortMapper portMapper, CancellationTokenSource cancellationTokenSource)
   at Intersect.Server.Networking.Helpers.UpnP.ConnectNatDevice() in D:\a\Intersect-Engine\Intersect-Engine\Intersect.Server\Networking\Helpers\UPnP.cs:line 26
2026-06-04 18:26:50.342 -04:00 [WRN] UPnP failed. Please verify the server status manually using a client.
2026-06-04 18:26:50.393 -04:00 [INF] Unpacking appsettings...
2026-06-04 18:26:50.535 -04:00 [INF] Launching Intersect REST API in 'Production' mode...
2026-06-04 18:27:18.139 -04:00 [INF] Connection approved [681f04e5-da86-42a3-b756-effb6745eb9d].
2026-06-04 18:27:18.144 -04:00 [INF] Connected [681f04e5-da86-42a3-b756-effb6745eb9d].
2026-06-04 18:27:58.221 -04:00 [INF] Disconnected [681f04e5-da86-42a3-b756-effb6745eb9d].
2026-06-04 18:27:58.315 -04:00 [INF] [Player.CompleteLogout] Done saving Boss (hard logout, 8b3fc63e-6177-49a7-a9ee-49fdb7919a17)
