2026-05-29 18:54:08.994 -04:00 [INF] Starting Intersect Server v0.8.0.545-beta+cbc0cf74f8509896dccc5ead8febbfb9f398c715
2026-05-29 18:54:09.584 -04:00 [INF] Creating game context using SQLite...
2026-05-29 18:54:11.134 -04:00 [INF] Creating player context using SQLite...
2026-05-29 18:54:11.612 -04:00 [INF] Creating logging context using SQLite...
2026-05-29 18:54:13.530 -04:00 [WRN] Finished validating map events on all maps, there were 0 missing events and 0 corrected events
2026-05-29 18:54:14.291 -04:00 [INF] Discovered service type: Intersect.Plugins.PluginService
2026-05-29 18:54:14.294 -04:00 [INF] Discovered service type: Intersect.Server.Core.LogicService
2026-05-29 18:54:14.297 -04:00 [INF] Discovered service type: Intersect.Server.Web.ApiService
2026-05-29 18:54:14.346 -04:00 [INF] Discovered service type: Intersect.Server.Core.ConsoleService
2026-05-29 18:54:14.381 -04:00 [WRN] Directory was specified as a plugin directory but does not exist: 'resources\plugins'
2026-05-29 18:54:14.384 -04:00 [INF] Discovered 0 plugins:

2026-05-29 18:54:17.297 -04:00 [INF] InvalidPortCheckerResponse
2026-05-29 18:54:17.311 -04:00 [INF] Port 5400 is not open, trying UPnP...
2026-05-29 18:54:22.322 -04:00 [ERR] UPnP Service Initialization Failed. You might not have a router, or UPnP on your router might be disabled.
Open.Nat.NatDeviceNotFoundException: Exception of type 'Open.Nat.NatDeviceNotFoundException' was thrown.
   at Open.Nat.NatDiscoverer.DiscoverDeviceAsync(PortMapper portMapper, CancellationTokenSource cancellationTokenSource)
   at Intersect.Server.Networking.Helpers.UpnP.ConnectNatDevice() in D:\a\Intersect-Engine\Intersect-Engine\Intersect.Server\Networking\Helpers\UPnP.cs:line 26
2026-05-29 18:54:22.337 -04:00 [WRN] UPnP failed. Please verify the server status manually using a client.
2026-05-29 18:54:22.411 -04:00 [INF] Unpacking appsettings...
2026-05-29 18:54:22.606 -04:00 [INF] Launching Intersect REST API in 'Production' mode...
2026-05-29 18:56:54.358 -04:00 [INF] Connection approved [869624dc-a5c2-42fe-b4c0-ff437c817409].
2026-05-29 18:56:54.362 -04:00 [INF] Connected [869624dc-a5c2-42fe-b4c0-ff437c817409].
2026-05-29 18:56:57.044 -04:00 [INF] Disconnected [869624dc-a5c2-42fe-b4c0-ff437c817409].
