2025-05-19 16:34:45.376 -04:00 [INF] Starting Intersect Server v0.8.0.545-beta+cbc0cf74f8509896dccc5ead8febbfb9f398c715
2025-05-19 16:34:45.745 -04:00 [INF] Creating game context using SQLite...
2025-05-19 16:34:47.799 -04:00 [INF] Creating player context using SQLite...
2025-05-19 16:34:48.593 -04:00 [INF] Creating logging context using SQLite...
2025-05-19 16:34:50.918 -04:00 [WRN] Finished validating map events on all maps, there were 0 missing events and 0 corrected events
2025-05-19 16:34:51.883 -04:00 [INF] Discovered service type: Intersect.Plugins.PluginService
2025-05-19 16:34:51.888 -04:00 [INF] Discovered service type: Intersect.Server.Core.LogicService
2025-05-19 16:34:51.891 -04:00 [INF] Discovered service type: Intersect.Server.Web.ApiService
2025-05-19 16:34:51.974 -04:00 [INF] Discovered service type: Intersect.Server.Core.ConsoleService
2025-05-19 16:34:52.029 -04:00 [WRN] Directory was specified as a plugin directory but does not exist: 'resources\plugins'
2025-05-19 16:34:52.032 -04:00 [INF] Discovered 0 plugins:

2025-05-19 16:34:53.639 -04:00 [INF] InvalidPortCheckerResponse
2025-05-19 16:34:53.649 -04:00 [INF] Port 5400 is not open, trying UPnP...
2025-05-19 16:34:58.658 -04:00 [ERR] UPnP Service Initialization Failed. You might not have a router, or UPnP on your router might be disabled.
Open.Nat.NatDeviceNotFoundException: Exception of type 'Open.Nat.NatDeviceNotFoundException' was thrown.
   at Open.Nat.NatDiscoverer.DiscoverDeviceAsync(PortMapper portMapper, CancellationTokenSource cancellationTokenSource)
   at Intersect.Server.Networking.Helpers.UpnP.ConnectNatDevice() in D:\a\Intersect-Engine\Intersect-Engine\Intersect.Server\Networking\Helpers\UPnP.cs:line 26
2025-05-19 16:34:58.681 -04:00 [WRN] UPnP failed. Please verify the server status manually using a client.
2025-05-19 16:34:58.790 -04:00 [INF] Unpacking appsettings...
2025-05-19 16:34:59.030 -04:00 [INF] Launching Intersect REST API in 'Production' mode...
2025-05-19 16:35:22.724 -04:00 [INF] Connection approved [0b529481-1757-4bde-bf17-56d440658554].
2025-05-19 16:35:22.727 -04:00 [INF] Connected [0b529481-1757-4bde-bf17-56d440658554].
2025-05-19 16:35:35.513 -04:00 [INF] Disconnected [0b529481-1757-4bde-bf17-56d440658554].
2025-05-19 16:35:35.537 -04:00 [INF] [Player.CompleteLogout] Done saving Boss (hard logout, dbc190c7-0f7c-46b7-8c25-5248cce4136d)
2025-05-19 16:35:40.116 -04:00 [INF] Connection approved [4de36b72-04b3-4ec5-a694-19efaae706da].
2025-05-19 16:35:40.118 -04:00 [INF] Connected [4de36b72-04b3-4ec5-a694-19efaae706da].
2025-05-19 16:36:20.596 -04:00 [INF] Connection approved [942f7fad-b49e-44a8-ad5b-1f6862b4c452].
2025-05-19 16:36:20.604 -04:00 [INF] Connected [942f7fad-b49e-44a8-ad5b-1f6862b4c452].
2025-05-19 16:36:40.877 -04:00 [INF] [Player.CompleteLogout] Done saving Boss (soft logout, dbc190c7-0f7c-46b7-8c25-5248cce4136d)
2025-05-19 16:38:06.862 -04:00 [INF] Disconnected [942f7fad-b49e-44a8-ad5b-1f6862b4c452].
2025-05-19 16:38:10.707 -04:00 [INF] [Player.CompleteLogout] Done saving Boss (hard logout, 70bf9761-d446-4c59-a8e3-2012591b9346)
2025-05-19 16:49:04.982 -04:00 [INF] Connection approved [8ea082cc-4d0a-4b99-8257-0bc73a853e40].
2025-05-19 16:49:04.984 -04:00 [INF] Connected [8ea082cc-4d0a-4b99-8257-0bc73a853e40].
2025-05-19 16:50:05.806 -04:00 [INF] Disconnected [8ea082cc-4d0a-4b99-8257-0bc73a853e40].
2025-05-19 16:50:05.807 -04:00 [INF] [Player.CompleteLogout] Done saving Boss (hard logout, 70bf9761-d446-4c59-a8e3-2012591b9346)
2025-05-19 16:52:52.849 -04:00 [INF] Connection approved [9e7926ff-2646-451b-8edc-97955479c6a9].
2025-05-19 16:52:52.856 -04:00 [INF] Connected [9e7926ff-2646-451b-8edc-97955479c6a9].
2025-05-19 16:53:50.074 -04:00 [INF] Disconnected [9e7926ff-2646-451b-8edc-97955479c6a9].
2025-05-19 16:53:50.076 -04:00 [INF] [Player.CompleteLogout] Done saving Boss (hard logout, 70bf9761-d446-4c59-a8e3-2012591b9346)
2025-05-19 16:54:49.619 -04:00 [INF] Connection approved [96d29a76-baa0-48c9-820c-ece155c255ae].
2025-05-19 16:54:49.623 -04:00 [INF] Connected [96d29a76-baa0-48c9-820c-ece155c255ae].
2025-05-19 16:56:57.585 -04:00 [INF] Disconnected [96d29a76-baa0-48c9-820c-ece155c255ae].
2025-05-19 16:56:58.825 -04:00 [INF] [Player.CompleteLogout] Done saving Boss (hard logout, 70bf9761-d446-4c59-a8e3-2012591b9346)
2025-05-19 17:00:41.046 -04:00 [INF] Connection approved [b31fbd02-baa9-47d6-82d5-6c023ddc180e].
2025-05-19 17:00:41.057 -04:00 [INF] Connected [b31fbd02-baa9-47d6-82d5-6c023ddc180e].
2025-05-19 17:01:22.660 -04:00 [INF] Disconnected [b31fbd02-baa9-47d6-82d5-6c023ddc180e].
2025-05-19 17:01:22.662 -04:00 [INF] [Player.CompleteLogout] Done saving Boss (hard logout, 70bf9761-d446-4c59-a8e3-2012591b9346)
2025-05-19 17:21:03.243 -04:00 [INF] Connection approved [f18fcb1f-47d7-4d83-a4f6-a6f7fcdb2f4b].
2025-05-19 17:21:03.253 -04:00 [INF] Connected [f18fcb1f-47d7-4d83-a4f6-a6f7fcdb2f4b].
2025-05-19 17:21:30.495 -04:00 [INF] Disconnected [f18fcb1f-47d7-4d83-a4f6-a6f7fcdb2f4b].
2025-05-19 17:21:30.497 -04:00 [INF] [Player.CompleteLogout] Done saving Boss (hard logout, 70bf9761-d446-4c59-a8e3-2012591b9346)
2025-05-19 17:24:09.385 -04:00 [INF] Connection approved [0c6cbfa7-8a99-456e-8408-4d93d9a4defd].
2025-05-19 17:24:09.386 -04:00 [INF] Connected [0c6cbfa7-8a99-456e-8408-4d93d9a4defd].
2025-05-19 17:27:40.924 -04:00 [INF] Disconnected [0c6cbfa7-8a99-456e-8408-4d93d9a4defd].
2025-05-19 17:27:40.927 -04:00 [INF] [Player.CompleteLogout] Done saving Boss (hard logout, 70bf9761-d446-4c59-a8e3-2012591b9346)
2025-05-19 17:40:09.866 -04:00 [INF] Connection approved [e3fda66f-5271-4cdb-b7c9-93da088951e5].
2025-05-19 17:40:09.875 -04:00 [INF] Connected [e3fda66f-5271-4cdb-b7c9-93da088951e5].
2025-05-19 17:40:39.347 -04:00 [INF] Disconnected [e3fda66f-5271-4cdb-b7c9-93da088951e5].
2025-05-19 17:40:39.350 -04:00 [INF] [Player.CompleteLogout] Done saving Boss (hard logout, 70bf9761-d446-4c59-a8e3-2012591b9346)
2025-05-19 17:41:26.944 -04:00 [INF] Connection approved [8cb2e14e-f0cf-46be-bce7-3e37e6945a75].
2025-05-19 17:41:26.950 -04:00 [INF] Connected [8cb2e14e-f0cf-46be-bce7-3e37e6945a75].
2025-05-19 17:44:54.625 -04:00 [INF] Disconnected [8cb2e14e-f0cf-46be-bce7-3e37e6945a75].
2025-05-19 17:44:54.629 -04:00 [INF] [Player.CompleteLogout] Done saving Boss (hard logout, 70bf9761-d446-4c59-a8e3-2012591b9346)
2025-05-19 17:54:51.219 -04:00 [INF] Connection approved [d7ad71ef-c9b8-4a94-81d9-8deb501244d6].
2025-05-19 17:54:51.227 -04:00 [INF] Connected [d7ad71ef-c9b8-4a94-81d9-8deb501244d6].
2025-05-19 17:55:24.469 -04:00 [INF] Disconnected [d7ad71ef-c9b8-4a94-81d9-8deb501244d6].
2025-05-19 17:55:29.585 -04:00 [INF] [Player.CompleteLogout] Done saving Boss (hard logout, 70bf9761-d446-4c59-a8e3-2012591b9346)
2025-05-19 17:58:10.371 -04:00 [INF] Connection approved [97c337fd-4638-4142-88f1-57b9c4043c20].
2025-05-19 17:58:10.377 -04:00 [INF] Connected [97c337fd-4638-4142-88f1-57b9c4043c20].
2025-05-19 17:59:54.619 -04:00 [INF] Disconnected [97c337fd-4638-4142-88f1-57b9c4043c20].
2025-05-19 17:59:57.445 -04:00 [INF] [Player.CompleteLogout] Done saving Boss (hard logout, 70bf9761-d446-4c59-a8e3-2012591b9346)
2025-05-19 18:05:51.465 -04:00 [INF] Connection approved [6295b77f-477f-4fba-9426-940e751d2a95].
2025-05-19 18:05:51.475 -04:00 [INF] Connected [6295b77f-477f-4fba-9426-940e751d2a95].
2025-05-19 18:07:58.361 -04:00 [WRN] Successfully removed 1 items from slot Intersect.Server.Database.PlayerData.Players.InventorySlot for player 70bf9761-d446-4c59-a8e3-2012591b9346 at BuyItem(int slot, int amount)
2025-05-19 18:07:58.363 -04:00 [WRN] Successfully removed 1 items from slot Intersect.Server.Database.PlayerData.Players.InventorySlot for player 70bf9761-d446-4c59-a8e3-2012591b9346 at BuyItem(int slot, int amount)
2025-05-19 18:07:58.364 -04:00 [WRN] Successfully removed 1 items from slot Intersect.Server.Database.PlayerData.Players.InventorySlot for player 70bf9761-d446-4c59-a8e3-2012591b9346 at BuyItem(int slot, int amount)
2025-05-19 18:07:58.366 -04:00 [WRN] Successfully removed 1 items from slot Intersect.Server.Database.PlayerData.Players.InventorySlot for player 70bf9761-d446-4c59-a8e3-2012591b9346 at BuyItem(int slot, int amount)
2025-05-19 18:07:58.367 -04:00 [WRN] Successfully removed 1 items from slot Intersect.Server.Database.PlayerData.Players.InventorySlot for player 70bf9761-d446-4c59-a8e3-2012591b9346 at BuyItem(int slot, int amount)
2025-05-19 18:08:13.256 -04:00 [INF] Disconnected [6295b77f-477f-4fba-9426-940e751d2a95].
2025-05-19 18:08:13.257 -04:00 [INF] [Player.CompleteLogout] Done saving Boss (hard logout, 70bf9761-d446-4c59-a8e3-2012591b9346)
2025-05-19 18:10:18.844 -04:00 [INF] Connection approved [da4c7de9-15cb-4dae-802f-321e0e5b33ec].
2025-05-19 18:10:18.848 -04:00 [INF] Connected [da4c7de9-15cb-4dae-802f-321e0e5b33ec].
2025-05-19 18:27:56.035 -04:00 [INF] Disconnected [da4c7de9-15cb-4dae-802f-321e0e5b33ec].
2025-05-19 18:27:56.040 -04:00 [INF] [Player.CompleteLogout] Done saving Boss (hard logout, 70bf9761-d446-4c59-a8e3-2012591b9346)
2025-05-19 18:53:30.633 -04:00 [INF] Disconnected [4de36b72-04b3-4ec5-a694-19efaae706da].
2025-05-19 18:53:47.420 -04:00 [INF] Connection approved [2c2b6b2c-7bec-4f2f-9ca6-423fac813d6f].
2025-05-19 18:53:47.424 -04:00 [INF] Connected [2c2b6b2c-7bec-4f2f-9ca6-423fac813d6f].
2025-05-19 20:00:27.100 -04:00 [INF] Connection approved [03756ba9-fb4d-4fde-8e8d-4c842950f487].
2025-05-19 20:00:27.112 -04:00 [INF] Connected [03756ba9-fb4d-4fde-8e8d-4c842950f487].
2025-05-19 20:01:57.548 -04:00 [INF] Disconnected [03756ba9-fb4d-4fde-8e8d-4c842950f487].
2025-05-19 20:01:57.549 -04:00 [INF] [Player.CompleteLogout] Done saving Boss (hard logout, 70bf9761-d446-4c59-a8e3-2012591b9346)
2025-05-19 20:06:49.184 -04:00 [INF] Disconnected [2c2b6b2c-7bec-4f2f-9ca6-423fac813d6f].
