2026-06-03 18:03:35.008 -04:00 [INF] Starting Intersect Server v0.8.0.545-beta+cbc0cf74f8509896dccc5ead8febbfb9f398c715
2026-06-03 18:03:35.484 -04:00 [INF] Creating game context using SQLite...
2026-06-03 18:03:37.363 -04:00 [INF] Creating player context using SQLite...
2026-06-03 18:03:37.892 -04:00 [INF] Creating logging context using SQLite...
2026-06-03 18:03:40.285 -04:00 [WRN] Finished validating map events on all maps, there were 0 missing events and 0 corrected events
2026-06-03 18:03:41.129 -04:00 [INF] Discovered service type: Intersect.Plugins.PluginService
2026-06-03 18:03:41.134 -04:00 [INF] Discovered service type: Intersect.Server.Core.LogicService
2026-06-03 18:03:41.138 -04:00 [INF] Discovered service type: Intersect.Server.Web.ApiService
2026-06-03 18:03:41.205 -04:00 [INF] Discovered service type: Intersect.Server.Core.ConsoleService
2026-06-03 18:03:41.275 -04:00 [WRN] Directory was specified as a plugin directory but does not exist: 'resources\plugins'
2026-06-03 18:03:41.350 -04:00 [INF] Discovered 0 plugins:

2026-06-03 18:03:43.195 -04:00 [INF] InvalidPortCheckerResponse
2026-06-03 18:03:43.208 -04:00 [INF] Port 5400 is not open, trying UPnP...
2026-06-03 18:03:48.229 -04:00 [ERR] UPnP Service Initialization Failed. You might not have a router, or UPnP on your router might be disabled.
Open.Nat.NatDeviceNotFoundException: Exception of type 'Open.Nat.NatDeviceNotFoundException' was thrown.
   at Open.Nat.NatDiscoverer.DiscoverDeviceAsync(PortMapper portMapper, CancellationTokenSource cancellationTokenSource)
   at Intersect.Server.Networking.Helpers.UpnP.ConnectNatDevice() in D:\a\Intersect-Engine\Intersect-Engine\Intersect.Server\Networking\Helpers\UPnP.cs:line 26
2026-06-03 18:03:48.262 -04:00 [WRN] UPnP failed. Please verify the server status manually using a client.
2026-06-03 18:03:48.342 -04:00 [INF] Unpacking appsettings...
2026-06-03 18:03:48.532 -04:00 [INF] Launching Intersect REST API in 'Production' mode...
2026-06-03 18:03:59.026 -04:00 [INF] Connection approved [2730af19-272f-400f-b7bd-332f8a46ba27].
2026-06-03 18:03:59.028 -04:00 [INF] Connected [2730af19-272f-400f-b7bd-332f8a46ba27].
2026-06-03 18:03:59.056 -04:00 [ERR] Error decrypting cipherdata
System.Security.Cryptography.AuthenticationTagMismatchException: The computed authentication tag did not match the input authentication tag.
   at System.Security.Cryptography.AeadCommon.Decrypt(SafeKeyHandle keyHandle, ReadOnlySpan`1 nonce, ReadOnlySpan`1 associatedData, ReadOnlySpan`1 ciphertext, ReadOnlySpan`1 tag, Span`1 plaintext, Boolean clearPlaintextOnFailure)
   at System.Security.Cryptography.AesGcm.Decrypt(ReadOnlySpan`1 nonce, ReadOnlySpan`1 ciphertext, ReadOnlySpan`1 tag, Span`1 plaintext, ReadOnlySpan`1 associatedData)
   at Intersect.Network.LiteNetLib.AesGcmAlgorithm.TryDecrypt(ReadOnlySpan`1 cipherdata, ReadOnlySpan`1& plaindata) in D:\a\Intersect-Engine\Intersect-Engine\Intersect.Network\LiteNetLib\AesGcmAlgorithm.cs:line 187
2026-06-03 18:03:59.059 -04:00 [WRN] SDER: 2730af19-272f-400f-b7bd-332f8a46ba27 Error
2026-06-03 18:03:59.060 -04:00 [WRN] FPIM: 127.0.0.1:59813 / 2730af19-272f-400f-b7bd-332f8a46ba27
2026-06-03 18:22:27.132 -04:00 [INF] Disconnected [2730af19-272f-400f-b7bd-332f8a46ba27].
