2026-05-29 19:08:54.713 -04:00 [INF] Starting Intersect Server v0.8.0.545-beta+cbc0cf74f8509896dccc5ead8febbfb9f398c715
2026-05-29 19:08:55.242 -04:00 [INF] Creating game context using SQLite...
2026-05-29 19:08:58.168 -04:00 [INF] Creating player context using SQLite...
2026-05-29 19:08:58.565 -04:00 [INF] Creating logging context using SQLite...
2026-05-29 19:08:59.933 -04:00 [WRN] Finished validating map events on all maps, there were 0 missing events and 0 corrected events
2026-05-29 19:09:00.478 -04:00 [INF] Discovered service type: Intersect.Plugins.PluginService
2026-05-29 19:09:01.313 -04:00 [INF] Discovered service type: Intersect.Server.Core.LogicService
2026-05-29 19:09:01.317 -04:00 [INF] Discovered service type: Intersect.Server.Web.ApiService
2026-05-29 19:09:01.365 -04:00 [INF] Discovered service type: Intersect.Server.Core.ConsoleService
2026-05-29 19:09:01.392 -04:00 [WRN] Directory was specified as a plugin directory but does not exist: 'resources\plugins'
2026-05-29 19:09:01.394 -04:00 [INF] Discovered 0 plugins:

2026-05-29 19:09:03.166 -04:00 [INF] InvalidPortCheckerResponse
2026-05-29 19:09:03.182 -04:00 [INF] Port 5400 is not open, trying UPnP...
2026-05-29 19:09:08.199 -04:00 [ERR] UPnP Service Initialization Failed. You might not have a router, or UPnP on your router might be disabled.
Open.Nat.NatDeviceNotFoundException: Exception of type 'Open.Nat.NatDeviceNotFoundException' was thrown.
   at Open.Nat.NatDiscoverer.DiscoverDeviceAsync(PortMapper portMapper, CancellationTokenSource cancellationTokenSource)
   at Intersect.Server.Networking.Helpers.UpnP.ConnectNatDevice() in D:\a\Intersect-Engine\Intersect-Engine\Intersect.Server\Networking\Helpers\UPnP.cs:line 26
2026-05-29 19:09:08.213 -04:00 [WRN] UPnP failed. Please verify the server status manually using a client.
2026-05-29 19:09:08.283 -04:00 [INF] Unpacking appsettings...
2026-05-29 19:09:08.467 -04:00 [INF] Launching Intersect REST API in 'Production' mode...
2026-05-29 19:37:17.178 -04:00 [INF] Connection approved [acc25960-ede2-46ff-a6c5-79e7f14e67be].
2026-05-29 19:37:17.181 -04:00 [INF] Connected [acc25960-ede2-46ff-a6c5-79e7f14e67be].
2026-05-29 19:37:21.964 -04:00 [INF] Disconnected [acc25960-ede2-46ff-a6c5-79e7f14e67be].
2026-05-29 19:42:42.539 -04:00 [INF] Connection approved [ea4e6444-8de9-4d7f-be0b-e5d50324e96b].
2026-05-29 19:42:42.595 -04:00 [INF] Connected [ea4e6444-8de9-4d7f-be0b-e5d50324e96b].
2026-05-29 19:43:03.741 -04:00 [INF] Disconnected [ea4e6444-8de9-4d7f-be0b-e5d50324e96b].
2026-05-29 19:43:03.826 -04:00 [INF] [Player.CompleteLogout] Done saving Boss (hard logout, 8b3fc63e-6177-49a7-a9ee-49fdb7919a17)
2026-05-29 20:13:36.219 -04:00 [INF] Connection approved [1f2e3ca3-c7e9-4616-894c-ad4943ae6ae2].
2026-05-29 20:13:36.224 -04:00 [INF] Connected [1f2e3ca3-c7e9-4616-894c-ad4943ae6ae2].
2026-05-29 20:13:58.440 -04:00 [INF] Disconnected [1f2e3ca3-c7e9-4616-894c-ad4943ae6ae2].
2026-05-29 20:13:58.443 -04:00 [INF] [Player.CompleteLogout] Done saving Boss (hard logout, 8b3fc63e-6177-49a7-a9ee-49fdb7919a17)
2026-05-29 20:14:07.952 -04:00 [INF] Connection approved [f3b9fbcf-fe97-46fc-a7a4-15292f6dd044].
2026-05-29 20:14:07.954 -04:00 [INF] Connected [f3b9fbcf-fe97-46fc-a7a4-15292f6dd044].
2026-05-29 21:05:18.721 -04:00 [INF] Disconnected [f3b9fbcf-fe97-46fc-a7a4-15292f6dd044].
2026-05-29 21:07:07.343 -04:00 [INF] Connection approved [8f270228-3b6f-4cb7-9a5f-ee7986aa8a7f].
2026-05-29 21:07:07.348 -04:00 [INF] Connected [8f270228-3b6f-4cb7-9a5f-ee7986aa8a7f].
2026-05-29 21:07:38.571 -04:00 [INF] Disconnected [8f270228-3b6f-4cb7-9a5f-ee7986aa8a7f].
2026-05-29 21:07:38.580 -04:00 [INF] [Player.CompleteLogout] Done saving Boss (hard logout, 8b3fc63e-6177-49a7-a9ee-49fdb7919a17)
2026-05-29 21:08:22.219 -04:00 [INF] Connection approved [40afa61f-5fd6-477c-adaa-e55b937b53c5].
2026-05-29 21:08:22.221 -04:00 [INF] Connected [40afa61f-5fd6-477c-adaa-e55b937b53c5].
2026-05-29 21:08:36.183 -04:00 [INF] Disconnected [40afa61f-5fd6-477c-adaa-e55b937b53c5].
2026-05-29 21:08:36.295 -04:00 [INF] [Player.CompleteLogout] Done saving Boss (hard logout, 8b3fc63e-6177-49a7-a9ee-49fdb7919a17)
2026-05-29 21:14:13.220 -04:00 [INF] Connection approved [b7ea117f-cd74-4292-aa83-213fcdf5b327].
2026-05-29 21:14:13.221 -04:00 [INF] Connected [b7ea117f-cd74-4292-aa83-213fcdf5b327].
2026-05-29 21:14:13.228 -04:00 [ERR] Error decrypting cipherdata
System.Security.Cryptography.AuthenticationTagMismatchException: The computed authentication tag did not match the input authentication tag.
   at System.Security.Cryptography.AeadCommon.Decrypt(SafeKeyHandle keyHandle, ReadOnlySpan`1 nonce, ReadOnlySpan`1 associatedData, ReadOnlySpan`1 ciphertext, ReadOnlySpan`1 tag, Span`1 plaintext, Boolean clearPlaintextOnFailure)
   at Intersect.Network.LiteNetLib.AesGcmAlgorithm.TryDecrypt(ReadOnlySpan`1 cipherdata, ReadOnlySpan`1& plaindata) in D:\a\Intersect-Engine\Intersect-Engine\Intersect.Network\LiteNetLib\AesGcmAlgorithm.cs:line 187
2026-05-29 21:14:13.234 -04:00 [WRN] SDER: b7ea117f-cd74-4292-aa83-213fcdf5b327 Error
2026-05-29 21:14:13.235 -04:00 [WRN] FPIM: 127.0.0.1:50205 / b7ea117f-cd74-4292-aa83-213fcdf5b327
2026-05-29 21:45:45.490 -04:00 [INF] Disconnected [b7ea117f-cd74-4292-aa83-213fcdf5b327].
2026-05-29 21:45:58.663 -04:00 [INF] Connection approved [4760bc1d-7489-4208-b592-1abd8c4b692e].
2026-05-29 21:45:58.674 -04:00 [INF] Connected [4760bc1d-7489-4208-b592-1abd8c4b692e].
2026-05-29 21:46:56.794 -04:00 [INF] Connection approved [03b3faef-1b78-43ea-9cea-e5f46a9004e1].
2026-05-29 21:46:56.799 -04:00 [INF] Connected [03b3faef-1b78-43ea-9cea-e5f46a9004e1].
2026-05-29 21:47:30.235 -04:00 [INF] Disconnected [03b3faef-1b78-43ea-9cea-e5f46a9004e1].
2026-05-29 21:47:30.239 -04:00 [INF] [Player.CompleteLogout] Done saving Boss (hard logout, 8b3fc63e-6177-49a7-a9ee-49fdb7919a17)
2026-05-29 21:53:54.069 -04:00 [INF] Disconnected [4760bc1d-7489-4208-b592-1abd8c4b692e].
