2026-05-28 18:52:46.428 -04:00 [INF] Starting Intersect Server v0.8.0.545-beta+cbc0cf74f8509896dccc5ead8febbfb9f398c715
2026-05-28 18:52:46.936 -04:00 [INF] Creating game context using SQLite...
2026-05-28 18:52:48.297 -04:00 [INF] Creating player context using SQLite...
2026-05-28 18:52:48.623 -04:00 [INF] Creating logging context using SQLite...
2026-05-28 18:52:50.342 -04:00 [WRN] Finished validating map events on all maps, there were 0 missing events and 0 corrected events
2026-05-28 18:52:51.134 -04:00 [INF] Discovered service type: Intersect.Plugins.PluginService
2026-05-28 18:52:51.139 -04:00 [INF] Discovered service type: Intersect.Server.Core.LogicService
2026-05-28 18:52:51.142 -04:00 [INF] Discovered service type: Intersect.Server.Web.ApiService
2026-05-28 18:52:51.181 -04:00 [INF] Discovered service type: Intersect.Server.Core.ConsoleService
2026-05-28 18:52:51.211 -04:00 [WRN] Directory was specified as a plugin directory but does not exist: 'resources\plugins'
2026-05-28 18:52:51.214 -04:00 [INF] Discovered 0 plugins:

2026-05-28 18:52:52.708 -04:00 [INF] InvalidPortCheckerResponse
2026-05-28 18:52:52.725 -04:00 [INF] Port 5400 is not open, trying UPnP...
2026-05-28 18:52:57.743 -04:00 [ERR] UPnP Service Initialization Failed. You might not have a router, or UPnP on your router might be disabled.
Open.Nat.NatDeviceNotFoundException: Exception of type 'Open.Nat.NatDeviceNotFoundException' was thrown.
   at Open.Nat.NatDiscoverer.DiscoverDeviceAsync(PortMapper portMapper, CancellationTokenSource cancellationTokenSource)
   at Intersect.Server.Networking.Helpers.UpnP.ConnectNatDevice() in D:\a\Intersect-Engine\Intersect-Engine\Intersect.Server\Networking\Helpers\UPnP.cs:line 26
2026-05-28 18:52:57.754 -04:00 [WRN] UPnP failed. Please verify the server status manually using a client.
2026-05-28 18:52:57.816 -04:00 [INF] Unpacking appsettings...
2026-05-28 18:52:57.950 -04:00 [INF] Launching Intersect REST API in 'Production' mode...
2026-05-28 18:53:15.204 -04:00 [INF] Connection approved [7a0eef97-47a5-44b6-9120-b7acee5939f8].
2026-05-28 18:53:15.206 -04:00 [INF] Connected [7a0eef97-47a5-44b6-9120-b7acee5939f8].
2026-05-28 18:53:49.346 -04:00 [INF] Connection approved [378c4d6c-8237-4bad-934e-7ea9f882549d].
2026-05-28 18:53:49.354 -04:00 [INF] Connected [378c4d6c-8237-4bad-934e-7ea9f882549d].
