2026-06-06 20:38:39.605 -05:00 [INF] Starting Intersect Server v0.8.0.545-beta+cbc0cf74f8509896dccc5ead8febbfb9f398c715
2026-06-06 20:38:40.248 -05:00 [INF] Creating game context using SQLite...
2026-06-06 20:38:41.939 -05:00 [INF] Creating player context using SQLite...
2026-06-06 20:38:42.373 -05:00 [INF] Creating logging context using SQLite...
2026-06-06 20:38:44.326 -05:00 [WRN] Finished validating map events on all maps, there were 0 missing events and 0 corrected events
2026-06-06 20:38:45.307 -05:00 [INF] Discovered service type: Intersect.Plugins.PluginService
2026-06-06 20:38:45.312 -05:00 [INF] Discovered service type: Intersect.Server.Core.LogicService
2026-06-06 20:38:45.315 -05:00 [INF] Discovered service type: Intersect.Server.Web.ApiService
2026-06-06 20:38:45.358 -05:00 [INF] Discovered service type: Intersect.Server.Core.ConsoleService
2026-06-06 20:38:45.389 -05:00 [WRN] Directory was specified as a plugin directory but does not exist: 'resources\plugins'
2026-06-06 20:38:45.391 -05:00 [INF] Discovered 0 plugins:

2026-06-06 20:38:46.971 -05:00 [INF] InvalidPortCheckerResponse
2026-06-06 20:38:46.985 -05:00 [INF] Port 5400 is not open, trying UPnP...
2026-06-06 20:38:51.993 -05:00 [ERR] UPnP Service Initialization Failed. You might not have a router, or UPnP on your router might be disabled.
Open.Nat.NatDeviceNotFoundException: Exception of type 'Open.Nat.NatDeviceNotFoundException' was thrown.
   at Open.Nat.NatDiscoverer.DiscoverDeviceAsync(PortMapper portMapper, CancellationTokenSource cancellationTokenSource)
   at Intersect.Server.Networking.Helpers.UpnP.ConnectNatDevice() in D:\a\Intersect-Engine\Intersect-Engine\Intersect.Server\Networking\Helpers\UPnP.cs:line 26
2026-06-06 20:38:52.011 -05:00 [WRN] UPnP failed. Please verify the server status manually using a client.
2026-06-06 20:38:52.092 -05:00 [INF] Unpacking appsettings...
2026-06-06 20:38:52.282 -05:00 [INF] Launching Intersect REST API in 'Production' mode...
2026-06-06 20:39:29.040 -05:00 [INF] Connection approved [0e4cc2a1-07a4-46d4-8ee6-7489d125d337].
2026-06-06 20:39:29.046 -05:00 [INF] Connected [0e4cc2a1-07a4-46d4-8ee6-7489d125d337].
2026-06-06 20:41:51.223 -05:00 [INF] Disconnected [0e4cc2a1-07a4-46d4-8ee6-7489d125d337].
2026-06-06 20:41:51.385 -05:00 [INF] [Player.CompleteLogout] Done saving Boss (hard logout, 1792d26f-30d1-4220-bc4a-fe57b2cca5f4)
2026-06-06 20:41:51.529 -05:00 [INF] [Player.CompleteLogout] Done saving Boss (hard logout, 1792d26f-30d1-4220-bc4a-fe57b2cca5f4)
