2025-05-21 15:25:40.978 -04:00 [INF] Starting Intersect Server v0.8.0.545-beta+cbc0cf74f8509896dccc5ead8febbfb9f398c715
2025-05-21 15:25:41.301 -04:00 [INF] Creating game context using SQLite...
2025-05-21 15:25:43.084 -04:00 [INF] Creating player context using SQLite...
2025-05-21 15:25:43.914 -04:00 [INF] Creating logging context using SQLite...
2025-05-21 15:25:46.779 -04:00 [WRN] Finished validating map events on all maps, there were 0 missing events and 0 corrected events
2025-05-21 15:25:47.912 -04:00 [INF] Discovered service type: Intersect.Plugins.PluginService
2025-05-21 15:25:47.914 -04:00 [INF] Discovered service type: Intersect.Server.Core.LogicService
2025-05-21 15:25:47.917 -04:00 [INF] Discovered service type: Intersect.Server.Web.ApiService
2025-05-21 15:25:47.984 -04:00 [INF] Discovered service type: Intersect.Server.Core.ConsoleService
2025-05-21 15:25:48.031 -04:00 [WRN] Directory was specified as a plugin directory but does not exist: 'resources\plugins'
2025-05-21 15:25:48.032 -04:00 [INF] Discovered 0 plugins:

2025-05-21 15:25:49.623 -04:00 [INF] InvalidPortCheckerResponse
2025-05-21 15:25:49.633 -04:00 [INF] Port 5400 is not open, trying UPnP...
2025-05-21 15:25:54.648 -04:00 [ERR] UPnP Service Initialization Failed. You might not have a router, or UPnP on your router might be disabled.
Open.Nat.NatDeviceNotFoundException: Exception of type 'Open.Nat.NatDeviceNotFoundException' was thrown.
   at Open.Nat.NatDiscoverer.DiscoverDeviceAsync(PortMapper portMapper, CancellationTokenSource cancellationTokenSource)
   at Intersect.Server.Networking.Helpers.UpnP.ConnectNatDevice() in D:\a\Intersect-Engine\Intersect-Engine\Intersect.Server\Networking\Helpers\UPnP.cs:line 26
2025-05-21 15:25:54.670 -04:00 [WRN] UPnP failed. Please verify the server status manually using a client.
2025-05-21 15:25:54.778 -04:00 [INF] Unpacking appsettings...
2025-05-21 15:25:55.024 -04:00 [INF] Launching Intersect REST API in 'Production' mode...
2025-05-21 15:56:46.050 -04:00 [INF] Connection approved [af8efbb7-ae3e-45ec-85e5-d3369120e90c].
2025-05-21 15:56:46.053 -04:00 [INF] Connected [af8efbb7-ae3e-45ec-85e5-d3369120e90c].
2025-05-21 15:57:34.460 -04:00 [INF] Connection approved [9a83d803-f090-43d7-bff7-39a4ba39dd4a].
2025-05-21 15:57:34.466 -04:00 [INF] Connected [9a83d803-f090-43d7-bff7-39a4ba39dd4a].
2025-05-21 15:58:00.762 -04:00 [INF] Disconnected [9a83d803-f090-43d7-bff7-39a4ba39dd4a].
2025-05-21 15:58:00.780 -04:00 [INF] [Player.CompleteLogout] Done saving Boss (hard logout, 70bf9761-d446-4c59-a8e3-2012591b9346)
2025-05-21 15:58:25.567 -04:00 [INF] Disconnected [af8efbb7-ae3e-45ec-85e5-d3369120e90c].
2025-05-21 15:59:10.265 -04:00 [INF] Connection approved [62eab0af-f90f-4d01-b9a7-2d3f9f4cba42].
2025-05-21 15:59:10.266 -04:00 [INF] Connected [62eab0af-f90f-4d01-b9a7-2d3f9f4cba42].
2025-05-21 15:59:32.303 -04:00 [INF] Connection approved [b8b17802-ce8f-4a8c-8cef-ed40313e1bfa].
2025-05-21 15:59:32.331 -04:00 [INF] Connected [b8b17802-ce8f-4a8c-8cef-ed40313e1bfa].
2025-05-21 16:00:17.789 -04:00 [INF] Disconnected [b8b17802-ce8f-4a8c-8cef-ed40313e1bfa].
2025-05-21 16:00:17.791 -04:00 [INF] [Player.CompleteLogout] Done saving Boss (hard logout, 70bf9761-d446-4c59-a8e3-2012591b9346)
2025-05-21 16:01:50.358 -04:00 [INF] Connection approved [636cec6e-fb59-4359-b54b-e2ac07c5c951].
2025-05-21 16:01:50.366 -04:00 [INF] Connected [636cec6e-fb59-4359-b54b-e2ac07c5c951].
2025-05-21 16:02:47.629 -04:00 [INF] Disconnected [636cec6e-fb59-4359-b54b-e2ac07c5c951].
2025-05-21 16:02:47.631 -04:00 [INF] [Player.CompleteLogout] Done saving Boss (hard logout, 70bf9761-d446-4c59-a8e3-2012591b9346)
2025-05-21 16:15:56.070 -04:00 [INF] Disconnected [62eab0af-f90f-4d01-b9a7-2d3f9f4cba42].
2025-05-21 16:16:04.117 -04:00 [INF] Connection approved [050917bb-a48b-4b95-81d4-5ac21bf294c7].
2025-05-21 16:16:04.118 -04:00 [INF] Connected [050917bb-a48b-4b95-81d4-5ac21bf294c7].
2025-05-21 16:19:38.920 -04:00 [INF] Connection approved [4e76797e-d1ac-4d8f-bc03-6c850c791705].
2025-05-21 16:19:38.940 -04:00 [INF] Connected [4e76797e-d1ac-4d8f-bc03-6c850c791705].
2025-05-21 16:20:32.478 -04:00 [INF] Disconnected [4e76797e-d1ac-4d8f-bc03-6c850c791705].
2025-05-21 16:20:32.480 -04:00 [INF] [Player.CompleteLogout] Done saving Boss (hard logout, 70bf9761-d446-4c59-a8e3-2012591b9346)
2025-05-21 16:20:35.576 -04:00 [INF] Disconnected [050917bb-a48b-4b95-81d4-5ac21bf294c7].
2025-05-21 16:24:37.405 -04:00 [INF] Connection approved [05b6ba8c-d004-4b05-9bc9-393a303daf48].
2025-05-21 16:24:37.410 -04:00 [INF] Connected [05b6ba8c-d004-4b05-9bc9-393a303daf48].
2025-05-21 16:25:05.297 -04:00 [INF] Connection approved [e92cc60b-b2fe-4e0e-b5e8-cc94f10e02b8].
2025-05-21 16:25:05.303 -04:00 [INF] Connected [e92cc60b-b2fe-4e0e-b5e8-cc94f10e02b8].
2025-05-21 16:25:54.642 -04:00 [INF] Disconnected [e92cc60b-b2fe-4e0e-b5e8-cc94f10e02b8].
2025-05-21 16:25:54.644 -04:00 [INF] [Player.CompleteLogout] Done saving Boss (hard logout, 70bf9761-d446-4c59-a8e3-2012591b9346)
2025-05-21 16:46:41.533 -04:00 [INF] Disconnected [05b6ba8c-d004-4b05-9bc9-393a303daf48].
2025-05-21 16:46:46.276 -04:00 [INF] Connection approved [d9483b04-b91c-490d-9b2d-66113f63e9f5].
2025-05-21 16:46:46.279 -04:00 [INF] Connected [d9483b04-b91c-490d-9b2d-66113f63e9f5].
2025-05-21 16:47:18.548 -04:00 [INF] Disconnected [d9483b04-b91c-490d-9b2d-66113f63e9f5].
2025-05-21 16:52:13.184 -04:00 [INF] Connection approved [359bbaf5-3161-442d-b5d8-83a4511738e3].
2025-05-21 16:52:13.189 -04:00 [INF] Connected [359bbaf5-3161-442d-b5d8-83a4511738e3].
2025-05-21 18:15:48.809 -04:00 [INF] Connection approved [4f2ae34c-8591-4ddf-9fe4-ec6e5ba95a01].
2025-05-21 18:15:48.820 -04:00 [INF] Connected [4f2ae34c-8591-4ddf-9fe4-ec6e5ba95a01].
2025-05-21 18:16:43.712 -04:00 [INF] Disconnected [4f2ae34c-8591-4ddf-9fe4-ec6e5ba95a01].
2025-05-21 18:16:43.713 -04:00 [INF] [Player.CompleteLogout] Done saving Boss (hard logout, 70bf9761-d446-4c59-a8e3-2012591b9346)
2025-05-21 19:33:42.643 -04:00 [INF] Connection approved [61a62deb-f8f4-4f19-ae03-9b827c092bf7].
2025-05-21 19:33:42.655 -04:00 [INF] Connected [61a62deb-f8f4-4f19-ae03-9b827c092bf7].
2025-05-21 19:37:40.625 -04:00 [INF] Disconnected [61a62deb-f8f4-4f19-ae03-9b827c092bf7].
2025-05-21 19:37:42.638 -04:00 [INF] Connection approved [716fa89d-e6a2-46c4-981e-fe4c148150c2].
2025-05-21 19:37:42.639 -04:00 [INF] Connected [716fa89d-e6a2-46c4-981e-fe4c148150c2].
2025-05-21 19:37:46.689 -04:00 [INF] [Player.CompleteLogout] Done saving Boss (soft logout, 70bf9761-d446-4c59-a8e3-2012591b9346)
2025-05-21 19:38:19.534 -04:00 [INF] [Player.CompleteLogout] Done saving Boss (soft logout, 78884ee8-e361-4f42-8b34-292893c6e494)
2025-05-21 19:39:36.742 -04:00 [INF] Disconnected [716fa89d-e6a2-46c4-981e-fe4c148150c2].
2025-05-21 19:39:36.743 -04:00 [INF] [Player.CompleteLogout] Done saving Boss (hard logout, 13246059-6db7-4423-8925-cb4bfe5fbbe3)
2025-05-21 19:47:26.470 -04:00 [INF] Connection approved [b09a003a-eb2b-4bad-b027-ef59a1faf3c8].
2025-05-21 19:47:26.473 -04:00 [INF] Connected [b09a003a-eb2b-4bad-b027-ef59a1faf3c8].
2025-05-21 19:49:26.803 -04:00 [INF] Disconnected [b09a003a-eb2b-4bad-b027-ef59a1faf3c8].
2025-05-21 19:49:26.806 -04:00 [INF] [Player.CompleteLogout] Done saving Boss (hard logout, 13246059-6db7-4423-8925-cb4bfe5fbbe3)
2025-05-21 20:50:48.722 -04:00 [INF] Connection approved [e6fe8e07-df93-420e-a3b7-0127c30f56f2].
2025-05-21 20:50:48.758 -04:00 [INF] Connected [e6fe8e07-df93-420e-a3b7-0127c30f56f2].
2025-05-21 20:53:00.167 -04:00 [INF] Disconnected [e6fe8e07-df93-420e-a3b7-0127c30f56f2].
2025-05-21 20:53:00.176 -04:00 [INF] [Player.CompleteLogout] Done saving Boss (hard logout, 13246059-6db7-4423-8925-cb4bfe5fbbe3)
2025-05-21 21:05:55.063 -04:00 [INF] Connection approved [f3c2023c-0a1b-48fe-bee5-6821a3ea564e].
2025-05-21 21:05:55.071 -04:00 [INF] Connected [f3c2023c-0a1b-48fe-bee5-6821a3ea564e].
2025-05-21 21:11:59.369 -04:00 [INF] [Player.CompleteLogout] Done saving Boss (hard logout, 13246059-6db7-4423-8925-cb4bfe5fbbe3)
2025-05-21 21:11:59.407 -04:00 [INF] Disconnected [f3c2023c-0a1b-48fe-bee5-6821a3ea564e].
2025-05-21 21:12:04.508 -04:00 [INF] Connection approved [82170cd8-7d7d-47f5-ba58-ef259f65794a].
2025-05-21 21:12:04.510 -04:00 [INF] Connected [82170cd8-7d7d-47f5-ba58-ef259f65794a].
2025-05-21 21:12:11.929 -04:00 [INF] Disconnected [82170cd8-7d7d-47f5-ba58-ef259f65794a].
2025-05-21 21:15:18.724 -04:00 [INF] Connection approved [dbada67a-1aba-4ca5-824f-0547183fdc05].
2025-05-21 21:15:18.726 -04:00 [INF] Connected [dbada67a-1aba-4ca5-824f-0547183fdc05].
2025-05-21 21:16:37.966 -04:00 [INF] Disconnected [dbada67a-1aba-4ca5-824f-0547183fdc05].
2025-05-21 21:16:37.969 -04:00 [INF] [Player.CompleteLogout] Done saving Boss (hard logout, d86714b3-de9b-4128-813f-38202173fc95)
2025-05-21 21:17:22.205 -04:00 [INF] Disconnected [359bbaf5-3161-442d-b5d8-83a4511738e3].
