2026-06-10 18:39:22.969 -04:00 [INF] Starting Intersect Server v0.8.0.545-beta+cbc0cf74f8509896dccc5ead8febbfb9f398c715
2026-06-10 18:39:23.716 -04:00 [INF] Creating game context using SQLite...
2026-06-10 18:39:26.763 -04:00 [INF] Creating player context using SQLite...
2026-06-10 18:39:27.436 -04:00 [INF] Creating logging context using SQLite...
2026-06-10 18:39:30.317 -04:00 [WRN] Finished validating map events on all maps, there were 0 missing events and 0 corrected events
2026-06-10 18:39:31.234 -04:00 [INF] Discovered service type: Intersect.Plugins.PluginService
2026-06-10 18:39:31.240 -04:00 [INF] Discovered service type: Intersect.Server.Core.LogicService
2026-06-10 18:39:31.245 -04:00 [INF] Discovered service type: Intersect.Server.Web.ApiService
2026-06-10 18:39:31.307 -04:00 [INF] Discovered service type: Intersect.Server.Core.ConsoleService
2026-06-10 18:39:31.352 -04:00 [WRN] Directory was specified as a plugin directory but does not exist: 'resources\plugins'
2026-06-10 18:39:31.353 -04:00 [INF] Discovered 0 plugins:

2026-06-10 18:39:41.442 -04:00 [INF] The AscensionGameDev port checker server encountered an error and this server may or may not be accessible from the outside world. Try to connect with the client to verify.
2026-06-10 18:39:41.445 -04:00 [INF] Port 5400 is not open, trying UPnP...
2026-06-10 18:39:46.456 -04:00 [ERR] UPnP Service Initialization Failed. You might not have a router, or UPnP on your router might be disabled.
Open.Nat.NatDeviceNotFoundException: Exception of type 'Open.Nat.NatDeviceNotFoundException' was thrown.
   at Open.Nat.NatDiscoverer.DiscoverDeviceAsync(PortMapper portMapper, CancellationTokenSource cancellationTokenSource)
   at Intersect.Server.Networking.Helpers.UpnP.ConnectNatDevice() in D:\a\Intersect-Engine\Intersect-Engine\Intersect.Server\Networking\Helpers\UPnP.cs:line 26
2026-06-10 18:39:46.470 -04:00 [WRN] UPnP failed. Please verify the server status manually using a client.
2026-06-10 18:39:46.549 -04:00 [INF] Unpacking appsettings...
2026-06-10 18:39:46.733 -04:00 [INF] Launching Intersect REST API in 'Production' mode...
2026-06-10 18:40:18.304 -04:00 [INF] Connection approved [ae9ce944-9fe5-41b7-b851-a5299eb7cfcd].
2026-06-10 18:40:18.306 -04:00 [INF] Connected [ae9ce944-9fe5-41b7-b851-a5299eb7cfcd].
2026-06-10 18:54:28.023 -04:00 [INF] Disconnected [ae9ce944-9fe5-41b7-b851-a5299eb7cfcd].
