2026-05-28 18:43:27.086 -04:00 [INF] Starting Intersect Server v0.8.0.545-beta+cbc0cf74f8509896dccc5ead8febbfb9f398c715
2026-05-28 18:43:27.605 -04:00 [INF] Creating game context using SQLite...
2026-05-28 18:43:29.164 -04:00 [INF] Creating player context using SQLite...
2026-05-28 18:43:29.538 -04:00 [INF] Creating logging context using SQLite...
2026-05-28 18:43:30.897 -04:00 [WRN] Finished validating map events on all maps, there were 0 missing events and 0 corrected events
2026-05-28 18:43:31.432 -04:00 [INF] Discovered service type: Intersect.Plugins.PluginService
2026-05-28 18:43:31.437 -04:00 [INF] Discovered service type: Intersect.Server.Core.LogicService
2026-05-28 18:43:31.440 -04:00 [INF] Discovered service type: Intersect.Server.Web.ApiService
2026-05-28 18:43:31.479 -04:00 [INF] Discovered service type: Intersect.Server.Core.ConsoleService
2026-05-28 18:43:31.511 -04:00 [WRN] Directory was specified as a plugin directory but does not exist: 'resources\plugins'
2026-05-28 18:43:31.513 -04:00 [INF] Discovered 0 plugins:

2026-05-28 18:43:33.051 -04:00 [INF] InvalidPortCheckerResponse
2026-05-28 18:43:33.073 -04:00 [INF] Port 5400 is not open, trying UPnP...
2026-05-28 18:43:38.082 -04:00 [ERR] UPnP Service Initialization Failed. You might not have a router, or UPnP on your router might be disabled.
Open.Nat.NatDeviceNotFoundException: Exception of type 'Open.Nat.NatDeviceNotFoundException' was thrown.
   at Open.Nat.NatDiscoverer.DiscoverDeviceAsync(PortMapper portMapper, CancellationTokenSource cancellationTokenSource)
   at Intersect.Server.Networking.Helpers.UpnP.ConnectNatDevice() in D:\a\Intersect-Engine\Intersect-Engine\Intersect.Server\Networking\Helpers\UPnP.cs:line 26
2026-05-28 18:43:38.104 -04:00 [WRN] UPnP failed. Please verify the server status manually using a client.
2026-05-28 18:43:38.203 -04:00 [INF] Unpacking appsettings...
2026-05-28 18:43:38.431 -04:00 [INF] Launching Intersect REST API in 'Production' mode...
2026-05-28 18:43:38.907 -04:00 [INF] Connection approved [332329fc-b189-477e-9014-95c346162499].
2026-05-28 18:43:38.909 -04:00 [INF] Connected [332329fc-b189-477e-9014-95c346162499].
